TN:
SF:components\ui\accordion.tsx
FNF:0
FNH:0
DA:3,0
DA:4,0
DA:5,0
DA:7,0
DA:9,0
DA:21,0
DA:41,0
DA:56,0
DA:58,0
LF:9
LH:0
BRF:0
BRH:0
end_of_record
TN:
SF:components\ui\alert-dialog.tsx
FNF:0
FNH:0
DA:3,0
DA:4,0
DA:6,0
DA:7,0
DA:9,0
DA:11,0
DA:13,0
DA:28,0
DA:46,0
DA:60,0
DA:74,0
DA:86,0
DA:98,0
DA:111,0
DA:127,0
DA:130,0
DA:131,0
DA:132,0
DA:133,0
DA:134,0
DA:135,0
DA:136,0
DA:137,0
DA:138,0
DA:139,0
DA:140,0
LF:26
LH:0
BRF:0
BRH:0
end_of_record
TN:
SF:components\ui\alert.tsx
FNF:0
FNH:0
DA:1,0
DA:2,0
DA:4,0
DA:6,0
DA:33,0
DA:45,0
DA:57,0
DA:59,0
LF:8
LH:0
BRF:0
BRH:0
end_of_record
TN:
SF:components\ui\aspect-ratio.tsx
FNF:0
FNH:0
DA:3,0
DA:5,0
DA:7,0
LF:3
LH:0
BRF:0
BRH:0
end_of_record
TN:
SF:components\ui\avatar.tsx
FNF:0
FNH:0
DA:3,0
DA:4,0
DA:6,0
DA:21,0
DA:33,0
DA:48,0
DA:50,0
LF:7
LH:0
BRF:0
BRH:0
end_of_record
TN:
SF:components\ui\badge.tsx
FN:30,Badge
FNF:1
FNH:0
FNDA:0,Badge
DA:1,0
DA:2,0
DA:4,0
DA:6,0
DA:36,0
LF:5
LH:0
BRF:0
BRH:0
end_of_record
TN:
SF:components\ui\breadcrumb.tsx
FN:47,(anonymous_14)
FNF:1
FNH:0
FNDA:0,(anonymous_14)
DA:1,0
DA:2,0
DA:3,0
DA:5,0
DA:13,0
DA:28,0
DA:40,0
DA:42,0
DA:48,0
DA:58,0
DA:73,0
DA:89,0
DA:105,0
DA:108,0
DA:109,0
DA:110,0
DA:111,0
DA:112,0
DA:113,0
DA:114,0
LF:20
LH:0
BRDA:48,0,0,0
BRDA:48,0,1,0
BRDA:86,1,0,0
BRDA:86,1,1,0
BRF:4
BRH:0
end_of_record
TN:
SF:components\ui\button.tsx
FN:43,(anonymous_6)
FNF:1
FNH:0
FNDA:0,(anonymous_6)
DA:1,0
DA:2,0
DA:3,0
DA:5,0
DA:7,0
DA:42,0
DA:44,0
DA:54,0
DA:56,0
LF:9
LH:0
BRDA:43,0,0,0
BRDA:44,1,0,0
BRDA:44,1,1,0
BRF:3
BRH:0
end_of_record
TN:
SF:components\ui\calendar.tsx
FN:12,Calendar
FNF:1
FNH:0
FNDA:0,Calendar
DA:3,0
DA:5,0
DA:7,0
DA:8,0
DA:61,0
DA:63,0
LF:6
LH:0
BRDA:15,0,0,0
BRF:1
BRH:0
end_of_record
TN:
SF:components\ui\card.tsx
FNF:0
FNH:0
DA:1,0
DA:3,0
DA:18,0
DA:30,0
DA:45,0
DA:57,0
DA:65,0
DA:77,0
DA:79,0
LF:9
LH:0
BRF:0
BRH:0
end_of_record
TN:
SF:components\ui\carousel.tsx
FN:35,useCarousel
FN:49,(anonymous_11)
FN:71,(anonymous_12)
FN:80,(anonymous_13)
FN:84,(anonymous_14)
FN:89,(anonymous_15)
FN:101,(anonymous_16)
FN:109,(anonymous_17)
FN:118,(anonymous_18)
FN:156,(anonymous_19)
FN:178,(anonymous_20)
FN:200,(anonymous_21)
FN:229,(anonymous_22)
FNF:13
FNH:0
FNDA:0,useCarousel
FNDA:0,(anonymous_11)
FNDA:0,(anonymous_12)
FNDA:0,(anonymous_13)
FNDA:0,(anonymous_14)
FNDA:0,(anonymous_15)
FNDA:0,(anonymous_16)
FNDA:0,(anonymous_17)
FNDA:0,(anonymous_18)
FNDA:0,(anonymous_19)
FNDA:0,(anonymous_20)
FNDA:0,(anonymous_21)
FNDA:0,(anonymous_22)
DA:3,0
DA:6,0
DA:7,0
DA:9,0
DA:10,0
DA:33,0
DA:36,0
DA:38,0
DA:39,0
DA:42,0
DA:45,0
DA:61,0
DA:68,0
DA:69,0
DA:71,0
DA:72,0
DA:73,0
DA:76,0
DA:77,0
DA:80,0
DA:81,0
DA:84,0
DA:85,0
DA:88,0
DA:90,0
DA:91,0
DA:92,0
DA:93,0
DA:94,0
DA:95,0
DA:101,0
DA:102,0
DA:103,0
DA:106,0
DA:109,0
DA:110,0
DA:111,0
DA:114,0
DA:115,0
DA:116,0
DA:118,0
DA:119,0
DA:151,0
DA:153,0
DA:157,0
DA:173,0
DA:175,0
DA:179,0
DA:195,0
DA:197,0
DA:201,0
DA:224,0
DA:226,0
DA:230,0
DA:253,0
DA:257,0
DA:258,0
DA:259,0
DA:260,0
DA:261,0
LF:60
LH:0
BRDA:38,0,0,0
BRDA:38,0,1,0
BRDA:51,1,0,0
BRDA:64,2,0,0
BRDA:64,2,1,0
BRDA:72,3,0,0
BRDA:72,3,1,0
BRDA:90,4,0,0
BRDA:90,4,1,0
BRDA:93,5,0,0
BRDA:93,5,1,0
BRDA:102,6,0,0
BRDA:102,6,1,0
BRDA:102,7,0,0
BRDA:102,7,1,0
BRDA:110,8,0,0
BRDA:110,8,1,0
BRDA:130,9,0,0
BRDA:130,9,1,0
BRDA:130,10,0,0
BRDA:130,10,1,0
BRDA:165,11,0,0
BRDA:165,11,1,0
BRDA:188,12,0,0
BRDA:188,12,1,0
BRDA:200,13,0,0
BRDA:200,14,0,0
BRDA:210,15,0,0
BRDA:210,15,1,0
BRDA:229,16,0,0
BRDA:229,17,0,0
BRDA:239,18,0,0
BRDA:239,18,1,0
BRF:33
BRH:0
end_of_record
TN:
SF:components\ui\chart.tsx
FN:27,useChart
FN:45,(anonymous_11)
FN:70,(anonymous_12)
FN:72,(anonymous_13)
FN:84,(anonymous_14)
FN:87,(anonymous_15)
FN:119,(anonymous_16)
FN:139,(anonymous_17)
FN:191,(anonymous_18)
FN:273,(anonymous_19)
FN:292,(anonymous_20)
FN:324,getPayloadConfigFromPayload
FNF:12
FNH:0
FNDA:0,useChart
FNDA:0,(anonymous_11)
FNDA:0,(anonymous_12)
FNDA:0,(anonymous_13)
FNDA:0,(anonymous_14)
FNDA:0,(anonymous_15)
FNDA:0,(anonymous_16)
FNDA:0,(anonymous_17)
FNDA:0,(anonymous_18)
FNDA:0,(anonymous_19)
FNDA:0,(anonymous_20)
FNDA:0,getPayloadConfigFromPayload
DA:3,0
DA:4,0
DA:6,0
DA:9,0
DA:25,0
DA:28,0
DA:30,0
DA:31,0
DA:34,0
DA:37,0
DA:46,0
DA:47,0
DA:68,0
DA:70,0
DA:71,0
DA:72,0
DA:75,0
DA:76,0
DA:84,0
DA:89,0
DA:91,0
DA:103,0
DA:105,0
DA:137,0
DA:139,0
DA:140,0
DA:141,0
DA:144,0
DA:145,0
DA:146,0
DA:148,0
DA:152,0
DA:160,0
DA:161,0
DA:175,0
DA:176,0
DA:179,0
DA:192,0
DA:193,0
DA:194,0
DA:196,0
DA:260,0
DA:262,0
DA:264,0
DA:277,0
DA:279,0
DA:280,0
DA:293,0
DA:294,0
DA:296,0
DA:321,0
DA:329,0
DA:330,0
DA:334,0
DA:340,0
DA:342,0
DA:346,0
DA:347,0
DA:352,0
DA:357,0
DA:363,0
DA:364,0
DA:365,0
DA:366,0
DA:367,0
DA:368,0
LF:66
LH:0
BRDA:30,0,0,0
BRDA:30,0,1,0
BRDA:47,1,0,0
BRDA:47,1,1,0
BRDA:72,2,0,0
BRDA:72,2,1,0
BRDA:75,3,0,0
BRDA:75,3,1,0
BRDA:89,4,0,0
BRDA:89,4,1,0
BRDA:91,5,0,0
BRDA:91,5,1,0
BRDA:124,6,0,0
BRDA:125,7,0,0
BRDA:126,8,0,0
BRDA:140,9,0,0
BRDA:140,9,1,0
BRDA:140,10,0,0
BRDA:140,10,1,0
BRDA:145,11,0,0
BRDA:145,11,1,0
BRDA:145,11,2,0
BRDA:145,11,3,0
BRDA:148,12,0,0
BRDA:148,12,1,0
BRDA:148,13,0,0
BRDA:148,13,1,0
BRDA:149,14,0,0
BRDA:149,14,1,0
BRDA:152,15,0,0
BRDA:152,15,1,0
BRDA:160,16,0,0
BRDA:160,16,1,0
BRDA:175,17,0,0
BRDA:175,17,1,0
BRDA:175,18,0,0
BRDA:175,18,1,0
BRDA:179,19,0,0
BRDA:179,19,1,0
BRDA:189,20,0,0
BRDA:189,20,1,0
BRDA:192,21,0,0
BRDA:192,21,1,0
BRDA:192,21,2,0
BRDA:192,21,3,0
BRDA:194,22,0,0
BRDA:194,22,1,0
BRDA:194,22,2,0
BRDA:201,23,0,0
BRDA:201,23,1,0
BRDA:205,24,0,0
BRDA:204,25,0,0
BRDA:204,25,1,0
BRDA:204,25,2,0
BRDA:209,26,0,0
BRDA:211,27,0,0
BRDA:220,28,0,0
BRDA:220,28,1,0
BRDA:235,29,0,0
BRDA:235,29,1,0
BRDA:239,30,0,0
BRDA:239,30,1,0
BRDA:241,31,0,0
BRDA:241,31,1,0
BRDA:244,32,0,0
BRDA:274,33,0,0
BRDA:274,34,0,0
BRDA:274,35,0,0
BRDA:279,36,0,0
BRDA:279,36,1,0
BRDA:288,37,0,0
BRDA:288,37,1,0
BRDA:293,38,0,0
BRDA:293,38,1,0
BRDA:293,38,2,0
BRDA:304,39,0,0
BRDA:303,40,0,0
BRDA:303,40,1,0
BRDA:329,41,0,0
BRDA:329,41,1,0
BRDA:329,42,0,0
BRDA:329,42,1,0
BRDA:334,43,0,0
BRDA:334,43,1,0
BRDA:334,44,0,0
BRDA:334,44,1,0
BRDA:334,44,2,0
BRDA:342,45,0,0
BRDA:342,45,1,0
BRDA:343,46,0,0
BRDA:343,46,1,0
BRDA:347,47,0,0
BRDA:347,47,1,0
BRDA:348,48,0,0
BRDA:348,48,1,0
BRDA:348,48,2,0
BRDA:357,49,0,0
BRDA:357,49,1,0
BRF:98
BRH:0
end_of_record
TN:
SF:components\ui\checkbox.tsx
FNF:0
FNH:0
DA:3,0
DA:4,0
DA:5,0
DA:7,0
DA:28,0
DA:30,0
LF:6
LH:0
BRF:0
BRH:0
end_of_record
TN:
SF:components\ui\collapsible.tsx
FNF:0
FNH:0
DA:3,0
DA:5,0
DA:7,0
DA:9,0
DA:11,0
LF:5
LH:0
BRF:0
BRH:0
end_of_record
TN:
SF:components\ui\command.tsx
FN:26,(anonymous_14)
FN:127,(anonymous_21)
FNF:2
FNH:0
FNDA:0,(anonymous_14)
FNDA:0,(anonymous_21)
DA:3,0
DA:5,0
DA:6,0
DA:8,0
DA:9,0
DA:24,0
DA:26,0
DA:55,0
DA:68,0
DA:81,0
DA:97,0
DA:109,0
DA:125,0
DA:127,0
DA:141,0
DA:144,0
DA:145,0
DA:146,0
DA:147,0
DA:148,0
DA:149,0
DA:150,0
DA:151,0
DA:152,0
LF:24
LH:0
BRF:0
BRH:0
end_of_record
TN:
SF:components\ui\context-menu.tsx
FN:168,(anonymous_27)
FNF:1
FNH:0
FNDA:0,(anonymous_27)
DA:3,0
DA:4,0
DA:5,0
DA:7,0
DA:9,0
DA:11,0
DA:13,0
DA:15,0
DA:17,0
DA:19,0
DA:40,0
DA:55,0
DA:72,0
DA:90,0
DA:113,0
DA:136,0
DA:154,0
DA:166,0
DA:168,0
DA:182,0
DA:185,0
DA:186,0
DA:187,0
DA:188,0
DA:189,0
DA:190,0
DA:191,0
DA:192,0
DA:193,0
DA:194,0
DA:195,0
DA:196,0
DA:197,0
DA:198,0
DA:199,0
LF:35
LH:0
BRDA:31,0,0,0
BRDA:31,0,1,0
BRDA:84,1,0,0
BRDA:84,1,1,0
BRDA:148,2,0,0
BRDA:148,2,1,0
BRF:6
BRH:0
end_of_record
TN:
SF:components\ui\dialog.tsx
FNF:0
FNH:0
DA:3,0
DA:4,0
DA:5,0
DA:7,0
DA:9,0
DA:11,0
DA:13,0
DA:15,0
DA:30,0
DA:54,0
DA:68,0
DA:82,0
DA:97,0
DA:109,0
DA:112,0
DA:113,0
DA:114,0
DA:115,0
DA:116,0
DA:117,0
DA:118,0
DA:119,0
DA:120,0
DA:121,0
LF:24
LH:0
BRF:0
BRH:0
end_of_record
TN:
SF:components\ui\drawer.tsx
FNF:0
FNH:0
DA:3,0
DA:4,0
DA:6,0
DA:17,0
DA:19,0
DA:21,0
DA:23,0
DA:35,0
DA:56,0
DA:67,0
DA:78,0
DA:93,0
DA:105,0
DA:108,0
DA:109,0
DA:110,0
DA:111,0
DA:112,0
DA:113,0
DA:114,0
DA:115,0
DA:116,0
DA:117,0
LF:23
LH:0
BRDA:9,0,0,0
BRF:1
BRH:0
end_of_record
TN:
SF:components\ui\dropdown-menu.tsx
FN:171,(anonymous_27)
FNF:1
FNH:0
FNDA:0,(anonymous_27)
DA:3,0
DA:4,0
DA:5,0
DA:7,0
DA:9,0
DA:11,0
DA:13,0
DA:15,0
DA:17,0
DA:19,0
DA:40,0
DA:56,0
DA:75,0
DA:93,0
DA:116,0
DA:139,0
DA:157,0
DA:169,0
DA:171,0
DA:182,0
DA:185,0
DA:186,0
DA:187,0
DA:188,0
DA:189,0
DA:190,0
DA:191,0
DA:192,0
DA:193,0
DA:194,0
DA:195,0
DA:196,0
DA:197,0
DA:198,0
DA:199,0
LF:35
LH:0
BRDA:31,0,0,0
BRDA:31,0,1,0
BRDA:62,1,0,0
BRDA:87,2,0,0
BRDA:87,2,1,0
BRDA:151,3,0,0
BRDA:151,3,1,0
BRF:7
BRH:0
end_of_record
TN:
SF:components\ui\form-field.tsx
FN:16,FormField
FN:57,FormLabel
FN:77,FormInput
FN:102,FormTextarea
FN:129,FormSelect
FN:158,FormCheckbox
FN:194,FormGroup
FN:209,FormSection
FN:228,FormActions
FN:245,ValidationStatus
FN:288,PasswordStrength
FN:324,(anonymous_24)
FN:326,(anonymous_25)
FN:329,(anonymous_26)
FN:335,(anonymous_27)
FN:367,(anonymous_28)
FNF:16
FNH:0
FNDA:0,FormField
FNDA:0,FormLabel
FNDA:0,FormInput
FNDA:0,FormTextarea
FNDA:0,FormSelect
FNDA:0,FormCheckbox
FNDA:0,FormGroup
FNDA:0,FormSection
FNDA:0,FormActions
FNDA:0,ValidationStatus
FNDA:0,PasswordStrength
FNDA:0,(anonymous_24)
FNDA:0,(anonymous_25)
FNDA:0,(anonymous_26)
FNDA:0,(anonymous_27)
FNDA:0,(anonymous_28)
DA:3,0
DA:4,0
DA:5,0
DA:16,0
DA:57,0
DA:77,0
DA:102,0
DA:129,0
DA:158,0
DA:194,0
DA:209,0
DA:228,0
DA:245,0
DA:246,0
DA:248,0
DA:266,0
DA:288,0
DA:298,0
DA:324,0
DA:326,0
DA:327,0
DA:329,0
DA:330,0
DA:331,0
DA:332,0
DA:335,0
DA:336,0
DA:337,0
DA:338,0
DA:341,0
DA:368,0
LF:31
LH:0
BRDA:28,0,0,0
BRDA:35,1,0,0
BRDA:35,1,1,0
BRDA:42,2,0,0
BRDA:42,2,1,0
BRDA:42,2,2,0
BRDA:67,3,0,0
BRDA:87,4,0,0
BRDA:87,4,1,0
BRDA:88,5,0,0
BRDA:88,5,1,0
BRDA:113,6,0,0
BRDA:113,6,1,0
BRDA:114,7,0,0
BRDA:114,7,1,0
BRDA:140,8,0,0
BRDA:140,8,1,0
BRDA:141,9,0,0
BRDA:141,9,1,0
BRDA:169,10,0,0
BRDA:169,10,1,0
BRDA:179,11,0,0
BRDA:179,11,1,0
BRDA:180,12,0,0
BRDA:180,12,1,0
BRDA:214,13,0,0
BRDA:246,14,0,0
BRDA:246,14,1,0
BRDA:271,15,0,0
BRDA:271,15,1,0
BRDA:290,16,0,0
BRDA:301,17,0,0
BRDA:301,17,1,0
BRDA:330,18,0,0
BRDA:330,18,1,0
BRDA:331,19,0,0
BRDA:331,19,1,0
BRDA:336,20,0,0
BRDA:336,20,1,0
BRDA:337,21,0,0
BRDA:337,21,1,0
BRDA:341,22,0,0
BRDA:341,22,1,0
BRDA:351,23,0,0
BRDA:351,23,1,0
BRDA:370,24,0,0
BRDA:374,25,0,0
BRDA:374,25,1,0
BRF:48
BRH:0
end_of_record
TN:
SF:components\ui\form.tsx
FN:31,(anonymous_12)
FN:44,(anonymous_13)
FN:78,(anonymous_14)
FN:92,(anonymous_15)
FN:109,(anonymous_16)
FN:131,(anonymous_17)
FN:148,(anonymous_18)
FNF:7
FNH:0
FNDA:0,(anonymous_12)
FNDA:0,(anonymous_13)
FNDA:0,(anonymous_14)
FNDA:0,(anonymous_15)
FNDA:0,(anonymous_16)
FNDA:0,(anonymous_17)
FNDA:0,(anonymous_18)
DA:3,0
DA:5,0
DA:13,0
DA:15,0
DA:16,0
DA:18,0
DA:27,0
DA:31,0
DA:44,0
DA:45,0
DA:46,0
DA:47,0
DA:49,0
DA:51,0
DA:52,0
DA:55,0
DA:57,0
DA:71,0
DA:75,0
DA:79,0
DA:87,0
DA:89,0
DA:93,0
DA:104,0
DA:106,0
DA:110,0
DA:126,0
DA:128,0
DA:132,0
DA:143,0
DA:145,0
DA:149,0
DA:150,0
DA:152,0
DA:153,0
DA:167,0
DA:170,0
DA:171,0
DA:172,0
DA:173,0
DA:174,0
DA:175,0
DA:176,0
DA:177,0
LF:44
LH:0
BRDA:51,0,0,0
BRDA:51,0,1,0
BRDA:98,1,0,0
BRDA:98,1,1,0
BRDA:117,2,0,0
BRDA:117,2,1,0
BRDA:150,3,0,0
BRDA:150,3,1,0
BRDA:152,4,0,0
BRDA:152,4,1,0
BRF:10
BRH:0
end_of_record
TN:
SF:components\ui\hover-card.tsx
FNF:0
FNH:0
DA:3,0
DA:4,0
DA:6,0
DA:8,0
DA:10,0
DA:27,0
DA:29,0
LF:7
LH:0
BRDA:15,0,0,0
BRDA:15,1,0,0
BRF:2
BRH:0
end_of_record
TN:
SF:components\ui\input-otp.tsx
FN:36,(anonymous_10)
FNF:1
FNH:0
FNDA:0,(anonymous_10)
DA:3,0
DA:4,0
DA:5,0
DA:7,0
DA:23,0
DA:31,0
DA:33,0
DA:37,0
DA:38,0
DA:59,0
DA:69,0
DA:71,0
LF:12
LH:0
BRDA:45,0,0,0
BRDA:45,0,1,0
BRDA:51,1,0,0
BRF:3
BRH:0
end_of_record
TN:
SF:components\ui\input.tsx
FN:6,(anonymous_4)
FNF:1
FNH:0
FNDA:0,(anonymous_4)
DA:1,0
DA:3,0
DA:5,0
DA:20,0
DA:22,0
LF:5
LH:0
BRF:0
BRH:0
end_of_record
TN:
SF:components\ui\label.tsx
FNF:0
FNH:0
DA:3,0
DA:4,0
DA:5,0
DA:7,0
DA:9,0
DA:24,0
DA:26,0
LF:7
LH:0
BRF:0
BRH:0
end_of_record
TN:
SF:components\ui\loading-states.tsx
FN:11,LoadingSpinner
FN:35,LoadingState
FN:85,AsyncButton
FN:119,FormLoadingState
FN:159,TableLoadingState
FN:171,(anonymous_11)
FN:173,(anonymous_12)
FNF:7
FNH:0
FNDA:0,LoadingSpinner
FNDA:0,LoadingState
FNDA:0,AsyncButton
FNDA:0,FormLoadingState
FNDA:0,TableLoadingState
FNDA:0,(anonymous_11)
FNDA:0,(anonymous_12)
DA:3,0
DA:4,0
DA:11,0
DA:12,0
DA:35,0
DA:43,0
DA:54,0
DA:65,0
DA:85,0
DA:119,0
DA:159,0
DA:167,0
DA:172,0
DA:174,0
DA:183,0
DA:194,0
LF:16
LH:0
BRDA:11,0,0,0
BRDA:40,1,0,0
BRDA:43,2,0,0
BRDA:43,2,1,0
BRDA:54,3,0,0
BRDA:54,3,1,0
BRDA:65,4,0,0
BRDA:65,4,1,0
BRDA:86,5,0,0
BRDA:96,6,0,0
BRDA:96,6,1,0
BRDA:106,7,0,0
BRDA:107,8,0,0
BRDA:107,8,1,0
BRDA:107,9,0,0
BRDA:107,9,1,0
BRDA:124,10,0,0
BRDA:133,11,0,0
BRDA:140,12,0,0
BRDA:162,13,0,0
BRDA:163,14,0,0
BRDA:165,15,0,0
BRDA:167,16,0,0
BRDA:167,16,1,0
BRDA:183,17,0,0
BRDA:183,17,1,0
BRDA:194,18,0,0
BRDA:194,18,1,0
BRF:28
BRH:0
end_of_record
TN:
SF:components\ui\menubar.tsx
FN:203,(anonymous_30)
FNF:1
FNH:0
FNDA:0,(anonymous_30)
DA:3,0
DA:4,0
DA:5,0
DA:7,0
DA:9,0
DA:11,0
DA:13,0
DA:15,0
DA:17,0
DA:32,0
DA:47,0
DA:68,0
DA:83,0
DA:108,0
DA:126,0
DA:149,0
DA:171,0
DA:189,0
DA:201,0
DA:203,0
DA:217,0
DA:220,0
DA:221,0
DA:222,0
DA:223,0
DA:224,0
DA:225,0
DA:226,0
DA:227,0
DA:228,0
DA:229,0
DA:230,0
DA:231,0
DA:232,0
DA:233,0
DA:234,0
DA:235,0
LF:37
LH:0
BRDA:59,0,0,0
BRDA:59,0,1,0
BRDA:90,1,0,0
BRDA:90,2,0,0
BRDA:90,3,0,0
BRDA:120,4,0,0
BRDA:120,4,1,0
BRDA:183,5,0,0
BRDA:183,5,1,0
BRF:9
BRH:0
end_of_record
TN:
SF:components\ui\navigation-menu.tsx
FNF:0
FNH:0
DA:1,0
DA:2,0
DA:3,0
DA:4,0
DA:6,0
DA:24,0
DA:39,0
DA:41,0
DA:43,0
DA:63,0
DA:78,0
DA:80,0
DA:97,0
DA:115,0
DA:119,0
DA:120,0
DA:121,0
DA:122,0
DA:123,0
DA:124,0
DA:125,0
DA:126,0
DA:127,0
LF:23
LH:0
BRF:0
BRH:0
end_of_record
TN:
SF:components\ui\pagination.tsx
FNF:0
FNH:0
DA:1,0
DA:2,0
DA:4,0
DA:5,0
DA:15,0
DA:27,0
DA:35,0
DA:60,0
DA:76,0
DA:92,0
DA:107,0
DA:110,0
DA:111,0
DA:112,0
DA:113,0
DA:114,0
DA:115,0
DA:116,0
LF:18
LH:0
BRDA:45,0,0,0
BRDA:49,1,0,0
BRDA:49,1,1,0
BRDA:52,2,0,0
BRDA:52,2,1,0
BRF:5
BRH:0
end_of_record
TN:
SF:components\ui\popover.tsx
FNF:0
FNH:0
DA:3,0
DA:4,0
DA:6,0
DA:8,0
DA:10,0
DA:29,0
DA:31,0
LF:7
LH:0
BRDA:15,0,0,0
BRDA:15,1,0,0
BRF:2
BRH:0
end_of_record
TN:
SF:components\ui\progress.tsx
FNF:0
FNH:0
DA:3,0
DA:4,0
DA:6,0
DA:26,0
DA:28,0
LF:5
LH:0
BRDA:22,0,0,0
BRDA:22,0,1,0
BRF:2
BRH:0
end_of_record
TN:
SF:components\ui\radio-group.tsx
FN:12,(anonymous_6)
FN:26,(anonymous_7)
FNF:2
FNH:0
FNDA:0,(anonymous_6)
FNDA:0,(anonymous_7)
DA:3,0
DA:4,0
DA:5,0
DA:7,0
DA:9,0
DA:21,0
DA:23,0
DA:42,0
DA:44,0
LF:9
LH:0
BRF:0
BRH:0
end_of_record
TN:
SF:components\ui\rate-limit-error.tsx
FN:21,RateLimitError
FN:31,(anonymous_4)
FN:34,(anonymous_5)
FN:35,(anonymous_6)
FN:44,(anonymous_7)
FN:47,(anonymous_8)
FN:55,(anonymous_9)
FN:141,RateLimitBanner
FN:152,(anonymous_11)
FNF:9
FNH:0
FNDA:0,RateLimitError
FNDA:0,(anonymous_4)
FNDA:0,(anonymous_5)
FNDA:0,(anonymous_6)
FNDA:0,(anonymous_7)
FNDA:0,(anonymous_8)
FNDA:0,(anonymous_9)
FNDA:0,RateLimitBanner
FNDA:0,(anonymous_11)
DA:3,0
DA:4,0
DA:5,0
DA:6,0
DA:7,0
DA:21,0
DA:28,0
DA:29,0
DA:31,0
DA:32,0
DA:34,0
DA:35,0
DA:36,0
DA:37,0
DA:38,0
DA:40,0
DA:44,0
DA:47,0
DA:48,0
DA:49,0
DA:50,0
DA:51,0
DA:52,0
DA:55,0
DA:56,0
DA:58,0
DA:59,0
DA:60,0
DA:61,0
DA:62,0
DA:65,0
DA:67,0
DA:141,0
DA:148,0
DA:150,0
DA:152,0
DA:153,0
DA:155,0
DA:156,0
DA:157,0
DA:158,0
DA:159,0
DA:162,0
DA:164,0
LF:44
LH:0
BRDA:25,0,0,0
BRDA:32,1,0,0
BRDA:32,1,1,0
BRDA:37,2,0,0
BRDA:37,2,1,0
BRDA:48,3,0,0
BRDA:48,3,1,0
BRDA:49,4,0,0
BRDA:49,4,1,0
BRDA:49,5,0,0
BRDA:49,5,1,0
BRDA:56,6,0,0
BRDA:56,6,1,0
BRDA:56,7,0,0
BRDA:56,7,1,0
BRDA:61,8,0,0
BRDA:61,8,1,0
BRDA:61,9,0,0
BRDA:61,9,1,0
BRDA:61,9,2,0
BRDA:80,10,0,0
BRDA:80,10,1,0
BRDA:88,11,0,0
BRDA:88,11,1,0
BRDA:102,12,0,0
BRDA:102,12,1,0
BRDA:111,13,0,0
BRDA:150,14,0,0
BRDA:150,14,1,0
BRDA:153,15,0,0
BRDA:153,15,1,0
BRDA:153,16,0,0
BRDA:153,16,1,0
BRDA:158,17,0,0
BRDA:158,17,1,0
BRDA:158,18,0,0
BRDA:158,18,1,0
BRDA:158,18,2,0
BRDA:178,19,0,0
BRDA:186,20,0,0
BRDA:186,20,1,0
BRDA:194,21,0,0
BRDA:194,21,1,0
BRDA:204,22,0,0
BRF:44
BRH:0
end_of_record
TN:
SF:components\ui\resizable.tsx
FNF:0
FNH:0
DA:3,0
DA:4,0
DA:6,0
DA:21,0
DA:45,0
LF:5
LH:0
BRDA:37,0,0,0
BRF:1
BRH:0
end_of_record
TN:
SF:components\ui\scroll-area.tsx
FNF:0
FNH:0
DA:3,0
DA:4,0
DA:6,0
DA:24,0
DA:46,0
DA:48,0
LF:6
LH:0
BRDA:29,0,0,0
BRDA:35,1,0,0
BRDA:35,1,1,0
BRDA:37,2,0,0
BRDA:37,2,1,0
BRF:5
BRH:0
end_of_record
TN:
SF:components\ui\select.tsx
FNF:0
FNH:0
DA:3,0
DA:4,0
DA:5,0
DA:7,0
DA:9,0
DA:11,0
DA:13,0
DA:33,0
DA:50,0
DA:67,0
DA:100,0
DA:112,0
DA:135,0
DA:147,0
DA:150,0
DA:151,0
DA:152,0
DA:153,0
DA:154,0
DA:155,0
DA:156,0
DA:157,0
DA:158,0
DA:159,0
LF:24
LH:0
BRDA:73,0,0,0
BRDA:79,1,0,0
BRDA:79,1,1,0
BRDA:90,2,0,0
BRDA:90,2,1,0
BRF:5
BRH:0
end_of_record
TN:
SF:components\ui\separator.tsx
FNF:0
FNH:0
DA:3,0
DA:4,0
DA:6,0
DA:29,0
DA:31,0
LF:5
LH:0
BRDA:13,0,0,0
BRDA:13,1,0,0
BRDA:22,2,0,0
BRDA:22,2,1,0
BRF:4
BRH:0
end_of_record
TN:
SF:components\ui\sheet.tsx
FNF:0
FNH:0
DA:3,0
DA:4,0
DA:5,0
DA:6,0
DA:8,0
DA:10,0
DA:12,0
DA:14,0
DA:16,0
DA:31,0
DA:33,0
DA:75,0
DA:89,0
DA:103,0
DA:115,0
DA:127,0
DA:130,0
DA:131,0
DA:132,0
DA:133,0
DA:134,0
DA:135,0
DA:136,0
DA:137,0
DA:138,0
DA:139,0
LF:26
LH:0
BRDA:59,0,0,0
BRF:1
BRH:0
end_of_record
TN:
SF:components\ui\sidebar.tsx
FN:41,useSidebar
FN:58,(anonymous_29)
FN:78,(anonymous_30)
FN:93,(anonymous_31)
FN:95,(anonymous_32)
FN:96,(anonymous_33)
FN:100,(anonymous_34)
FN:101,(anonymous_35)
FN:112,(anonymous_36)
FN:120,(anonymous_37)
FN:167,(anonymous_38)
FN:265,(anonymous_39)
FN:275,(anonymous_40)
FN:291,(anonymous_41)
FN:320,(anonymous_42)
FN:338,(anonymous_43)
FN:356,(anonymous_44)
FN:371,(anonymous_45)
FN:386,(anonymous_46)
FN:401,(anonymous_47)
FN:419,(anonymous_48)
FN:434,(anonymous_49)
FN:455,(anonymous_50)
FN:544,(anonymous_54)
FN:601,(anonymous_55)
FN:652,(anonymous_57)
FN:654,(anonymous_58)
FN:715,(anonymous_61)
FNF:28
FNH:0
FNDA:0,useSidebar
FNDA:0,(anonymous_29)
FNDA:0,(anonymous_30)
FNDA:0,(anonymous_31)
FNDA:0,(anonymous_32)
FNDA:0,(anonymous_33)
FNDA:0,(anonymous_34)
FNDA:0,(anonymous_35)
FNDA:0,(anonymous_36)
FNDA:0,(anonymous_37)
FNDA:0,(anonymous_38)
FNDA:0,(anonymous_39)
FNDA:0,(anonymous_40)
FNDA:0,(anonymous_41)
FNDA:0,(anonymous_42)
FNDA:0,(anonymous_43)
FNDA:0,(anonymous_44)
FNDA:0,(anonymous_45)
FNDA:0,(anonymous_46)
FNDA:0,(anonymous_47)
FNDA:0,(anonymous_48)
FNDA:0,(anonymous_49)
FNDA:0,(anonymous_50)
FNDA:0,(anonymous_54)
FNDA:0,(anonymous_55)
FNDA:0,(anonymous_57)
FNDA:0,(anonymous_58)
FNDA:0,(anonymous_61)
DA:3,0
DA:4,0
DA:5,0
DA:6,0
DA:8,0
DA:9,0
DA:10,0
DA:11,0
DA:12,0
DA:13,0
DA:14,0
DA:20,0
DA:22,0
DA:23,0
DA:24,0
DA:25,0
DA:26,0
DA:27,0
DA:39,0
DA:42,0
DA:43,0
DA:44,0
DA:47,0
DA:50,0
DA:70,0
DA:71,0
DA:75,0
DA:76,0
DA:77,0
DA:79,0
DA:80,0
DA:81,0
DA:83,0
DA:87,0
DA:93,0
DA:94,0
DA:95,0
DA:96,0
DA:100,0
DA:101,0
DA:102,0
DA:106,0
DA:107,0
DA:111,0
DA:112,0
DA:117,0
DA:119,0
DA:120,0
DA:157,0
DA:159,0
DA:178,0
DA:180,0
DA:195,0
DA:260,0
DA:262,0
DA:266,0
DA:276,0
DA:277,0
DA:286,0
DA:288,0
DA:292,0
DA:315,0
DA:317,0
DA:333,0
DA:335,0
DA:351,0
DA:353,0
DA:366,0
DA:368,0
DA:381,0
DA:383,0
DA:396,0
DA:398,0
DA:414,0
DA:416,0
DA:429,0
DA:431,0
DA:435,0
DA:450,0
DA:452,0
DA:456,0
DA:473,0
DA:486,0
DA:499,0
DA:512,0
DA:514,0
DA:536,0
DA:556,0
DA:557,0
DA:570,0
DA:571,0
DA:574,0
DA:575,0
DA:593,0
DA:595,0
DA:602,0
DA:624,0
DA:645,0
DA:647,0
DA:654,0
DA:655,0
DA:683,0
DA:700,0
DA:706,0
DA:708,0
DA:716,0
DA:736,0
DA:739,0
DA:740,0
DA:741,0
DA:742,0
DA:743,0
DA:744,0
DA:745,0
DA:746,0
DA:747,0
DA:748,0
DA:749,0
DA:750,0
DA:751,0
DA:752,0
DA:753,0
DA:754,0
DA:755,0
DA:756,0
DA:757,0
DA:758,0
DA:759,0
DA:760,0
DA:761,0
DA:762,0
LF:131
LH:0
BRDA:43,0,0,0
BRDA:43,0,1,0
BRDA:60,1,0,0
BRDA:76,2,0,0
BRDA:76,2,1,0
BRDA:79,3,0,0
BRDA:79,3,1,0
BRDA:80,4,0,0
BRDA:80,4,1,0
BRDA:94,5,0,0
BRDA:94,5,1,0
BRDA:102,6,0,0
BRDA:102,6,1,0
BRDA:103,7,0,0
BRDA:103,7,1,0
BRDA:103,7,2,0
BRDA:117,8,0,0
BRDA:117,8,1,0
BRDA:169,9,0,0
BRDA:170,10,0,0
BRDA:171,11,0,0
BRDA:180,12,0,0
BRDA:180,12,1,0
BRDA:195,13,0,0
BRDA:195,13,1,0
BRDA:220,14,0,0
BRDA:220,14,1,0
BRDA:230,15,0,0
BRDA:230,15,1,0
BRDA:230,16,0,0
BRDA:230,16,1,0
BRDA:238,17,0,0
BRDA:238,17,1,0
BRDA:242,18,0,0
BRDA:242,18,1,0
BRDA:242,19,0,0
BRDA:242,19,1,0
BRDA:434,20,0,0
BRDA:435,21,0,0
BRDA:435,21,1,0
BRDA:455,22,0,0
BRDA:456,23,0,0
BRDA:456,23,1,0
BRDA:546,24,0,0
BRDA:547,25,0,0
BRDA:548,26,0,0
BRDA:549,27,0,0
BRDA:556,28,0,0
BRDA:556,28,1,0
BRDA:570,29,0,0
BRDA:570,29,1,0
BRDA:574,30,0,0
BRDA:574,30,1,0
BRDA:586,31,0,0
BRDA:586,31,1,0
BRDA:601,32,0,0
BRDA:601,33,0,0
BRDA:602,34,0,0
BRDA:602,34,1,0
BRDA:616,35,0,0
BRDA:616,35,1,0
BRDA:652,36,0,0
BRDA:665,37,0,0
BRDA:715,38,0,0
BRDA:715,39,0,0
BRDA:716,40,0,0
BRDA:716,40,1,0
BRDA:727,41,0,0
BRDA:727,41,1,0
BRDA:728,42,0,0
BRDA:728,42,1,0
BRF:71
BRH:0
end_of_record
TN:
SF:components\ui\skeleton.tsx
FN:3,Skeleton
FNF:1
FNH:0
FNDA:0,Skeleton
DA:1,0
DA:15,0
LF:2
LH:0
BRF:0
BRH:0
end_of_record
TN:
SF:components\ui\slider.tsx
FNF:0
FNH:0
DA:3,0
DA:4,0
DA:6,0
DA:26,0
DA:28,0
LF:5
LH:0
BRF:0
BRH:0
end_of_record
TN:
SF:components\ui\sonner.tsx
FN:8,(anonymous_1)
FNF:1
FNH:0
FNDA:0,(anonymous_1)
DA:3,0
DA:4,0
DA:8,0
DA:9,0
DA:31,0
LF:5
LH:0
BRDA:9,0,0,0
BRF:1
BRH:0
end_of_record
TN:
SF:components\ui\switch.tsx
FNF:0
FNH:0
DA:3,0
DA:4,0
DA:6,0
DA:27,0
DA:29,0
LF:5
LH:0
BRF:0
BRH:0
end_of_record
TN:
SF:components\ui\table.tsx
FNF:0
FNH:0
DA:1,0
DA:3,0
DA:17,0
DA:25,0
DA:37,0
DA:52,0
DA:67,0
DA:82,0
DA:94,0
DA:106,0
DA:109,0
DA:110,0
DA:111,0
DA:112,0
DA:113,0
DA:114,0
DA:115,0
DA:116,0
LF:18
LH:0
BRF:0
BRH:0
end_of_record
TN:
SF:components\ui\tabs.tsx
FNF:0
FNH:0
DA:3,0
DA:4,0
DA:6,0
DA:8,0
DA:23,0
DA:38,0
DA:53,0
DA:55,0
LF:8
LH:0
BRF:0
BRH:0
end_of_record
TN:
SF:components\ui\textarea.tsx
FN:11,(anonymous_4)
FNF:1
FNH:0
FNDA:0,(anonymous_4)
DA:1,0
DA:3,0
DA:10,0
DA:24,0
DA:26,0
LF:5
LH:0
BRF:0
BRH:0
end_of_record
TN:
SF:components\ui\toast.tsx
FN:47,(anonymous_12)
FNF:1
FNH:0
FNDA:0,(anonymous_12)
DA:3,0
DA:4,0
DA:5,0
DA:6,0
DA:8,0
DA:10,0
DA:25,0
DA:27,0
DA:43,0
DA:56,0
DA:71,0
DA:89,0
DA:101,0
DA:113,0
DA:122,0
DA:123,0
DA:124,0
DA:125,0
DA:126,0
DA:127,0
DA:128,0
LF:21
LH:0
BRF:0
BRH:0
end_of_record
TN:
SF:components\ui\toaster.tsx
FN:13,Toaster
FN:18,(anonymous_2)
FNF:2
FNH:0
FNDA:0,Toaster
FNDA:0,(anonymous_2)
DA:3,0
DA:11,0
DA:13,0
DA:14,0
DA:19,0
LF:5
LH:0
BRDA:22,0,0,0
BRDA:23,1,0,0
BRF:2
BRH:0
end_of_record
TN:
SF:components\ui\toggle-group.tsx
FN:39,(anonymous_7)
FNF:1
FNH:0
FNDA:0,(anonymous_7)
DA:3,0
DA:4,0
DA:7,0
DA:8,0
DA:10,0
DA:33,0
DA:35,0
DA:40,0
DA:59,0
DA:61,0
LF:10
LH:0
BRDA:47,0,0,0
BRDA:47,0,1,0
BRDA:48,1,0,0
BRDA:48,1,1,0
BRF:4
BRH:0
end_of_record
TN:
SF:components\ui\toggle.tsx
FNF:0
FNH:0
DA:3,0
DA:4,0
DA:5,0
DA:7,0
DA:9,0
DA:43,0
DA:45,0
LF:7
LH:0
BRF:0
BRH:0
end_of_record
TN:
SF:components\ui\tooltip.tsx
FNF:0
FNH:0
DA:3,0
DA:4,0
DA:6,0
DA:8,0
DA:10,0
DA:12,0
DA:28,0
DA:30,0
LF:8
LH:0
BRDA:17,0,0,0
BRF:1
BRH:0
end_of_record
TN:
SF:components\ui\use-mobile.tsx
FN:5,useIsMobile
FN:8,(anonymous_5)
FN:10,(anonymous_6)
FN:15,(anonymous_7)
FNF:4
FNH:0
FNDA:0,useIsMobile
FNDA:0,(anonymous_5)
FNDA:0,(anonymous_6)
FNDA:0,(anonymous_7)
DA:1,0
DA:3,0
DA:5,0
DA:6,0
DA:8,0
DA:9,0
DA:10,0
DA:11,0
DA:13,0
DA:14,0
DA:15,0
DA:18,0
LF:12
LH:0
BRF:0
BRH:0
end_of_record
TN:
SF:components\ui\use-toast.ts
FN:30,genId
FN:61,(anonymous_8)
FN:66,(anonymous_9)
FN:77,(anonymous_10)
FN:88,(anonymous_11)
FN:101,(anonymous_12)
FN:108,(anonymous_13)
FN:127,(anonymous_14)
FN:136,dispatch
FN:138,(anonymous_16)
FN:145,toast
FN:148,(anonymous_18)
FN:153,(anonymous_19)
FN:161,(anonymous_20)
FN:174,useToast
FN:177,(anonymous_22)
FN:179,(anonymous_23)
FN:190,(anonymous_24)
FNF:18
FNH:0
FNDA:0,genId
FNDA:0,(anonymous_8)
FNDA:0,(anonymous_9)
FNDA:0,(anonymous_10)
FNDA:0,(anonymous_11)
FNDA:0,(anonymous_12)
FNDA:0,(anonymous_13)
FNDA:0,(anonymous_14)
FNDA:0,dispatch
FNDA:0,(anonymous_16)
FNDA:0,toast
FNDA:0,(anonymous_18)
FNDA:0,(anonymous_19)
FNDA:0,(anonymous_20)
FNDA:0,useToast
FNDA:0,(anonymous_22)
FNDA:0,(anonymous_23)
FNDA:0,(anonymous_24)
DA:4,0
DA:11,0
DA:12,0
DA:21,0
DA:28,0
DA:31,0
DA:32,0
DA:59,0
DA:61,0
DA:62,0
DA:63,0
DA:66,0
DA:67,0
DA:68,0
DA:74,0
DA:77,0
DA:78,0
DA:80,0
DA:86,0
DA:89,0
DA:94,0
DA:98,0
DA:99,0
DA:101,0
DA:102,0
DA:106,0
DA:109,0
DA:119,0
DA:120,0
DA:125,0
DA:127,0
DA:132,0
DA:134,0
DA:137,0
DA:138,0
DA:139,0
DA:146,0
DA:148,0
DA:149,0
DA:153,0
DA:155,0
DA:162,0
DA:167,0
DA:175,0
DA:177,0
DA:178,0
DA:179,0
DA:180,0
DA:181,0
DA:182,0
DA:187,0
DA:190,0
DA:194,0
LF:53
LH:0
BRDA:62,0,0,0
BRDA:62,0,1,0
BRDA:78,1,0,0
BRDA:78,1,1,0
BRDA:78,1,2,0
BRDA:78,1,3,0
BRDA:89,2,0,0
BRDA:89,2,1,0
BRDA:98,3,0,0
BRDA:98,3,1,0
BRDA:109,4,0,0
BRDA:109,4,1,0
BRDA:109,5,0,0
BRDA:109,5,1,0
BRDA:119,6,0,0
BRDA:119,6,1,0
BRDA:162,7,0,0
BRDA:162,7,1,0
BRDA:181,8,0,0
BRDA:181,8,1,0
BRF:20
BRH:0
end_of_record
TN:
SF:lib\middleware\api-key-auth.ts
FN:24,withApiKeyAuth
FN:103,requireApiKey
FN:107,(anonymous_8)
FN:162,extractApiKeyFromHeader
FN:181,getClientIpAddress
FN:205,addRateLimitHeaders
FN:228,createApiErrorResponse
FN:245,createApiSuccessResponse
FNF:8
FNH:0
FNDA:0,withApiKeyAuth
FNDA:0,requireApiKey
FNDA:0,(anonymous_8)
FNDA:0,extractApiKeyFromHeader
FNDA:0,getClientIpAddress
FNDA:0,addRateLimitHeaders
FNDA:0,createApiErrorResponse
FNDA:0,createApiSuccessResponse
DA:6,0
DA:7,0
DA:24,0
DA:28,0
DA:30,0
DA:31,0
DA:33,0
DA:34,0
DA:44,0
DA:47,0
DA:54,0
DA:55,0
DA:56,0
DA:66,0
DA:67,0
DA:68,0
DA:80,0
DA:89,0
DA:90,0
DA:103,0
DA:107,0
DA:108,0
DA:110,0
DA:111,0
DA:114,0
DA:115,0
DA:118,0
DA:119,0
DA:120,0
DA:132,0
DA:134,0
DA:137,0
DA:138,0
DA:139,0
DA:151,0
DA:163,0
DA:166,0
DA:167,0
DA:169,0
DA:170,0
DA:173,0
DA:175,0
DA:183,0
DA:184,0
DA:185,0
DA:188,0
DA:189,0
DA:190,0
DA:193,0
DA:194,0
DA:195,0
DA:199,0
DA:205,0
DA:214,0
DA:215,0
DA:216,0
DA:218,0
DA:219,0
DA:222,0
DA:228,0
DA:233,0
DA:235,0
DA:236,0
DA:239,0
DA:245,0
DA:249,0
LF:66
LH:0
BRDA:26,0,0,0
BRDA:33,1,0,0
BRDA:33,1,1,0
BRDA:54,2,0,0
BRDA:54,2,1,0
BRDA:55,3,0,0
BRDA:55,3,1,0
BRDA:66,4,0,0
BRDA:66,4,1,0
BRDA:75,5,0,0
BRDA:75,5,1,0
BRDA:105,6,0,0
BRDA:110,7,0,0
BRDA:110,7,1,0
BRDA:118,8,0,0
BRDA:118,8,1,0
BRDA:127,9,0,0
BRDA:127,9,1,0
BRDA:137,10,0,0
BRDA:137,10,1,0
BRDA:146,11,0,0
BRDA:146,11,1,0
BRDA:163,12,0,0
BRDA:163,12,1,0
BRDA:167,13,0,0
BRDA:167,13,1,0
BRDA:170,14,0,0
BRDA:170,14,1,0
BRDA:173,15,0,0
BRDA:173,15,1,0
BRDA:184,16,0,0
BRDA:184,16,1,0
BRDA:189,17,0,0
BRDA:189,17,1,0
BRDA:194,18,0,0
BRDA:194,18,1,0
BRDA:218,19,0,0
BRDA:218,19,1,0
BRDA:230,20,0,0
BRDA:235,21,0,0
BRDA:235,21,1,0
BRDA:247,22,0,0
BRF:42
BRH:0
end_of_record
TN:
SF:lib\middleware\auth.ts
FN:19,withAuth
FN:22,(anonymous_2)
FN:41,(anonymous_3)
FN:44,(anonymous_4)
FN:45,(anonymous_5)
FN:82,(anonymous_6)
FNF:6
FNH:0
FNDA:0,withAuth
FNDA:0,(anonymous_2)
FNDA:0,(anonymous_3)
FNDA:0,(anonymous_4)
FNDA:0,(anonymous_5)
FNDA:0,(anonymous_6)
DA:6,0
DA:7,0
DA:19,0
DA:22,0
DA:23,0
DA:25,0
DA:26,0
DA:27,0
DA:33,0
DA:36,0
DA:42,0
DA:51,0
DA:52,0
DA:53,0
DA:60,0
DA:74,0
DA:75,0
DA:82,0
DA:84,0
DA:94,0
DA:96,0
DA:97,0
LF:22
LH:0
BRDA:26,0,0,0
BRDA:26,0,1,0
BRDA:52,1,0,0
BRDA:52,1,1,0
BRDA:52,2,0,0
BRDA:52,2,1,0
BRDA:74,3,0,0
BRDA:74,3,1,0
BRDA:74,4,0,0
BRDA:74,4,1,0
BRDA:82,5,0,0
BRDA:82,5,1,0
BRF:12
BRH:0
end_of_record
TN:
SF:lib\middleware\rate-limit-middleware.ts
FN:30,applyRateLimit
FN:55,createRateLimitMiddleware
FN:56,(anonymous_6)
FNF:3
FNH:0
FNDA:0,applyRateLimit
FNDA:0,createRateLimitMiddleware
FNDA:0,(anonymous_6)
DA:2,0
DA:9,0
DA:30,0
DA:34,0
DA:35,0
DA:39,0
DA:41,0
DA:42,0
DA:43,0
DA:44,0
DA:48,0
DA:49,0
DA:52,0
DA:55,0
DA:56,0
DA:57,0
LF:16
LH:0
BRDA:35,0,0,0
BRDA:35,0,1,0
BRDA:42,1,0,0
BRDA:42,1,1,0
BRDA:42,2,0,0
BRDA:42,2,1,0
BRDA:48,3,0,0
BRDA:48,3,1,0
BRF:8
BRH:0
end_of_record
TN:
SF:lib\middleware\rate-limit.ts
FN:20,withRateLimit
FN:21,(anonymous_2)
FN:52,getClientIP
FNF:3
FNH:0
FNDA:0,withRateLimit
FNDA:0,(anonymous_2)
FNDA:0,getClientIP
DA:6,0
DA:7,0
DA:10,0
DA:20,0
DA:21,0
DA:22,0
DA:24,0
DA:27,0
DA:30,0
DA:33,0
DA:35,0
DA:54,0
DA:55,0
DA:56,0
DA:58,0
DA:59,0
DA:62,0
DA:63,0
DA:66,0
DA:67,0
DA:71,0
LF:21
LH:0
BRDA:24,0,0,0
BRDA:24,0,1,0
BRDA:58,1,0,0
BRDA:58,1,1,0
BRDA:62,2,0,0
BRDA:62,2,1,0
BRDA:66,3,0,0
BRDA:66,3,1,0
BRF:8
BRH:0
end_of_record
TN:
SF:lib\middleware\role-validation.ts
FN:26,(anonymous_10)
FN:27,(anonymous_11)
FN:57,(anonymous_12)
FN:71,(anonymous_13)
FN:72,(anonymous_14)
FN:76,(anonymous_15)
FN:87,(anonymous_16)
FN:88,(anonymous_17)
FN:108,(anonymous_18)
FN:138,(anonymous_19)
FN:151,(anonymous_20)
FN:152,(anonymous_21)
FN:156,(anonymous_22)
FN:180,(anonymous_23)
FN:184,(anonymous_24)
FN:187,(anonymous_25)
FN:214,(anonymous_26)
FN:254,(anonymous_27)
FN:266,(anonymous_28)
FN:303,requirePermissions
FN:317,validatePermissions
FN:329,withPermissions
FN:344,extractAssetId
FN:347,(anonymous_34)
FN:354,extractUserId
FN:357,(anonymous_36)
FN:364,extractDepartmentId
FN:367,(anonymous_38)
FN:374,createRequestContext
FNF:29
FNH:6
FNDA:0,(anonymous_10)
FNDA:0,(anonymous_11)
FNDA:0,(anonymous_12)
FNDA:0,(anonymous_13)
FNDA:0,(anonymous_14)
FNDA:0,(anonymous_15)
FNDA:0,(anonymous_16)
FNDA:0,(anonymous_17)
FNDA:6,(anonymous_18)
FNDA:7,(anonymous_19)
FNDA:5,(anonymous_20)
FNDA:2,(anonymous_21)
FNDA:3,(anonymous_22)
FNDA:0,(anonymous_23)
FNDA:0,(anonymous_24)
FNDA:0,(anonymous_25)
FNDA:0,(anonymous_26)
FNDA:5,(anonymous_27)
FNDA:0,(anonymous_28)
FNDA:0,requirePermissions
FNDA:0,validatePermissions
FNDA:0,withPermissions
FNDA:0,extractAssetId
FNDA:0,(anonymous_34)
FNDA:0,extractUserId
FNDA:0,(anonymous_36)
FNDA:0,extractDepartmentId
FNDA:0,(anonymous_38)
FNDA:0,createRequestContext
DA:6,1
DA:7,1
DA:8,1
DA:20,6
DA:21,6
DA:27,0
DA:28,0
DA:30,0
DA:31,0
DA:35,0
DA:36,0
DA:37,0
DA:41,0
DA:42,0
DA:46,0
DA:47,0
DA:57,0
DA:63,0
DA:70,0
DA:71,0
DA:72,0
DA:74,0
DA:75,0
DA:76,0
DA:78,0
DA:79,0
DA:83,0
DA:87,0
DA:88,0
DA:94,0
DA:95,0
DA:97,0
DA:99,0
DA:100,0
DA:118,6
DA:119,6
DA:120,6
DA:121,1
DA:124,5
DA:125,0
DA:128,5
DA:129,5
DA:138,7
DA:144,5
DA:150,5
DA:151,5
DA:152,2
DA:154,5
DA:155,2
DA:156,3
DA:158,2
DA:166,3
DA:172,0
DA:173,0
DA:184,0
DA:187,0
DA:188,0
DA:194,0
DA:195,0
DA:202,0
DA:203,0
DA:205,0
DA:215,0
DA:216,0
DA:219,0
DA:220,0
DA:221,0
DA:225,0
DA:231,0
DA:232,0
DA:236,0
DA:240,0
DA:249,0
DA:250,0
DA:255,5
DA:256,5
DA:257,5
DA:259,5
DA:260,0
DA:263,5
DA:271,0
DA:272,0
DA:276,0
DA:303,0
DA:307,0
DA:308,0
DA:317,0
DA:322,0
DA:323,0
DA:329,0
DA:333,0
DA:334,0
DA:344,0
DA:345,0
DA:346,0
DA:347,0
DA:348,0
DA:354,0
DA:355,0
DA:356,0
DA:357,0
DA:358,0
DA:364,0
DA:365,0
DA:366,0
DA:367,0
DA:368,0
DA:374,0
DA:375,0
DA:387,8
LF:110
LH:28
BRDA:26,0,0,0
BRDA:30,1,0,0
BRDA:30,1,1,0
BRDA:36,2,0,0
BRDA:36,2,1,0
BRDA:41,3,0,0
BRDA:41,3,1,0
BRDA:41,4,0,0
BRDA:41,4,1,0
BRDA:52,5,0,0
BRDA:52,5,1,0
BRDA:70,6,0,0
BRDA:70,6,1,0
BRDA:74,7,0,0
BRDA:74,7,1,0
BRDA:111,8,0,3
BRDA:120,9,0,1
BRDA:120,9,1,5
BRDA:124,10,0,0
BRDA:124,10,1,5
BRDA:134,11,0,5
BRDA:134,11,1,4
BRDA:150,12,0,4
BRDA:150,12,1,1
BRDA:154,13,0,2
BRDA:154,13,1,3
BRDA:182,14,0,0
BRDA:194,15,0,0
BRDA:194,15,1,0
BRDA:196,16,0,0
BRDA:196,16,1,0
BRDA:220,17,0,0
BRDA:220,17,1,0
BRDA:220,18,0,0
BRDA:220,18,1,0
BRDA:231,19,0,0
BRDA:231,19,1,0
BRDA:236,20,0,0
BRDA:236,20,1,0
BRDA:236,20,2,0
BRDA:246,21,0,0
BRDA:246,21,1,0
BRDA:259,22,0,0
BRDA:259,22,1,5
BRDA:263,23,0,5
BRDA:263,23,1,5
BRDA:263,23,2,5
BRDA:271,24,0,0
BRDA:271,24,1,0
BRDA:305,25,0,0
BRDA:320,26,0,0
BRDA:331,27,0,0
BRDA:348,28,0,0
BRDA:348,28,1,0
BRDA:348,29,0,0
BRDA:348,29,1,0
BRDA:358,30,0,0
BRDA:358,30,1,0
BRDA:358,31,0,0
BRDA:358,31,1,0
BRDA:368,32,0,0
BRDA:368,32,1,0
BRDA:368,33,0,0
BRDA:368,33,1,0
BRF:64
BRH:14
end_of_record
TN:
SF:lib\middleware\tenant-context.ts
FN:20,(anonymous_8)
FN:41,(anonymous_9)
FN:64,(anonymous_10)
FN:81,(anonymous_11)
FN:88,(anonymous_12)
FN:95,(anonymous_13)
FN:119,(anonymous_14)
FN:144,(anonymous_15)
FN:161,(anonymous_16)
FN:184,(anonymous_17)
FN:218,(anonymous_18)
FN:236,(anonymous_19)
FN:259,(anonymous_20)
FN:289,withTenantContext
FN:292,(anonymous_22)
FN:314,withRole
FN:315,(anonymous_24)
FN:318,(anonymous_25)
FN:347,withFeature
FN:348,(anonymous_27)
FN:351,(anonymous_28)
FN:372,withUsageLimit
FN:373,(anonymous_30)
FN:376,(anonymous_31)
FNF:24
FNH:0
FNDA:0,(anonymous_8)
FNDA:0,(anonymous_9)
FNDA:0,(anonymous_10)
FNDA:0,(anonymous_11)
FNDA:0,(anonymous_12)
FNDA:0,(anonymous_13)
FNDA:0,(anonymous_14)
FNDA:0,(anonymous_15)
FNDA:0,(anonymous_16)
FNDA:0,(anonymous_17)
FNDA:0,(anonymous_18)
FNDA:0,(anonymous_19)
FNDA:0,(anonymous_20)
FNDA:0,withTenantContext
FNDA:0,(anonymous_22)
FNDA:0,withRole
FNDA:0,(anonymous_24)
FNDA:0,(anonymous_25)
FNDA:0,withFeature
FNDA:0,(anonymous_27)
FNDA:0,(anonymous_28)
FNDA:0,withUsageLimit
FNDA:0,(anonymous_30)
FNDA:0,(anonymous_31)
DA:6,0
DA:7,0
DA:8,0
DA:9,0
DA:16,0
DA:21,0
DA:22,0
DA:23,0
DA:24,0
DA:26,0
DA:27,0
DA:30,0
DA:46,0
DA:48,0
DA:49,0
DA:50,0
DA:54,0
DA:55,0
DA:56,0
DA:57,0
DA:62,0
DA:63,0
DA:64,0
DA:66,0
DA:67,0
DA:71,0
DA:73,0
DA:74,0
DA:82,0
DA:89,0
DA:100,0
DA:103,0
DA:104,0
DA:105,0
DA:107,0
DA:115,0
DA:123,0
DA:124,0
DA:125,0
DA:126,0
DA:129,0
DA:130,0
DA:131,0
DA:134,0
DA:136,0
DA:137,0
DA:149,0
DA:150,0
DA:151,0
DA:153,0
DA:154,0
DA:166,0
DA:167,0
DA:168,0
DA:170,0
DA:171,0
DA:180,0
DA:191,0
DA:192,0
DA:209,0
DA:211,0
DA:222,0
DA:223,0
DA:224,0
DA:225,0
DA:228,0
DA:229,0
DA:231,0
DA:232,0
DA:236,0
DA:237,0
DA:238,0
DA:239,0
DA:241,0
DA:243,0
DA:246,0
DA:251,0
DA:263,0
DA:264,0
DA:265,0
DA:266,0
DA:269,0
DA:270,0
DA:274,0
DA:276,0
DA:277,0
DA:289,0
DA:292,0
DA:293,0
DA:295,0
DA:296,0
DA:302,0
DA:303,0
DA:304,0
DA:306,0
DA:314,0
DA:315,0
DA:318,0
DA:319,0
DA:324,0
DA:325,0
DA:333,0
DA:339,0
DA:347,0
DA:348,0
DA:351,0
DA:352,0
DA:357,0
DA:358,0
DA:364,0
DA:372,0
DA:373,0
DA:376,0
DA:377,0
DA:382,0
DA:383,0
DA:389,0
LF:117
LH:0
BRDA:26,0,0,0
BRDA:26,0,1,0
BRDA:26,1,0,0
BRDA:26,1,1,0
BRDA:26,1,2,0
BRDA:34,2,0,0
BRDA:34,2,1,0
BRDA:49,3,0,0
BRDA:49,3,1,0
BRDA:54,4,0,0
BRDA:54,4,1,0
BRDA:55,5,0,0
BRDA:55,5,1,0
BRDA:56,6,0,0
BRDA:56,6,1,0
BRDA:56,7,0,0
BRDA:56,7,1,0
BRDA:62,8,0,0
BRDA:62,8,1,0
BRDA:62,9,0,0
BRDA:62,9,1,0
BRDA:63,10,0,0
BRDA:63,10,1,0
BRDA:66,11,0,0
BRDA:66,11,1,0
BRDA:66,12,0,0
BRDA:66,12,1,0
BRDA:98,13,0,0
BRDA:125,14,0,0
BRDA:125,14,1,0
BRDA:130,15,0,0
BRDA:130,15,1,0
BRDA:200,16,0,0
BRDA:200,16,1,0
BRDA:224,17,0,0
BRDA:224,17,1,0
BRDA:228,18,0,0
BRDA:228,18,1,0
BRDA:229,19,0,0
BRDA:229,19,1,0
BRDA:231,20,0,0
BRDA:231,20,1,0
BRDA:237,21,0,0
BRDA:237,21,1,0
BRDA:239,22,0,0
BRDA:239,22,1,0
BRDA:248,23,0,0
BRDA:248,23,1,0
BRDA:265,24,0,0
BRDA:265,24,1,0
BRDA:269,25,0,0
BRDA:269,25,1,0
BRDA:270,26,0,0
BRDA:270,26,1,0
BRDA:295,27,0,0
BRDA:295,27,1,0
BRDA:324,28,0,0
BRDA:324,28,1,0
BRDA:334,29,0,0
BRDA:334,29,1,0
BRDA:357,30,0,0
BRDA:357,30,1,0
BRDA:359,31,0,0
BRDA:359,31,1,0
BRDA:382,32,0,0
BRDA:382,32,1,0
BRDA:384,33,0,0
BRDA:384,33,1,0
BRF:68
BRH:0
end_of_record
TN:
SF:lib\middleware\tenant-isolation.ts
FN:12,(anonymous_8)
FN:22,(anonymous_9)
FN:50,(anonymous_10)
FN:68,(anonymous_11)
FN:89,(anonymous_12)
FN:119,(anonymous_13)
FN:129,(anonymous_14)
FN:135,(anonymous_15)
FN:154,(anonymous_16)
FN:176,(anonymous_17)
FN:209,withTenantIsolation
FN:212,(anonymous_19)
FN:242,withTenantRole
FN:243,(anonymous_21)
FN:246,(anonymous_22)
FN:256,withResourceAccess
FN:261,(anonymous_24)
FN:264,(anonymous_25)
FN:287,createTenantErrorResponse
FN:305,createTenantResponse
FNF:20
FNH:0
FNDA:0,(anonymous_8)
FNDA:0,(anonymous_9)
FNDA:0,(anonymous_10)
FNDA:0,(anonymous_11)
FNDA:0,(anonymous_12)
FNDA:0,(anonymous_13)
FNDA:0,(anonymous_14)
FNDA:0,(anonymous_15)
FNDA:0,(anonymous_16)
FNDA:0,(anonymous_17)
FNDA:0,withTenantIsolation
FNDA:0,(anonymous_19)
FNDA:0,withTenantRole
FNDA:0,(anonymous_21)
FNDA:0,(anonymous_22)
FNDA:0,withResourceAccess
FNDA:0,(anonymous_24)
FNDA:0,(anonymous_25)
FNDA:0,createTenantErrorResponse
FNDA:0,createTenantResponse
DA:6,0
DA:7,0
DA:8,0
DA:11,0
DA:13,0
DA:14,0
DA:18,0
DA:23,0
DA:24,0
DA:26,0
DA:27,0
DA:28,0
DA:29,0
DA:31,0
DA:32,0
DA:35,0
DA:42,0
DA:43,0
DA:51,0
DA:53,0
DA:54,0
DA:58,0
DA:59,0
DA:62,0
DA:69,0
DA:71,0
DA:72,0
DA:75,0
DA:78,0
DA:83,0
DA:94,0
DA:96,0
DA:97,0
DA:100,0
DA:101,0
DA:107,0
DA:108,0
DA:111,0
DA:112,0
DA:123,0
DA:125,0
DA:126,0
DA:129,0
DA:139,0
DA:141,0
DA:142,0
DA:145,0
DA:155,0
DA:157,0
DA:158,0
DA:161,0
DA:164,0
DA:165,0
DA:168,0
DA:169,0
DA:181,0
DA:182,0
DA:183,0
DA:185,0
DA:201,0
DA:209,0
DA:212,0
DA:213,0
DA:214,0
DA:215,0
DA:217,0
DA:218,0
DA:224,0
DA:230,0
DA:231,0
DA:242,0
DA:243,0
DA:246,0
DA:247,0
DA:248,0
DA:256,0
DA:261,0
DA:264,0
DA:266,0
DA:267,0
DA:268,0
DA:271,0
DA:272,0
DA:279,0
DA:287,0
DA:292,0
DA:305,0
DA:310,0
DA:313,0
DA:314,0
DA:316,0
LF:91
LH:0
BRDA:12,0,0,0
BRDA:31,1,0,0
BRDA:31,1,1,0
BRDA:31,2,0,0
BRDA:31,2,1,0
BRDA:31,2,2,0
BRDA:39,3,0,0
BRDA:39,3,1,0
BRDA:53,4,0,0
BRDA:53,4,1,0
BRDA:58,5,0,0
BRDA:58,5,1,0
BRDA:58,6,0,0
BRDA:58,6,1,0
BRDA:69,7,0,0
BRDA:69,7,1,0
BRDA:71,8,0,0
BRDA:71,8,1,0
BRDA:92,9,0,0
BRDA:96,10,0,0
BRDA:96,10,1,0
BRDA:107,11,0,0
BRDA:107,11,1,0
BRDA:111,12,0,0
BRDA:111,12,1,0
BRDA:121,13,0,0
BRDA:125,14,0,0
BRDA:125,14,1,0
BRDA:137,15,0,0
BRDA:141,16,0,0
BRDA:141,16,1,0
BRDA:157,17,0,0
BRDA:157,17,1,0
BRDA:161,18,0,0
BRDA:161,18,1,0
BRDA:164,19,0,0
BRDA:164,19,1,0
BRDA:168,20,0,0
BRDA:168,20,1,0
BRDA:193,21,0,0
BRDA:193,21,1,0
BRDA:217,22,0,0
BRDA:217,22,1,0
BRDA:258,23,0,0
BRDA:259,24,0,0
BRDA:268,25,0,0
BRDA:268,25,1,0
BRDA:271,26,0,0
BRDA:271,26,1,0
BRDA:289,27,0,0
BRDA:308,28,0,0
BRF:51
BRH:0
end_of_record
TN:
SF:lib\services\analytics-service.ts
FN:10,(anonymous_1)
FN:12,(anonymous_2)
FN:25,(anonymous_3)
FN:26,(anonymous_4)
FN:44,(anonymous_5)
FN:46,(anonymous_6)
FN:74,(anonymous_7)
FNF:7
FNH:0
FNDA:0,(anonymous_1)
FNDA:0,(anonymous_2)
FNDA:0,(anonymous_3)
FNDA:0,(anonymous_4)
FNDA:0,(anonymous_5)
FNDA:0,(anonymous_6)
FNDA:0,(anonymous_7)
DA:9,0
DA:10,0
DA:14,0
DA:20,0
DA:25,0
DA:26,0
DA:27,0
DA:28,0
DA:30,0
DA:32,0
DA:36,0
DA:44,0
DA:45,0
DA:46,0
DA:47,0
DA:48,0
DA:50,0
DA:55,0
DA:59,0
DA:62,0
DA:69,0
DA:74,0
DA:75,0
DA:77,0
LF:24
LH:0
BRDA:25,0,0,0
BRDA:25,0,1,0
BRDA:27,1,0,0
BRDA:27,1,1,0
BRDA:44,2,0,0
BRDA:44,2,1,0
BRDA:45,3,0,0
BRDA:45,3,1,0
BRDA:47,4,0,0
BRDA:47,4,1,0
BRDA:74,5,0,0
BRDA:74,5,1,0
BRDA:75,6,0,0
BRDA:75,6,1,0
BRDA:78,7,0,0
BRDA:78,7,1,0
BRDA:82,8,0,0
BRDA:82,8,1,0
BRF:18
BRH:0
end_of_record
TN:
SF:lib\services\api-key-service.ts
FN:72,(anonymous_4)
FN:83,(anonymous_5)
FN:164,(anonymous_6)
FN:192,(anonymous_7)
FN:243,(anonymous_8)
FN:297,(anonymous_9)
FN:344,(anonymous_10)
FN:387,(anonymous_11)
FN:450,(anonymous_12)
FN:487,(anonymous_13)
FN:530,(anonymous_14)
FN:580,(anonymous_15)
FN:583,(anonymous_16)
FN:583,(anonymous_17)
FN:585,(anonymous_18)
FN:589,(anonymous_19)
FN:595,(anonymous_20)
FN:597,(anonymous_21)
FN:600,(anonymous_22)
FN:607,(anonymous_23)
FN:608,(anonymous_24)
FN:637,(anonymous_25)
FN:645,(anonymous_26)
FN:652,(anonymous_27)
FN:654,(anonymous_28)
FN:660,(anonymous_29)
FN:668,(anonymous_30)
FN:676,(anonymous_31)
FN:703,(anonymous_32)
FN:710,(anonymous_33)
FN:716,(anonymous_34)
FN:764,(anonymous_35)
FN:784,(anonymous_36)
FN:785,(anonymous_37)
FN:788,(anonymous_38)
FNF:35
FNH:0
FNDA:0,(anonymous_4)
FNDA:0,(anonymous_5)
FNDA:0,(anonymous_6)
FNDA:0,(anonymous_7)
FNDA:0,(anonymous_8)
FNDA:0,(anonymous_9)
FNDA:0,(anonymous_10)
FNDA:0,(anonymous_11)
FNDA:0,(anonymous_12)
FNDA:0,(anonymous_13)
FNDA:0,(anonymous_14)
FNDA:0,(anonymous_15)
FNDA:0,(anonymous_16)
FNDA:0,(anonymous_17)
FNDA:0,(anonymous_18)
FNDA:0,(anonymous_19)
FNDA:0,(anonymous_20)
FNDA:0,(anonymous_21)
FNDA:0,(anonymous_22)
FNDA:0,(anonymous_23)
FNDA:0,(anonymous_24)
FNDA:0,(anonymous_25)
FNDA:0,(anonymous_26)
FNDA:0,(anonymous_27)
FNDA:0,(anonymous_28)
FNDA:0,(anonymous_29)
FNDA:0,(anonymous_30)
FNDA:0,(anonymous_31)
FNDA:0,(anonymous_32)
FNDA:0,(anonymous_33)
FNDA:0,(anonymous_34)
FNDA:0,(anonymous_35)
FNDA:0,(anonymous_36)
FNDA:0,(anonymous_37)
FNDA:0,(anonymous_38)
DA:6,1
DA:14,1
DA:71,1
DA:73,0
DA:96,0
DA:97,0
DA:100,0
DA:101,0
DA:102,0
DA:106,0
DA:107,0
DA:108,0
DA:109,0
DA:113,0
DA:127,0
DA:133,0
DA:134,0
DA:135,0
DA:139,0
DA:147,0
DA:153,0
DA:154,0
DA:170,0
DA:171,0
DA:172,0
DA:174,0
DA:181,0
DA:182,0
DA:186,0
DA:187,0
DA:191,0
DA:192,0
DA:193,0
DA:196,0
DA:197,0
DA:202,0
DA:203,0
DA:204,0
DA:212,0
DA:213,0
DA:217,0
DA:218,0
DA:222,0
DA:227,0
DA:232,0
DA:233,0
DA:257,0
DA:258,0
DA:260,0
DA:262,0
DA:263,0
DA:264,0
DA:265,0
DA:266,0
DA:267,0
DA:268,0
DA:270,0
DA:279,0
DA:280,0
DA:281,0
DA:284,0
DA:286,0
DA:287,0
DA:303,0
DA:304,0
DA:306,0
DA:319,0
DA:320,0
DA:321,0
DA:325,0
DA:331,0
DA:333,0
DA:334,0
DA:349,0
DA:350,0
DA:352,0
DA:359,0
DA:360,0
DA:363,0
DA:365,0
DA:366,0
DA:367,0
DA:370,0
DA:372,0
DA:373,0
DA:388,0
DA:389,0
DA:390,0
DA:391,0
DA:394,0
DA:403,0
DA:404,0
DA:406,0
DA:407,0
DA:408,0
DA:411,0
DA:413,0
DA:423,0
DA:426,0
DA:427,0
DA:429,0
DA:436,0
DA:438,0
DA:451,0
DA:452,0
DA:453,0
DA:456,0
DA:465,0
DA:467,0
DA:476,0
DA:500,0
DA:501,0
DA:503,0
DA:516,0
DA:521,0
DA:523,0
DA:546,0
DA:547,0
DA:548,0
DA:549,0
DA:552,0
DA:559,0
DA:560,0
DA:561,0
DA:564,0
DA:565,0
DA:579,0
DA:580,0
DA:581,0
DA:583,0
DA:584,0
DA:585,0
DA:589,0
DA:590,0
DA:591,0
DA:594,0
DA:595,0
DA:597,0
DA:600,0
DA:601,0
DA:602,0
DA:603,0
DA:606,0
DA:607,0
DA:608,0
DA:610,0
DA:622,0
DA:623,0
DA:638,0
DA:639,0
DA:646,0
DA:653,0
DA:654,0
DA:662,0
DA:670,0
DA:677,0
DA:678,0
DA:680,0
DA:686,0
DA:687,0
DA:690,0
DA:692,0
DA:704,0
DA:705,0
DA:706,0
DA:707,0
DA:711,0
DA:721,0
DA:723,0
DA:724,0
DA:726,0
DA:728,0
DA:730,0
DA:732,0
DA:734,0
DA:736,0
DA:738,0
DA:742,0
DA:743,0
DA:744,0
DA:745,0
DA:747,0
DA:749,0
DA:751,0
DA:753,0
DA:755,0
DA:757,0
DA:759,0
DA:766,0
DA:769,0
DA:770,0
DA:771,0
DA:774,0
DA:775,0
DA:776,0
DA:778,0
DA:781,0
DA:785,0
DA:794,0
DA:795,0
DA:797,0
DA:806,0
DA:810,0
DA:816,1
LF:204
LH:4
BRDA:87,0,0,0
BRDA:88,1,0,0
BRDA:89,2,0,0
BRDA:106,3,0,0
BRDA:106,3,1,0
BRDA:121,4,0,0
BRDA:121,4,1,0
BRDA:122,5,0,0
BRDA:122,5,1,0
BRDA:123,6,0,0
BRDA:123,6,1,0
BRDA:133,7,0,0
BRDA:133,7,1,0
BRDA:156,8,0,0
BRDA:156,8,1,0
BRDA:181,9,0,0
BRDA:181,9,1,0
BRDA:181,10,0,0
BRDA:181,10,1,0
BRDA:186,11,0,0
BRDA:186,11,1,0
BRDA:186,12,0,0
BRDA:186,12,1,0
BRDA:191,13,0,0
BRDA:191,13,1,0
BRDA:191,14,0,0
BRDA:191,14,1,0
BRDA:196,15,0,0
BRDA:196,15,1,0
BRDA:203,16,0,0
BRDA:203,16,1,0
BRDA:212,17,0,0
BRDA:212,17,1,0
BRDA:212,18,0,0
BRDA:212,18,1,0
BRDA:217,19,0,0
BRDA:217,19,1,0
BRDA:217,20,0,0
BRDA:217,20,1,0
BRDA:235,21,0,0
BRDA:235,21,1,0
BRDA:262,22,0,0
BRDA:262,22,1,0
BRDA:263,23,0,0
BRDA:263,23,1,0
BRDA:264,24,0,0
BRDA:264,24,1,0
BRDA:265,25,0,0
BRDA:265,25,1,0
BRDA:266,26,0,0
BRDA:266,26,1,0
BRDA:267,27,0,0
BRDA:267,27,1,0
BRDA:268,28,0,0
BRDA:268,28,1,0
BRDA:279,29,0,0
BRDA:279,29,1,0
BRDA:289,30,0,0
BRDA:289,30,1,0
BRDA:301,31,0,0
BRDA:319,32,0,0
BRDA:319,32,1,0
BRDA:336,33,0,0
BRDA:336,33,1,0
BRDA:347,34,0,0
BRDA:359,35,0,0
BRDA:359,35,1,0
BRDA:365,36,0,0
BRDA:365,36,1,0
BRDA:375,37,0,0
BRDA:375,37,1,0
BRDA:406,38,0,0
BRDA:406,38,1,0
BRDA:406,39,0,0
BRDA:406,39,1,0
BRDA:465,40,0,0
BRDA:465,40,1,0
BRDA:492,41,0,0
BRDA:533,42,0,0
BRDA:559,43,0,0
BRDA:559,43,1,0
BRDA:564,44,0,0
BRDA:564,44,1,0
BRDA:564,45,0,0
BRDA:564,45,1,0
BRDA:580,46,0,0
BRDA:580,46,1,0
BRDA:584,47,0,0
BRDA:584,47,1,0
BRDA:590,48,0,0
BRDA:590,48,1,0
BRDA:602,49,0,0
BRDA:602,49,1,0
BRDA:625,50,0,0
BRDA:625,50,1,0
BRDA:639,51,0,0
BRDA:639,51,1,0
BRDA:653,52,0,0
BRDA:653,52,1,0
BRDA:670,53,0,0
BRDA:670,53,1,0
BRDA:686,54,0,0
BRDA:686,54,1,0
BRDA:694,55,0,0
BRDA:694,55,1,0
BRDA:721,56,0,0
BRDA:721,56,1,0
BRDA:726,57,0,0
BRDA:726,57,1,0
BRDA:726,57,2,0
BRDA:726,57,3,0
BRDA:726,57,4,0
BRDA:726,57,5,0
BRDA:747,58,0,0
BRDA:747,58,1,0
BRDA:747,58,2,0
BRDA:747,58,3,0
BRDA:747,58,4,0
BRDA:747,58,5,0
BRDA:766,59,0,0
BRDA:766,59,1,0
BRDA:769,60,0,0
BRDA:769,60,1,0
BRF:123
BRH:0
end_of_record
TN:
SF:lib\services\asset-service.ts
FN:10,(anonymous_1)
FN:12,(anonymous_2)
FN:24,(anonymous_3)
FN:54,(anonymous_4)
FN:68,(anonymous_5)
FN:82,(anonymous_6)
FN:95,(anonymous_7)
FN:105,(anonymous_8)
FN:106,(anonymous_9)
FN:134,(anonymous_10)
FN:136,(anonymous_11)
FN:141,(anonymous_12)
FN:142,(anonymous_13)
FN:144,(anonymous_14)
FN:155,(anonymous_15)
FNF:15
FNH:0
FNDA:0,(anonymous_1)
FNDA:0,(anonymous_2)
FNDA:0,(anonymous_3)
FNDA:0,(anonymous_4)
FNDA:0,(anonymous_5)
FNDA:0,(anonymous_6)
FNDA:0,(anonymous_7)
FNDA:0,(anonymous_8)
FNDA:0,(anonymous_9)
FNDA:0,(anonymous_10)
FNDA:0,(anonymous_11)
FNDA:0,(anonymous_12)
FNDA:0,(anonymous_13)
FNDA:0,(anonymous_14)
FNDA:0,(anonymous_15)
DA:9,0
DA:10,0
DA:13,0
DA:20,0
DA:21,0
DA:25,0
DA:30,0
DA:32,0
DA:33,0
DA:35,0
DA:36,0
DA:40,0
DA:41,0
DA:44,0
DA:45,0
DA:47,0
DA:49,0
DA:51,0
DA:53,0
DA:54,0
DA:69,0
DA:78,0
DA:79,0
DA:83,0
DA:91,0
DA:92,0
DA:96,0
DA:102,0
DA:106,0
DA:112,0
DA:117,0
DA:118,0
DA:126,0
DA:135,0
DA:137,0
DA:141,0
DA:142,0
DA:143,0
DA:144,0
DA:147,0
DA:156,0
DA:162,0
DA:163,0
DA:171,0
LF:44
LH:0
BRDA:20,0,0,0
BRDA:20,0,1,0
BRDA:30,1,0,0
BRDA:30,1,1,0
BRDA:32,2,0,0
BRDA:32,2,1,0
BRDA:35,3,0,0
BRDA:35,3,1,0
BRDA:40,4,0,0
BRDA:40,4,1,0
BRDA:44,5,0,0
BRDA:44,5,1,0
BRDA:45,6,0,0
BRDA:45,6,1,0
BRDA:51,7,0,0
BRDA:51,7,1,0
BRDA:61,8,0,0
BRDA:61,8,1,0
BRDA:62,9,0,0
BRDA:62,9,1,0
BRDA:78,10,0,0
BRDA:78,10,1,0
BRDA:91,11,0,0
BRDA:91,11,1,0
BRDA:102,12,0,0
BRDA:102,12,1,0
BRDA:117,13,0,0
BRDA:117,13,1,0
BRDA:144,14,0,0
BRDA:144,14,1,0
BRDA:162,15,0,0
BRDA:162,15,1,0
BRF:32
BRH:0
end_of_record
TN:
SF:lib\services\dashboard-service.ts
FN:22,(anonymous_1)
FN:30,(anonymous_2)
FN:61,(anonymous_3)
FN:86,(anonymous_4)
FN:103,(anonymous_5)
FN:120,(anonymous_6)
FN:147,(anonymous_7)
FN:172,(anonymous_8)
FN:191,(anonymous_9)
FN:194,(anonymous_10)
FN:218,(anonymous_11)
FN:228,(anonymous_12)
FN:237,(anonymous_13)
FN:241,(anonymous_14)
FN:262,(anonymous_15)
FN:276,(anonymous_16)
FN:321,(anonymous_17)
FN:343,(anonymous_18)
FN:358,(anonymous_19)
FN:379,(anonymous_20)
FN:401,(anonymous_21)
FN:414,(anonymous_22)
FN:433,(anonymous_23)
FN:465,(anonymous_24)
FN:505,(anonymous_25)
FN:532,(anonymous_26)
FN:569,(anonymous_27)
FN:576,(anonymous_28)
FN:592,(anonymous_29)
FN:603,(anonymous_30)
FN:619,(anonymous_31)
FN:636,(anonymous_32)
FNF:32
FNH:0
FNDA:0,(anonymous_1)
FNDA:0,(anonymous_2)
FNDA:0,(anonymous_3)
FNDA:0,(anonymous_4)
FNDA:0,(anonymous_5)
FNDA:0,(anonymous_6)
FNDA:0,(anonymous_7)
FNDA:0,(anonymous_8)
FNDA:0,(anonymous_9)
FNDA:0,(anonymous_10)
FNDA:0,(anonymous_11)
FNDA:0,(anonymous_12)
FNDA:0,(anonymous_13)
FNDA:0,(anonymous_14)
FNDA:0,(anonymous_15)
FNDA:0,(anonymous_16)
FNDA:0,(anonymous_17)
FNDA:0,(anonymous_18)
FNDA:0,(anonymous_19)
FNDA:0,(anonymous_20)
FNDA:0,(anonymous_21)
FNDA:0,(anonymous_22)
FNDA:0,(anonymous_23)
FNDA:0,(anonymous_24)
FNDA:0,(anonymous_25)
FNDA:0,(anonymous_26)
FNDA:0,(anonymous_27)
FNDA:0,(anonymous_28)
FNDA:0,(anonymous_29)
FNDA:0,(anonymous_30)
FNDA:0,(anonymous_31)
FNDA:0,(anonymous_32)
DA:6,0
DA:21,0
DA:23,0
DA:31,0
DA:32,0
DA:34,0
DA:50,0
DA:51,0
DA:54,0
DA:56,0
DA:57,0
DA:62,0
DA:63,0
DA:65,0
DA:75,0
DA:76,0
DA:79,0
DA:81,0
DA:82,0
DA:87,0
DA:88,0
DA:90,0
DA:97,0
DA:98,0
DA:102,0
DA:103,0
DA:110,0
DA:115,0
DA:116,0
DA:121,0
DA:122,0
DA:124,0
DA:129,0
DA:130,0
DA:133,0
DA:136,0
DA:137,0
DA:140,0
DA:142,0
DA:143,0
DA:148,0
DA:149,0
DA:151,0
DA:157,0
DA:158,0
DA:161,0
DA:163,0
DA:164,0
DA:173,0
DA:174,0
DA:176,0
DA:178,0
DA:179,0
DA:190,0
DA:191,0
DA:194,0
DA:201,0
DA:204,0
DA:207,0
DA:210,0
DA:211,0
DA:220,0
DA:223,0
DA:224,0
DA:227,0
DA:228,0
DA:230,0
DA:238,0
DA:239,0
DA:240,0
DA:241,0
DA:242,0
DA:246,0
DA:247,0
DA:248,0
DA:251,0
DA:253,0
DA:254,0
DA:263,0
DA:264,0
DA:265,0
DA:267,0
DA:272,0
DA:275,0
DA:276,0
DA:277,0
DA:279,0
DA:280,0
DA:282,0
DA:283,0
DA:285,0
DA:286,0
DA:288,0
DA:289,0
DA:291,0
DA:292,0
DA:294,0
DA:295,0
DA:297,0
DA:298,0
DA:300,0
DA:301,0
DA:303,0
DA:304,0
DA:306,0
DA:307,0
DA:313,0
DA:314,0
DA:320,0
DA:321,0
DA:322,0
DA:327,0
DA:328,0
DA:330,0
DA:331,0
DA:334,0
DA:336,0
DA:337,0
DA:340,0
DA:342,0
DA:343,0
DA:349,0
DA:350,0
DA:359,0
DA:360,0
DA:362,0
DA:368,0
DA:369,0
DA:372,0
DA:374,0
DA:375,0
DA:380,0
DA:381,0
DA:383,0
DA:389,0
DA:390,0
DA:393,0
DA:395,0
DA:396,0
DA:400,0
DA:402,0
DA:403,0
DA:407,0
DA:409,0
DA:410,0
DA:417,0
DA:418,0
DA:425,0
DA:426,0
DA:428,0
DA:429,0
DA:435,0
DA:437,0
DA:438,0
DA:441,0
DA:442,0
DA:443,0
DA:448,0
DA:449,0
DA:453,0
DA:466,0
DA:467,0
DA:471,0
DA:473,0
DA:474,0
DA:476,0
DA:477,0
DA:479,0
DA:480,0
DA:482,0
DA:483,0
DA:485,0
DA:486,0
DA:488,0
DA:489,0
DA:491,0
DA:494,0
DA:506,0
DA:507,0
DA:509,0
DA:514,0
DA:515,0
DA:518,0
DA:521,0
DA:522,0
DA:525,0
DA:527,0
DA:528,0
DA:538,0
DA:539,0
DA:541,0
DA:547,0
DA:548,0
DA:551,0
DA:558,0
DA:560,0
DA:561,0
DA:570,0
DA:571,0
DA:572,0
DA:573,0
DA:576,0
DA:577,0
DA:578,0
DA:581,0
DA:583,0
DA:584,0
DA:593,0
DA:596,0
DA:598,0
DA:599,0
DA:608,0
DA:609,0
DA:611,0
DA:613,0
DA:619,0
DA:625,0
DA:626,0
DA:629,0
DA:631,0
DA:632,0
DA:637,0
LF:222
LH:0
BRDA:50,0,0,0
BRDA:50,0,1,0
BRDA:75,1,0,0
BRDA:75,1,1,0
BRDA:97,2,0,0
BRDA:97,2,1,0
BRDA:129,3,0,0
BRDA:129,3,1,0
BRDA:136,4,0,0
BRDA:136,4,1,0
BRDA:140,5,0,0
BRDA:140,5,1,0
BRDA:157,6,0,0
BRDA:157,6,1,0
BRDA:176,7,0,0
BRDA:176,7,1,0
BRDA:176,7,2,0
BRDA:176,7,3,0
BRDA:178,8,0,0
BRDA:178,8,1,0
BRDA:181,9,0,0
BRDA:181,9,1,0
BRDA:182,10,0,0
BRDA:182,10,1,0
BRDA:201,11,0,0
BRDA:201,11,1,0
BRDA:204,12,0,0
BRDA:204,12,1,0
BRDA:213,13,0,0
BRDA:213,13,1,0
BRDA:224,14,0,0
BRDA:224,14,1,0
BRDA:228,15,0,0
BRDA:228,15,1,0
BRDA:240,16,0,0
BRDA:240,16,1,0
BRDA:247,17,0,0
BRDA:247,17,1,0
BRDA:275,18,0,0
BRDA:275,18,1,0
BRDA:277,19,0,0
BRDA:277,19,1,0
BRDA:277,19,2,0
BRDA:277,19,3,0
BRDA:277,19,4,0
BRDA:277,19,5,0
BRDA:277,19,6,0
BRDA:277,19,7,0
BRDA:277,19,8,0
BRDA:277,19,9,0
BRDA:313,20,0,0
BRDA:313,20,1,0
BRDA:320,21,0,0
BRDA:320,21,1,0
BRDA:327,22,0,0
BRDA:327,22,1,0
BRDA:330,23,0,0
BRDA:330,23,1,0
BRDA:331,24,0,0
BRDA:331,24,1,0
BRDA:336,25,0,0
BRDA:336,25,1,0
BRDA:343,26,0,0
BRDA:343,26,1,0
BRDA:343,27,0,0
BRDA:343,27,1,0
BRDA:343,28,0,0
BRDA:343,28,1,0
BRDA:344,29,0,0
BRDA:344,29,1,0
BRDA:368,30,0,0
BRDA:368,30,1,0
BRDA:389,31,0,0
BRDA:389,31,1,0
BRDA:389,32,0,0
BRDA:389,32,1,0
BRDA:395,33,0,0
BRDA:395,33,1,0
BRDA:401,34,0,0
BRDA:401,34,1,0
BRDA:426,35,0,0
BRDA:426,35,1,0
BRDA:438,36,0,0
BRDA:438,36,1,0
BRDA:438,36,2,0
BRDA:438,36,3,0
BRDA:441,37,0,0
BRDA:441,37,1,0
BRDA:448,38,0,0
BRDA:448,38,1,0
BRDA:449,39,0,0
BRDA:449,39,1,0
BRDA:449,40,0,0
BRDA:449,40,1,0
BRDA:471,41,0,0
BRDA:471,41,1,0
BRDA:471,41,2,0
BRDA:471,41,3,0
BRDA:471,41,4,0
BRDA:471,41,5,0
BRDA:471,41,6,0
BRDA:514,42,0,0
BRDA:514,42,1,0
BRDA:521,43,0,0
BRDA:521,43,1,0
BRDA:525,44,0,0
BRDA:525,44,1,0
BRDA:547,45,0,0
BRDA:547,45,1,0
BRDA:572,46,0,0
BRDA:572,46,1,0
BRDA:577,47,0,0
BRDA:577,47,1,0
BRDA:625,48,0,0
BRDA:625,48,1,0
BRF:115
BRH:0
end_of_record
TN:
SF:lib\services\delegation-service.ts
FN:17,(anonymous_1)
FN:25,(anonymous_2)
FN:74,(anonymous_3)
FN:123,(anonymous_4)
FN:184,(anonymous_5)
FN:233,(anonymous_6)
FN:268,(anonymous_7)
FN:324,(anonymous_8)
FN:363,(anonymous_9)
FN:447,(anonymous_10)
FN:477,(anonymous_11)
FN:501,(anonymous_12)
FN:531,(anonymous_13)
FN:565,(anonymous_14)
FN:592,(anonymous_15)
FN:623,(anonymous_16)
FN:638,(anonymous_17)
FN:666,(anonymous_18)
FN:686,(anonymous_19)
FN:687,(anonymous_20)
FN:688,(anonymous_21)
FNF:21
FNH:0
FNDA:0,(anonymous_1)
FNDA:0,(anonymous_2)
FNDA:0,(anonymous_3)
FNDA:0,(anonymous_4)
FNDA:0,(anonymous_5)
FNDA:0,(anonymous_6)
FNDA:0,(anonymous_7)
FNDA:0,(anonymous_8)
FNDA:0,(anonymous_9)
FNDA:0,(anonymous_10)
FNDA:0,(anonymous_11)
FNDA:0,(anonymous_12)
FNDA:0,(anonymous_13)
FNDA:0,(anonymous_14)
FNDA:0,(anonymous_15)
FNDA:0,(anonymous_16)
FNDA:0,(anonymous_17)
FNDA:0,(anonymous_18)
FNDA:0,(anonymous_19)
FNDA:0,(anonymous_20)
FNDA:0,(anonymous_21)
DA:6,1
DA:16,1
DA:18,0
DA:30,0
DA:31,0
DA:34,0
DA:41,0
DA:42,0
DA:46,0
DA:47,0
DA:53,0
DA:54,0
DA:59,0
DA:60,0
DA:61,0
DA:62,0
DA:67,0
DA:68,0
DA:69,0
DA:74,0
DA:76,0
DA:77,0
DA:82,0
DA:83,0
DA:84,0
DA:86,0
DA:87,0
DA:90,0
DA:91,0
DA:94,0
DA:112,0
DA:113,0
DA:116,0
DA:118,0
DA:119,0
DA:129,0
DA:130,0
DA:133,0
DA:140,0
DA:141,0
DA:144,0
DA:145,0
DA:148,0
DA:149,0
DA:153,0
DA:154,0
DA:155,0
DA:157,0
DA:158,0
DA:162,0
DA:173,0
DA:174,0
DA:177,0
DA:179,0
DA:180,0
DA:190,0
DA:191,0
DA:193,0
DA:200,0
DA:201,0
DA:204,0
DA:205,0
DA:208,0
DA:209,0
DA:212,0
DA:222,0
DA:223,0
DA:226,0
DA:228,0
DA:229,0
DA:234,0
DA:235,0
DA:237,0
DA:261,0
DA:263,0
DA:264,0
DA:273,0
DA:274,0
DA:276,0
DA:298,0
DA:300,0
DA:301,0
DA:303,0
DA:304,0
DA:306,0
DA:307,0
DA:310,0
DA:313,0
DA:314,0
DA:317,0
DA:319,0
DA:320,0
DA:325,0
DA:326,0
DA:328,0
DA:348,0
DA:349,0
DA:352,0
DA:354,0
DA:355,0
DA:368,0
DA:369,0
DA:372,0
DA:373,0
DA:374,0
DA:378,0
DA:385,0
DA:386,0
DA:390,0
DA:391,0
DA:398,0
DA:399,0
DA:402,0
DA:403,0
DA:408,0
DA:409,0
DA:410,0
DA:412,0
DA:413,0
DA:416,0
DA:417,0
DA:420,0
DA:436,0
DA:437,0
DA:440,0
DA:442,0
DA:443,0
DA:452,0
DA:453,0
DA:455,0
DA:466,0
DA:467,0
DA:470,0
DA:472,0
DA:473,0
DA:478,0
DA:479,0
DA:481,0
DA:490,0
DA:491,0
DA:494,0
DA:496,0
DA:497,0
DA:502,0
DA:503,0
DA:505,0
DA:524,0
DA:526,0
DA:527,0
DA:532,0
DA:533,0
DA:535,0
DA:550,0
DA:551,0
DA:554,0
DA:556,0
DA:557,0
DA:566,0
DA:567,0
DA:569,0
DA:575,0
DA:576,0
DA:579,0
DA:581,0
DA:582,0
DA:585,0
DA:587,0
DA:588,0
DA:593,0
DA:594,0
DA:596,0
DA:602,0
DA:603,0
DA:606,0
DA:608,0
DA:609,0
DA:612,0
DA:614,0
DA:615,0
DA:628,0
DA:631,0
DA:633,0
DA:634,0
DA:643,0
DA:644,0
DA:646,0
DA:655,0
DA:657,0
DA:658,0
DA:674,0
DA:675,0
DA:676,0
DA:679,0
DA:685,0
DA:686,0
DA:687,0
DA:688,0
DA:691,0
DA:697,0
DA:700,0
DA:706,0
DA:715,0
DA:716,0
LF:203
LH:2
BRDA:41,0,0,0
BRDA:41,0,1,0
BRDA:46,1,0,0
BRDA:46,1,1,0
BRDA:46,2,0,0
BRDA:46,2,1,0
BRDA:53,3,0,0
BRDA:53,3,1,0
BRDA:59,4,0,0
BRDA:59,4,1,0
BRDA:61,5,0,0
BRDA:61,5,1,0
BRDA:68,6,0,0
BRDA:68,6,1,0
BRDA:68,7,0,0
BRDA:68,7,1,0
BRDA:74,8,0,0
BRDA:74,8,1,0
BRDA:76,9,0,0
BRDA:76,9,1,0
BRDA:86,10,0,0
BRDA:86,10,1,0
BRDA:90,11,0,0
BRDA:90,11,1,0
BRDA:102,12,0,0
BRDA:102,12,1,0
BRDA:103,13,0,0
BRDA:103,13,1,0
BRDA:104,14,0,0
BRDA:104,14,1,0
BRDA:112,15,0,0
BRDA:112,15,1,0
BRDA:140,16,0,0
BRDA:140,16,1,0
BRDA:144,17,0,0
BRDA:144,17,1,0
BRDA:148,18,0,0
BRDA:148,18,1,0
BRDA:148,19,0,0
BRDA:148,19,1,0
BRDA:153,20,0,0
BRDA:153,20,1,0
BRDA:157,21,0,0
BRDA:157,21,1,0
BRDA:173,22,0,0
BRDA:173,22,1,0
BRDA:200,23,0,0
BRDA:200,23,1,0
BRDA:204,24,0,0
BRDA:204,24,1,0
BRDA:208,25,0,0
BRDA:208,25,1,0
BRDA:216,26,0,0
BRDA:216,26,1,0
BRDA:222,27,0,0
BRDA:222,27,1,0
BRDA:271,28,0,0
BRDA:298,29,0,0
BRDA:298,29,1,0
BRDA:298,29,2,0
BRDA:313,30,0,0
BRDA:313,30,1,0
BRDA:317,31,0,0
BRDA:317,31,1,0
BRDA:348,32,0,0
BRDA:348,32,1,0
BRDA:352,33,0,0
BRDA:352,33,1,0
BRDA:373,34,0,0
BRDA:373,34,1,0
BRDA:385,35,0,0
BRDA:385,35,1,0
BRDA:385,36,0,0
BRDA:385,36,1,0
BRDA:390,37,0,0
BRDA:390,37,1,0
BRDA:398,38,0,0
BRDA:398,38,1,0
BRDA:402,39,0,0
BRDA:402,39,1,0
BRDA:412,40,0,0
BRDA:412,40,1,0
BRDA:416,41,0,0
BRDA:416,41,1,0
BRDA:428,42,0,0
BRDA:428,42,1,0
BRDA:429,43,0,0
BRDA:429,43,1,0
BRDA:431,44,0,0
BRDA:431,44,1,0
BRDA:436,45,0,0
BRDA:436,45,1,0
BRDA:466,46,0,0
BRDA:466,46,1,0
BRDA:490,47,0,0
BRDA:490,47,1,0
BRDA:550,48,0,0
BRDA:550,48,1,0
BRDA:554,49,0,0
BRDA:554,49,1,0
BRDA:575,50,0,0
BRDA:575,50,1,0
BRDA:581,51,0,0
BRDA:581,51,1,0
BRDA:585,52,0,0
BRDA:585,52,1,0
BRDA:602,53,0,0
BRDA:602,53,1,0
BRDA:608,54,0,0
BRDA:608,54,1,0
BRDA:612,55,0,0
BRDA:612,55,1,0
BRDA:666,56,0,0
BRDA:685,57,0,0
BRDA:685,57,1,0
BRDA:686,58,0,0
BRDA:686,58,1,0
BRDA:687,59,0,0
BRDA:687,59,1,0
BRDA:688,60,0,0
BRDA:688,60,1,0
BRDA:697,61,0,0
BRDA:697,61,1,0
BRF:123
BRH:0
end_of_record
TN:
SF:lib\services\department-service-test.ts
FN:5,(anonymous_1)
FN:9,(anonymous_2)
FNF:2
FNH:0
FNDA:0,(anonymous_1)
FNDA:0,(anonymous_2)
DA:2,0
DA:4,0
DA:6,0
DA:10,0
DA:11,0
DA:13,0
DA:18,0
DA:20,0
DA:21,0
LF:9
LH:0
BRF:0
BRH:0
end_of_record
TN:
SF:lib\services\department-service.ts
FN:20,(anonymous_1)
FN:28,(anonymous_2)
FN:99,(anonymous_3)
FN:186,(anonymous_4)
FN:251,(anonymous_5)
FN:298,(anonymous_6)
FN:306,(anonymous_7)
FN:334,(anonymous_8)
FN:345,(anonymous_9)
FN:364,(anonymous_10)
FN:379,(anonymous_11)
FN:390,(anonymous_12)
FN:413,(anonymous_13)
FN:508,(anonymous_14)
FN:530,(anonymous_15)
FN:559,(anonymous_16)
FN:570,(anonymous_17)
FN:597,(anonymous_18)
FN:613,(anonymous_19)
FN:651,(anonymous_20)
FN:677,(anonymous_21)
FN:698,(anonymous_22)
FN:700,(anonymous_23)
FN:706,(anonymous_24)
FN:735,(anonymous_25)
FN:760,(anonymous_26)
FNF:26
FNH:0
FNDA:0,(anonymous_1)
FNDA:0,(anonymous_2)
FNDA:0,(anonymous_3)
FNDA:0,(anonymous_4)
FNDA:0,(anonymous_5)
FNDA:0,(anonymous_6)
FNDA:0,(anonymous_7)
FNDA:0,(anonymous_8)
FNDA:0,(anonymous_9)
FNDA:0,(anonymous_10)
FNDA:0,(anonymous_11)
FNDA:0,(anonymous_12)
FNDA:0,(anonymous_13)
FNDA:0,(anonymous_14)
FNDA:0,(anonymous_15)
FNDA:0,(anonymous_16)
FNDA:0,(anonymous_17)
FNDA:0,(anonymous_18)
FNDA:0,(anonymous_19)
FNDA:0,(anonymous_20)
FNDA:0,(anonymous_21)
FNDA:0,(anonymous_22)
FNDA:0,(anonymous_23)
FNDA:0,(anonymous_24)
FNDA:0,(anonymous_25)
FNDA:0,(anonymous_26)
DA:6,1
DA:19,1
DA:21,0
DA:29,0
DA:30,0
DA:33,0
DA:40,0
DA:41,0
DA:45,0
DA:46,0
DA:53,0
DA:54,0
DA:59,0
DA:60,0
DA:67,0
DA:68,0
DA:72,0
DA:73,0
DA:78,0
DA:88,0
DA:89,0
DA:92,0
DA:94,0
DA:95,0
DA:100,0
DA:101,0
DA:104,0
DA:111,0
DA:112,0
DA:116,0
DA:117,0
DA:125,0
DA:126,0
DA:131,0
DA:132,0
DA:140,0
DA:141,0
DA:146,0
DA:147,0
DA:154,0
DA:155,0
DA:159,0
DA:160,0
DA:164,0
DA:175,0
DA:176,0
DA:179,0
DA:181,0
DA:182,0
DA:187,0
DA:188,0
DA:191,0
DA:198,0
DA:199,0
DA:203,0
DA:210,0
DA:211,0
DA:215,0
DA:222,0
DA:223,0
DA:227,0
DA:234,0
DA:240,0
DA:241,0
DA:244,0
DA:246,0
DA:247,0
DA:252,0
DA:253,0
DA:255,0
DA:269,0
DA:270,0
DA:274,0
DA:281,0
DA:295,0
DA:298,0
DA:301,0
DA:302,0
DA:307,0
DA:308,0
DA:310,0
DA:317,0
DA:318,0
DA:321,0
DA:323,0
DA:324,0
DA:327,0
DA:329,0
DA:330,0
DA:335,0
DA:336,0
DA:337,0
DA:340,0
DA:345,0
DA:346,0
DA:347,0
DA:351,0
DA:364,0
DA:365,0
DA:366,0
DA:368,0
DA:369,0
DA:371,0
DA:375,0
DA:376,0
DA:379,0
DA:380,0
DA:386,0
DA:390,0
DA:391,0
DA:392,0
DA:393,0
DA:394,0
DA:395,0
DA:398,0
DA:402,0
DA:404,0
DA:405,0
DA:421,0
DA:422,0
DA:425,0
DA:432,0
DA:433,0
DA:436,0
DA:437,0
DA:441,0
DA:448,0
DA:449,0
DA:453,0
DA:454,0
DA:461,0
DA:474,0
DA:475,0
DA:477,0
DA:491,0
DA:492,0
DA:495,0
DA:498,0
DA:501,0
DA:503,0
DA:504,0
DA:509,0
DA:510,0
DA:512,0
DA:519,0
DA:520,0
DA:523,0
DA:525,0
DA:526,0
DA:531,0
DA:532,0
DA:534,0
DA:555,0
DA:556,0
DA:559,0
DA:565,0
DA:566,0
DA:571,0
DA:572,0
DA:574,0
DA:593,0
DA:594,0
DA:597,0
DA:604,0
DA:605,0
DA:621,0
DA:622,0
DA:624,0
DA:637,0
DA:638,0
DA:639,0
DA:641,0
DA:644,0
DA:646,0
DA:647,0
DA:652,0
DA:653,0
DA:655,0
DA:662,0
DA:663,0
DA:666,0
DA:668,0
DA:669,0
DA:678,0
DA:679,0
DA:680,0
DA:681,0
DA:682,0
DA:686,0
DA:687,0
DA:690,0
DA:698,0
DA:700,0
DA:701,0
DA:702,0
DA:703,0
DA:706,0
DA:712,0
DA:718,0
DA:726,0
DA:727,0
DA:736,0
DA:737,0
DA:740,0
DA:745,0
DA:747,0
DA:748,0
DA:749,0
DA:753,0
DA:755,0
DA:756,0
DA:761,0
DA:762,0
DA:764,0
DA:773,0
DA:774,0
DA:777,0
DA:779,0
DA:780,0
LF:219
LH:2
BRDA:40,0,0,0
BRDA:40,0,1,0
BRDA:45,1,0,0
BRDA:45,1,1,0
BRDA:53,2,0,0
BRDA:53,2,1,0
BRDA:59,3,0,0
BRDA:59,3,1,0
BRDA:67,4,0,0
BRDA:67,4,1,0
BRDA:72,5,0,0
BRDA:72,5,1,0
BRDA:88,6,0,0
BRDA:88,6,1,0
BRDA:111,7,0,0
BRDA:111,7,1,0
BRDA:116,8,0,0
BRDA:116,8,1,0
BRDA:116,9,0,0
BRDA:116,9,1,0
BRDA:125,10,0,0
BRDA:125,10,1,0
BRDA:131,11,0,0
BRDA:131,11,1,0
BRDA:131,12,0,0
BRDA:131,12,1,0
BRDA:140,13,0,0
BRDA:140,13,1,0
BRDA:146,14,0,0
BRDA:146,14,1,0
BRDA:154,15,0,0
BRDA:154,15,1,0
BRDA:159,16,0,0
BRDA:159,16,1,0
BRDA:175,17,0,0
BRDA:175,17,1,0
BRDA:198,18,0,0
BRDA:198,18,1,0
BRDA:210,19,0,0
BRDA:210,19,1,0
BRDA:210,20,0,0
BRDA:210,20,1,0
BRDA:222,21,0,0
BRDA:222,21,1,0
BRDA:222,22,0,0
BRDA:222,22,1,0
BRDA:240,23,0,0
BRDA:240,23,1,0
BRDA:269,24,0,0
BRDA:269,24,1,0
BRDA:297,25,0,0
BRDA:297,25,1,0
BRDA:298,26,0,0
BRDA:298,26,1,0
BRDA:306,27,0,0
BRDA:317,28,0,0
BRDA:317,28,1,0
BRDA:323,29,0,0
BRDA:323,29,1,0
BRDA:327,30,0,0
BRDA:327,30,1,0
BRDA:345,31,0,0
BRDA:345,31,1,0
BRDA:346,32,0,0
BRDA:346,32,1,0
BRDA:364,33,0,0
BRDA:364,33,1,0
BRDA:365,34,0,0
BRDA:365,34,1,0
BRDA:368,35,0,0
BRDA:368,35,1,0
BRDA:384,36,0,0
BRDA:384,36,1,0
BRDA:392,37,0,0
BRDA:392,37,1,0
BRDA:394,38,0,0
BRDA:394,38,1,0
BRDA:417,39,0,0
BRDA:432,40,0,0
BRDA:432,40,1,0
BRDA:436,41,0,0
BRDA:436,41,1,0
BRDA:448,42,0,0
BRDA:448,42,1,0
BRDA:453,43,0,0
BRDA:453,43,1,0
BRDA:469,44,0,0
BRDA:469,44,1,0
BRDA:474,45,0,0
BRDA:474,45,1,0
BRDA:475,46,0,0
BRDA:475,46,1,0
BRDA:482,47,0,0
BRDA:482,47,1,0
BRDA:491,48,0,0
BRDA:491,48,1,0
BRDA:519,49,0,0
BRDA:519,49,1,0
BRDA:555,50,0,0
BRDA:555,50,1,0
BRDA:559,51,0,0
BRDA:559,51,1,0
BRDA:593,52,0,0
BRDA:593,52,1,0
BRDA:597,53,0,0
BRDA:597,53,1,0
BRDA:617,54,0,0
BRDA:632,55,0,0
BRDA:632,55,1,0
BRDA:637,56,0,0
BRDA:637,56,1,0
BRDA:638,57,0,0
BRDA:638,57,1,0
BRDA:662,58,0,0
BRDA:662,58,1,0
BRDA:677,59,0,0
BRDA:681,60,0,0
BRDA:681,60,1,0
BRDA:700,61,0,0
BRDA:700,61,1,0
BRDA:701,62,0,0
BRDA:701,62,1,0
BRDA:701,62,2,0
BRDA:702,63,0,0
BRDA:702,63,1,0
BRDA:745,64,0,0
BRDA:745,64,1,0
BRDA:748,65,0,0
BRDA:748,65,1,0
BRDA:748,66,0,0
BRDA:748,66,1,0
BRDA:760,67,0,0
BRDA:773,68,0,0
BRDA:773,68,1,0
BRDA:777,69,0,0
BRDA:777,69,1,0
BRF:136
BRH:0
end_of_record
TN:
SF:lib\services\integration-service.ts
FN:88,(anonymous_6)
FN:90,(anonymous_7)
FN:128,(anonymous_8)
FN:149,(anonymous_9)
FN:166,(anonymous_10)
FN:204,(anonymous_11)
FN:219,(anonymous_12)
FN:273,(anonymous_13)
FN:329,(anonymous_14)
FN:383,(anonymous_15)
FN:389,(anonymous_16)
FN:395,(anonymous_17)
FN:407,(anonymous_18)
FN:419,(anonymous_19)
FN:449,(anonymous_20)
FN:455,(anonymous_21)
FN:461,(anonymous_22)
FN:470,(anonymous_23)
FN:483,(anonymous_24)
FN:496,(anonymous_25)
FN:514,(anonymous_26)
FN:521,(anonymous_27)
FN:525,(anonymous_28)
FN:529,(anonymous_29)
FNF:24
FNH:0
FNDA:0,(anonymous_6)
FNDA:0,(anonymous_7)
FNDA:0,(anonymous_8)
FNDA:0,(anonymous_9)
FNDA:0,(anonymous_10)
FNDA:0,(anonymous_11)
FNDA:0,(anonymous_12)
FNDA:0,(anonymous_13)
FNDA:0,(anonymous_14)
FNDA:0,(anonymous_15)
FNDA:0,(anonymous_16)
FNDA:0,(anonymous_17)
FNDA:0,(anonymous_18)
FNDA:0,(anonymous_19)
FNDA:0,(anonymous_20)
FNDA:0,(anonymous_21)
FNDA:0,(anonymous_22)
FNDA:0,(anonymous_23)
FNDA:0,(anonymous_24)
FNDA:0,(anonymous_25)
FNDA:0,(anonymous_26)
FNDA:0,(anonymous_27)
FNDA:0,(anonymous_28)
FNDA:0,(anonymous_29)
DA:22,0
DA:33,0
DA:87,0
DA:88,0
DA:98,0
DA:100,0
DA:103,0
DA:105,0
DA:119,0
DA:121,0
DA:123,0
DA:124,0
DA:129,0
DA:130,0
DA:137,0
DA:138,0
DA:139,0
DA:142,0
DA:144,0
DA:145,0
DA:150,0
DA:151,0
DA:157,0
DA:159,0
DA:161,0
DA:162,0
DA:175,0
DA:176,0
DA:180,0
DA:181,0
DA:182,0
DA:183,0
DA:184,0
DA:187,0
DA:195,0
DA:197,0
DA:199,0
DA:200,0
DA:205,0
DA:206,0
DA:212,0
DA:214,0
DA:215,0
DA:220,0
DA:221,0
DA:222,0
DA:223,0
DA:226,0
DA:227,0
DA:231,0
DA:236,0
DA:250,0
DA:253,0
DA:256,0
DA:260,0
DA:262,0
DA:265,0
DA:269,0
DA:274,0
DA:277,0
DA:279,0
DA:280,0
DA:282,0
DA:283,0
DA:285,0
DA:286,0
DA:288,0
DA:289,0
DA:292,0
DA:293,0
DA:295,0
DA:299,0
DA:311,0
DA:313,0
DA:316,0
DA:325,0
DA:331,0
DA:332,0
DA:339,0
DA:340,0
DA:341,0
DA:342,0
DA:344,0
DA:346,0
DA:349,0
DA:351,0
DA:352,0
DA:354,0
DA:356,0
DA:359,0
DA:360,0
DA:362,0
DA:363,0
DA:367,0
DA:379,0
DA:386,0
DA:392,0
DA:397,0
DA:404,0
DA:409,0
DA:416,0
DA:420,0
DA:423,0
DA:424,0
DA:427,0
DA:428,0
DA:432,0
DA:433,0
DA:435,0
DA:436,0
DA:438,0
DA:441,0
DA:442,0
DA:444,0
DA:452,0
DA:458,0
DA:462,0
DA:463,0
DA:464,0
DA:466,0
DA:472,0
DA:474,0
DA:475,0
DA:476,0
DA:480,0
DA:485,0
DA:493,0
DA:497,0
DA:514,0
DA:531,0
LF:130
LH:0
BRDA:119,0,0,0
BRDA:119,0,1,0
BRDA:137,1,0,0
BRDA:137,1,1,0
BRDA:138,2,0,0
BRDA:138,2,1,0
BRDA:157,3,0,0
BRDA:157,3,1,0
BRDA:180,4,0,0
BRDA:180,4,1,0
BRDA:181,5,0,0
BRDA:181,5,1,0
BRDA:182,6,0,0
BRDA:182,6,1,0
BRDA:195,7,0,0
BRDA:195,7,1,0
BRDA:212,8,0,0
BRDA:212,8,1,0
BRDA:222,9,0,0
BRDA:222,9,1,0
BRDA:226,10,0,0
BRDA:226,10,1,0
BRDA:250,11,0,0
BRDA:250,11,1,0
BRDA:257,12,0,0
BRDA:257,12,1,0
BRDA:277,13,0,0
BRDA:277,13,1,0
BRDA:277,13,2,0
BRDA:277,13,3,0
BRDA:277,13,4,0
BRDA:277,13,5,0
BRDA:277,13,6,0
BRDA:320,14,0,0
BRDA:320,14,1,0
BRDA:356,15,0,0
BRDA:356,15,1,0
BRDA:363,16,0,0
BRDA:363,16,1,0
BRDA:370,17,0,0
BRDA:370,17,1,0
BRDA:420,18,0,0
BRDA:420,18,1,0
BRDA:423,19,0,0
BRDA:423,19,1,0
BRDA:423,20,0,0
BRDA:423,20,1,0
BRDA:427,21,0,0
BRDA:427,21,1,0
BRDA:427,22,0,0
BRDA:427,22,1,0
BRDA:427,22,2,0
BRDA:432,23,0,0
BRDA:432,23,1,0
BRDA:433,24,0,0
BRDA:433,24,1,0
BRDA:433,24,2,0
BRDA:435,25,0,0
BRDA:435,25,1,0
BRDA:435,26,0,0
BRDA:435,26,1,0
BRDA:435,26,2,0
BRDA:435,26,3,0
BRDA:441,27,0,0
BRDA:441,27,1,0
BRDA:441,28,0,0
BRDA:441,28,1,0
BRDA:475,29,0,0
BRDA:475,29,1,0
BRDA:493,30,0,0
BRDA:493,30,1,0
BRDA:504,31,0,0
BRDA:504,31,1,0
BRDA:505,32,0,0
BRDA:505,32,1,0
BRF:75
BRH:0
end_of_record
TN:
SF:lib\services\mfa-service.ts
FN:41,(anonymous_7)
FN:52,(anonymous_8)
FN:71,(anonymous_9)
FN:118,(anonymous_10)
FN:181,(anonymous_11)
FN:248,(anonymous_12)
FN:360,(anonymous_13)
FN:381,(anonymous_14)
FN:382,(anonymous_15)
FN:404,(anonymous_16)
FN:443,(anonymous_17)
FN:513,(anonymous_18)
FN:537,(anonymous_19)
FN:546,(anonymous_20)
FN:605,(anonymous_21)
FN:617,(anonymous_22)
FN:642,(anonymous_23)
FN:667,(anonymous_24)
FN:675,(anonymous_25)
FN:690,(anonymous_26)
FN:719,(anonymous_27)
FN:747,(anonymous_28)
FN:756,(anonymous_29)
FN:760,(anonymous_30)
FN:774,(anonymous_31)
FN:789,(anonymous_32)
FN:791,(anonymous_33)
FN:799,(anonymous_34)
FN:805,(anonymous_35)
FN:820,(anonymous_36)
FN:839,(anonymous_37)
FN:846,(anonymous_38)
FN:865,(anonymous_39)
FN:891,(anonymous_40)
FN:898,(anonymous_41)
FN:911,(anonymous_42)
FNF:36
FNH:0
FNDA:0,(anonymous_7)
FNDA:0,(anonymous_8)
FNDA:0,(anonymous_9)
FNDA:0,(anonymous_10)
FNDA:0,(anonymous_11)
FNDA:0,(anonymous_12)
FNDA:0,(anonymous_13)
FNDA:0,(anonymous_14)
FNDA:0,(anonymous_15)
FNDA:0,(anonymous_16)
FNDA:0,(anonymous_17)
FNDA:0,(anonymous_18)
FNDA:0,(anonymous_19)
FNDA:0,(anonymous_20)
FNDA:0,(anonymous_21)
FNDA:0,(anonymous_22)
FNDA:0,(anonymous_23)
FNDA:0,(anonymous_24)
FNDA:0,(anonymous_25)
FNDA:0,(anonymous_26)
FNDA:0,(anonymous_27)
FNDA:0,(anonymous_28)
FNDA:0,(anonymous_29)
FNDA:0,(anonymous_30)
FNDA:0,(anonymous_31)
FNDA:0,(anonymous_32)
FNDA:0,(anonymous_33)
FNDA:0,(anonymous_34)
FNDA:0,(anonymous_35)
FNDA:0,(anonymous_36)
FNDA:0,(anonymous_37)
FNDA:0,(anonymous_38)
FNDA:0,(anonymous_39)
FNDA:0,(anonymous_40)
FNDA:0,(anonymous_41)
FNDA:0,(anonymous_42)
DA:6,1
DA:14,1
DA:15,1
DA:40,1
DA:42,0
DA:58,0
DA:59,0
DA:62,0
DA:63,0
DA:64,0
DA:67,0
DA:70,0
DA:71,0
DA:74,0
DA:85,0
DA:91,0
DA:92,0
DA:93,0
DA:97,0
DA:99,0
DA:107,0
DA:108,0
DA:124,0
DA:125,0
DA:128,0
DA:131,0
DA:141,0
DA:147,0
DA:148,0
DA:149,0
DA:153,0
DA:154,0
DA:157,0
DA:165,0
DA:170,0
DA:171,0
DA:187,0
DA:188,0
DA:191,0
DA:194,0
DA:204,0
DA:210,0
DA:211,0
DA:212,0
DA:216,0
DA:217,0
DA:220,0
DA:228,0
DA:233,0
DA:234,0
DA:255,0
DA:256,0
DA:259,0
DA:267,0
DA:268,0
DA:271,0
DA:272,0
DA:275,0
DA:277,0
DA:278,0
DA:281,0
DA:282,0
DA:284,0
DA:285,0
DA:286,0
DA:287,0
DA:291,0
DA:300,0
DA:302,0
DA:308,0
DA:312,0
DA:313,0
DA:322,0
DA:329,0
DA:330,0
DA:334,0
DA:341,0
DA:349,0
DA:350,0
DA:361,0
DA:362,0
DA:364,0
DA:372,0
DA:373,0
DA:374,0
DA:381,0
DA:382,0
DA:383,0
DA:385,0
DA:392,0
DA:393,0
DA:409,0
DA:410,0
DA:412,0
DA:419,0
DA:420,0
DA:421,0
DA:425,0
DA:430,0
DA:432,0
DA:433,0
DA:449,0
DA:450,0
DA:454,0
DA:455,0
DA:463,0
DA:464,0
DA:466,0
DA:469,0
DA:480,0
DA:481,0
DA:483,0
DA:487,0
DA:489,0
DA:490,0
DA:494,0
DA:501,0
DA:503,0
DA:513,0
DA:514,0
DA:517,0
DA:522,0
DA:523,0
DA:541,0
DA:542,0
DA:545,0
DA:546,0
DA:549,0
DA:557,0
DA:559,0
DA:564,0
DA:565,0
DA:569,0
DA:579,0
DA:583,0
DA:584,0
DA:588,0
DA:593,0
DA:594,0
DA:606,0
DA:607,0
DA:609,0
DA:610,0
DA:612,0
DA:613,0
DA:618,0
DA:619,0
DA:622,0
DA:632,0
DA:634,0
DA:635,0
DA:637,0
DA:638,0
DA:646,0
DA:647,0
DA:649,0
DA:651,0
DA:652,0
DA:653,0
DA:655,0
DA:656,0
DA:660,0
DA:662,0
DA:663,0
DA:668,0
DA:669,0
DA:671,0
DA:672,0
DA:675,0
DA:676,0
DA:677,0
DA:678,0
DA:681,0
DA:686,0
DA:698,0
DA:699,0
DA:701,0
DA:703,0
DA:715,0
DA:725,0
DA:726,0
DA:728,0
DA:739,0
DA:743,0
DA:748,0
DA:749,0
DA:750,0
DA:751,0
DA:753,0
DA:757,0
DA:763,0
DA:764,0
DA:765,0
DA:767,0
DA:768,0
DA:769,0
DA:771,0
DA:776,0
DA:777,0
DA:779,0
DA:780,0
DA:782,0
DA:783,0
DA:784,0
DA:786,0
DA:790,0
DA:791,0
DA:792,0
DA:794,0
DA:795,0
DA:802,0
DA:808,0
DA:821,0
DA:822,0
DA:825,0
DA:834,0
DA:835,0
DA:838,0
DA:839,0
DA:841,0
DA:842,0
DA:846,0
DA:848,0
DA:855,0
DA:857,0
DA:858,0
DA:866,0
DA:867,0
DA:869,0
DA:875,0
DA:876,0
DA:879,0
DA:881,0
DA:892,0
DA:899,0
DA:900,0
DA:902,0
DA:903,0
DA:912,0
DA:913,0
DA:915,0
DA:916,0
DA:922,1
LF:243
LH:5
BRDA:91,0,0,0
BRDA:91,0,1,0
BRDA:110,1,0,0
BRDA:110,1,1,0
BRDA:147,2,0,0
BRDA:147,2,1,0
BRDA:173,3,0,0
BRDA:173,3,1,0
BRDA:210,4,0,0
BRDA:210,4,1,0
BRDA:236,5,0,0
BRDA:236,5,1,0
BRDA:253,6,0,0
BRDA:267,7,0,0
BRDA:267,7,1,0
BRDA:267,8,0,0
BRDA:267,8,1,0
BRDA:275,9,0,0
BRDA:275,9,1,0
BRDA:275,9,2,0
BRDA:275,9,3,0
BRDA:300,10,0,0
BRDA:300,10,1,0
BRDA:312,11,0,0
BRDA:312,11,1,0
BRDA:312,12,0,0
BRDA:312,12,1,0
BRDA:329,13,0,0
BRDA:329,13,1,0
BRDA:344,14,0,0
BRDA:344,14,1,0
BRDA:344,14,2,0
BRDA:352,15,0,0
BRDA:352,15,1,0
BRDA:372,16,0,0
BRDA:372,16,1,0
BRDA:383,17,0,0
BRDA:383,17,1,0
BRDA:419,18,0,0
BRDA:419,18,1,0
BRDA:435,19,0,0
BRDA:435,19,1,0
BRDA:454,20,0,0
BRDA:454,20,1,0
BRDA:463,21,0,0
BRDA:463,21,1,0
BRDA:463,22,0,0
BRDA:463,22,1,0
BRDA:480,23,0,0
BRDA:480,23,1,0
BRDA:480,24,0,0
BRDA:480,24,1,0
BRDA:489,25,0,0
BRDA:489,25,1,0
BRDA:501,26,0,0
BRDA:501,26,1,0
BRDA:513,27,0,0
BRDA:513,27,1,0
BRDA:525,28,0,0
BRDA:525,28,1,0
BRDA:557,29,0,0
BRDA:557,29,1,0
BRDA:564,30,0,0
BRDA:564,30,1,0
BRDA:583,31,0,0
BRDA:583,31,1,0
BRDA:596,32,0,0
BRDA:596,32,1,0
BRDA:607,33,0,0
BRDA:607,33,1,0
BRDA:632,34,0,0
BRDA:632,34,1,0
BRDA:632,35,0,0
BRDA:632,35,1,0
BRDA:647,36,0,0
BRDA:647,36,1,0
BRDA:655,37,0,0
BRDA:655,37,1,0
BRDA:669,38,0,0
BRDA:669,38,1,0
BRDA:696,39,0,0
BRDA:701,40,0,0
BRDA:701,40,1,0
BRDA:732,41,0,0
BRDA:732,41,1,0
BRDA:733,42,0,0
BRDA:733,42,1,0
BRDA:747,43,0,0
BRDA:764,44,0,0
BRDA:764,44,1,0
BRDA:777,45,0,0
BRDA:777,45,1,0
BRDA:834,46,0,0
BRDA:834,46,1,0
BRDA:834,47,0,0
BRDA:834,47,1,0
BRDA:841,48,0,0
BRDA:841,48,1,0
BRDA:875,49,0,0
BRDA:875,49,1,0
BRDA:883,50,0,0
BRDA:883,50,1,0
BRDA:900,51,0,0
BRDA:900,51,1,0
BRF:104
BRH:0
end_of_record
TN:
SF:lib\services\ml-service.ts
FN:21,(anonymous_1)
FN:32,(anonymous_2)
FN:83,(anonymous_3)
FN:111,(anonymous_4)
FN:171,(anonymous_5)
FN:199,(anonymous_6)
FN:220,(anonymous_7)
FN:243,(anonymous_8)
FN:270,(anonymous_9)
FN:283,(anonymous_10)
FN:301,(anonymous_11)
FN:312,(anonymous_12)
FN:351,(anonymous_13)
FN:358,(anonymous_14)
FN:366,(anonymous_15)
FN:396,(anonymous_16)
FN:428,(anonymous_17)
FN:450,(anonymous_18)
FN:463,(anonymous_19)
FN:492,(anonymous_20)
FN:497,(anonymous_21)
FN:522,(anonymous_22)
FN:527,(anonymous_23)
FN:540,(anonymous_24)
FN:579,(anonymous_25)
FN:584,(anonymous_26)
FN:589,(anonymous_27)
FN:594,(anonymous_28)
FN:599,(anonymous_29)
FN:604,(anonymous_30)
FN:609,(anonymous_31)
FNF:31
FNH:13
FNDA:15,(anonymous_1)
FNDA:3,(anonymous_2)
FNDA:0,(anonymous_3)
FNDA:0,(anonymous_4)
FNDA:0,(anonymous_5)
FNDA:0,(anonymous_6)
FNDA:0,(anonymous_7)
FNDA:0,(anonymous_8)
FNDA:1,(anonymous_9)
FNDA:0,(anonymous_10)
FNDA:0,(anonymous_11)
FNDA:3,(anonymous_12)
FNDA:5,(anonymous_13)
FNDA:2,(anonymous_14)
FNDA:1,(anonymous_15)
FNDA:3,(anonymous_16)
FNDA:0,(anonymous_17)
FNDA:0,(anonymous_18)
FNDA:1,(anonymous_19)
FNDA:0,(anonymous_20)
FNDA:1,(anonymous_21)
FNDA:0,(anonymous_22)
FNDA:0,(anonymous_23)
FNDA:1,(anonymous_24)
FNDA:0,(anonymous_25)
FNDA:0,(anonymous_26)
FNDA:0,(anonymous_27)
FNDA:0,(anonymous_28)
FNDA:0,(anonymous_29)
FNDA:1,(anonymous_30)
FNDA:1,(anonymous_31)
DA:18,15
DA:22,15
DA:25,15
DA:33,3
DA:35,3
DA:37,3
DA:38,0
DA:40,0
DA:42,0
DA:53,0
DA:55,0
DA:66,0
DA:69,0
DA:72,0
DA:76,0
DA:84,0
DA:86,0
DA:87,0
DA:89,0
DA:90,0
DA:93,0
DA:94,0
DA:97,0
DA:100,0
DA:104,0
DA:112,0
DA:115,0
DA:116,0
DA:118,0
DA:119,0
DA:120,0
DA:121,0
DA:122,0
DA:128,0
DA:132,0
DA:134,0
DA:136,0
DA:142,0
DA:145,0
DA:146,0
DA:147,0
DA:148,0
DA:149,0
DA:150,0
DA:156,0
DA:157,0
DA:161,0
DA:164,0
DA:172,0
DA:174,0
DA:175,0
DA:177,0
DA:178,0
DA:181,0
DA:182,0
DA:185,0
DA:188,0
DA:192,0
DA:200,0
DA:202,0
DA:204,0
DA:205,0
DA:209,0
DA:210,0
DA:211,0
DA:220,0
DA:232,0
DA:233,0
DA:234,0
DA:243,0
DA:255,0
DA:256,0
DA:260,0
DA:263,0
DA:276,1
DA:277,0
DA:283,0
DA:286,1
DA:298,1
DA:301,1
DA:302,0
DA:305,1
DA:313,3
DA:326,0
DA:329,0
DA:332,0
DA:337,0
DA:340,0
DA:342,0
DA:353,5
DA:354,3
DA:355,1
DA:360,2
DA:361,2
DA:362,2
DA:363,2
DA:367,1
DA:369,1
DA:370,1
DA:377,1
DA:378,1
DA:385,1
DA:386,1
DA:393,1
DA:397,3
DA:399,3
DA:400,1
DA:407,2
DA:408,1
DA:415,1
DA:416,1
DA:425,3
DA:431,0
DA:432,0
DA:446,0
DA:452,0
DA:460,0
DA:465,1
DA:466,1
DA:467,1
DA:469,1
DA:494,0
DA:498,1
DA:524,0
DA:529,0
DA:537,0
DA:542,1
DA:543,1
DA:545,1
DA:546,12
DA:547,12
DA:549,12
DA:556,12
DA:564,1
DA:581,0
DA:586,0
DA:591,0
DA:596,0
DA:601,0
DA:606,1
DA:611,1
DA:612,1
DA:614,1
DA:615,1
DA:616,1
DA:619,1
DA:621,1
DA:622,0
DA:624,0
DA:625,0
DA:627,0
DA:628,0
DA:631,0
DA:632,0
DA:635,0
DA:636,0
DA:639,1
DA:640,1
DA:641,1
LF:159
LH:59
BRDA:25,0,0,15
BRDA:25,0,1,2
BRDA:25,0,2,1
BRDA:38,1,0,0
BRDA:38,1,1,0
BRDA:57,2,0,0
BRDA:57,2,1,0
BRDA:90,3,0,0
BRDA:90,3,1,0
BRDA:121,4,0,0
BRDA:121,4,1,0
BRDA:132,5,0,0
BRDA:132,5,1,0
BRDA:146,6,0,0
BRDA:146,6,1,0
BRDA:148,7,0,0
BRDA:148,7,1,0
BRDA:178,8,0,0
BRDA:178,8,1,0
BRDA:178,9,0,0
BRDA:178,9,1,0
BRDA:210,10,0,0
BRDA:210,10,1,0
BRDA:217,11,0,0
BRDA:217,11,1,0
BRDA:223,12,0,0
BRDA:223,12,1,0
BRDA:224,13,0,0
BRDA:224,13,1,0
BRDA:224,14,0,0
BRDA:224,14,1,0
BRDA:233,15,0,0
BRDA:233,15,1,0
BRDA:247,16,0,0
BRDA:247,16,1,0
BRDA:276,17,0,0
BRDA:276,17,1,1
BRDA:283,18,0,0
BRDA:283,18,1,0
BRDA:326,19,0,0
BRDA:326,19,1,0
BRDA:332,20,0,0
BRDA:332,20,1,0
BRDA:337,21,0,0
BRDA:337,21,1,0
BRDA:353,22,0,2
BRDA:353,22,1,3
BRDA:353,23,0,5
BRDA:353,23,1,4
BRDA:354,24,0,2
BRDA:354,24,1,1
BRDA:354,25,0,3
BRDA:354,25,1,2
BRDA:369,26,0,1
BRDA:369,26,1,0
BRDA:377,27,0,1
BRDA:377,27,1,0
BRDA:385,28,0,1
BRDA:385,28,1,0
BRDA:399,29,0,1
BRDA:399,29,1,2
BRDA:407,30,0,1
BRDA:407,30,1,1
BRDA:415,31,0,1
BRDA:415,31,1,0
BRDA:460,32,0,0
BRDA:460,32,1,0
BRDA:537,33,0,0
BRDA:537,33,1,0
BRDA:619,34,0,1
BRDA:619,34,1,0
BRDA:619,34,2,0
BRDA:640,35,0,1
BRDA:640,35,1,0
BRF:74
BRH:22
end_of_record
TN:
SF:lib\services\permission-service.ts
FN:21,(anonymous_1)
FN:29,(anonymous_2)
FN:58,(anonymous_3)
FN:144,(anonymous_4)
FN:158,(anonymous_5)
FN:224,(anonymous_6)
FN:261,(anonymous_7)
FN:295,(anonymous_8)
FN:335,(anonymous_9)
FN:399,(anonymous_10)
FN:456,(anonymous_11)
FN:507,(anonymous_12)
FN:511,(anonymous_13)
FN:515,(anonymous_14)
FN:519,(anonymous_15)
FN:527,(anonymous_16)
FN:564,(anonymous_17)
FN:566,(anonymous_18)
FN:569,(anonymous_19)
FN:576,(anonymous_20)
FN:578,(anonymous_21)
FN:581,(anonymous_22)
FN:582,(anonymous_23)
FN:588,(anonymous_24)
FN:589,(anonymous_25)
FN:609,(anonymous_26)
FN:615,(anonymous_27)
FN:619,(anonymous_28)
FN:634,(anonymous_29)
FN:643,(anonymous_30)
FNF:30
FNH:0
FNDA:0,(anonymous_1)
FNDA:0,(anonymous_2)
FNDA:0,(anonymous_3)
FNDA:0,(anonymous_4)
FNDA:0,(anonymous_5)
FNDA:0,(anonymous_6)
FNDA:0,(anonymous_7)
FNDA:0,(anonymous_8)
FNDA:0,(anonymous_9)
FNDA:0,(anonymous_10)
FNDA:0,(anonymous_11)
FNDA:0,(anonymous_12)
FNDA:0,(anonymous_13)
FNDA:0,(anonymous_14)
FNDA:0,(anonymous_15)
FNDA:0,(anonymous_16)
FNDA:0,(anonymous_17)
FNDA:0,(anonymous_18)
FNDA:0,(anonymous_19)
FNDA:0,(anonymous_20)
FNDA:0,(anonymous_21)
FNDA:0,(anonymous_22)
FNDA:0,(anonymous_23)
FNDA:0,(anonymous_24)
FNDA:0,(anonymous_25)
FNDA:0,(anonymous_26)
FNDA:0,(anonymous_27)
FNDA:0,(anonymous_28)
FNDA:0,(anonymous_29)
FNDA:0,(anonymous_30)
DA:6,2
DA:18,2
DA:20,2
DA:22,0
DA:34,0
DA:35,0
DA:38,0
DA:46,0
DA:47,0
DA:53,0
DA:55,0
DA:58,0
DA:59,0
DA:62,0
DA:63,0
DA:64,0
DA:67,0
DA:68,0
DA:75,0
DA:76,0
DA:82,0
DA:83,0
DA:84,0
DA:87,0
DA:88,0
DA:96,0
DA:97,0
DA:104,0
DA:105,0
DA:106,0
DA:109,0
DA:110,0
DA:118,0
DA:119,0
DA:122,0
DA:124,0
DA:130,0
DA:131,0
DA:132,0
DA:135,0
DA:137,0
DA:149,0
DA:152,0
DA:154,0
DA:155,0
DA:157,0
DA:158,0
DA:159,0
DA:162,0
DA:163,0
DA:167,0
DA:171,0
DA:175,0
DA:176,0
DA:182,0
DA:183,0
DA:184,0
DA:189,0
DA:190,0
DA:197,0
DA:198,0
DA:199,0
DA:203,0
DA:211,0
DA:213,0
DA:214,0
DA:221,0
DA:226,0
DA:227,0
DA:228,0
DA:229,0
DA:233,0
DA:234,0
DA:237,0
DA:243,0
DA:244,0
DA:247,0
DA:250,0
DA:251,0
DA:254,0
DA:256,0
DA:257,0
DA:268,0
DA:269,0
DA:270,0
DA:279,0
DA:280,0
DA:281,0
DA:284,0
DA:286,0
DA:287,0
DA:300,0
DA:302,0
DA:303,0
DA:306,0
DA:307,0
DA:310,0
DA:311,0
DA:312,0
DA:315,0
DA:317,0
DA:318,0
DA:324,0
DA:328,0
DA:330,0
DA:331,0
DA:341,0
DA:343,0
DA:344,0
DA:345,0
DA:346,0
DA:348,0
DA:349,0
DA:350,0
DA:351,0
DA:355,0
DA:356,0
DA:357,0
DA:363,0
DA:364,0
DA:365,0
DA:367,0
DA:368,0
DA:371,0
DA:372,0
DA:377,0
DA:383,0
DA:384,0
DA:385,0
DA:386,0
DA:387,0
DA:392,0
DA:394,0
DA:395,0
DA:408,0
DA:411,0
DA:412,0
DA:413,0
DA:419,0
DA:421,0
DA:425,0
DA:426,0
DA:427,0
DA:434,0
DA:436,0
DA:440,0
DA:444,0
DA:447,0
DA:448,0
DA:464,0
DA:465,0
DA:468,0
DA:474,0
DA:475,0
DA:478,0
DA:494,0
DA:499,0
DA:508,0
DA:512,0
DA:516,0
DA:520,0
DA:539,0
DA:540,0
DA:542,0
DA:553,0
DA:554,0
DA:557,0
DA:559,0
DA:560,0
DA:563,0
DA:564,0
DA:565,0
DA:566,0
DA:569,0
DA:570,0
DA:571,0
DA:572,0
DA:575,0
DA:576,0
DA:578,0
DA:581,0
DA:583,0
DA:584,0
DA:587,0
DA:588,0
DA:589,0
DA:591,0
DA:600,0
DA:601,0
DA:611,0
DA:612,0
DA:616,0
DA:620,0
DA:621,0
DA:622,0
DA:628,0
DA:630,0
DA:635,0
DA:636,0
DA:637,0
DA:643,0
DA:645,0
DA:646,0
LF:203
LH:3
BRDA:46,0,0,0
BRDA:46,0,1,0
BRDA:49,1,0,0
BRDA:49,1,1,0
BRDA:62,2,0,0
BRDA:62,2,1,0
BRDA:75,3,0,0
BRDA:75,3,1,0
BRDA:75,4,0,0
BRDA:75,4,1,0
BRDA:82,5,0,0
BRDA:82,5,1,0
BRDA:96,6,0,0
BRDA:96,6,1,0
BRDA:96,7,0,0
BRDA:96,7,1,0
BRDA:104,8,0,0
BRDA:104,8,1,0
BRDA:162,9,0,0
BRDA:162,9,1,0
BRDA:175,10,0,0
BRDA:175,10,1,0
BRDA:175,11,0,0
BRDA:175,11,1,0
BRDA:182,12,0,0
BRDA:182,12,1,0
BRDA:189,13,0,0
BRDA:189,13,1,0
BRDA:189,14,0,0
BRDA:189,14,1,0
BRDA:189,14,2,0
BRDA:197,15,0,0
BRDA:197,15,1,0
BRDA:206,16,0,0
BRDA:206,16,1,0
BRDA:207,17,0,0
BRDA:207,17,1,0
BRDA:224,18,0,0
BRDA:226,19,0,0
BRDA:226,19,1,0
BRDA:228,20,0,0
BRDA:228,20,1,0
BRDA:243,21,0,0
BRDA:243,21,1,0
BRDA:247,22,0,0
BRDA:247,22,1,0
BRDA:250,23,0,0
BRDA:250,23,1,0
BRDA:275,24,0,0
BRDA:275,24,1,0
BRDA:276,25,0,0
BRDA:276,25,1,0
BRDA:279,26,0,0
BRDA:279,26,1,0
BRDA:284,27,0,0
BRDA:284,27,1,0
BRDA:302,28,0,0
BRDA:302,28,1,0
BRDA:306,29,0,0
BRDA:306,29,1,0
BRDA:310,30,0,0
BRDA:310,30,1,0
BRDA:315,31,0,0
BRDA:315,31,1,0
BRDA:315,32,0,0
BRDA:315,32,1,0
BRDA:343,33,0,0
BRDA:343,33,1,0
BRDA:348,34,0,0
BRDA:348,34,1,0
BRDA:350,35,0,0
BRDA:350,35,1,0
BRDA:350,36,0,0
BRDA:350,36,1,0
BRDA:355,37,0,0
BRDA:355,37,1,0
BRDA:356,38,0,0
BRDA:356,38,1,0
BRDA:363,39,0,0
BRDA:363,39,1,0
BRDA:363,40,0,0
BRDA:363,40,1,0
BRDA:364,41,0,0
BRDA:364,41,1,0
BRDA:365,42,0,0
BRDA:365,42,1,0
BRDA:367,43,0,0
BRDA:367,43,1,0
BRDA:367,44,0,0
BRDA:367,44,1,0
BRDA:371,45,0,0
BRDA:371,45,1,0
BRDA:377,46,0,0
BRDA:377,46,1,0
BRDA:377,47,0,0
BRDA:377,47,1,0
BRDA:383,48,0,0
BRDA:383,48,1,0
BRDA:386,49,0,0
BRDA:386,49,1,0
BRDA:408,50,0,0
BRDA:408,50,1,0
BRDA:408,50,2,0
BRDA:408,50,3,0
BRDA:411,51,0,0
BRDA:411,51,1,0
BRDA:411,52,0,0
BRDA:411,52,1,0
BRDA:419,53,0,0
BRDA:419,53,1,0
BRDA:425,54,0,0
BRDA:425,54,1,0
BRDA:425,55,0,0
BRDA:425,55,1,0
BRDA:425,55,2,0
BRDA:440,56,0,0
BRDA:440,56,1,0
BRDA:440,57,0,0
BRDA:440,57,1,0
BRDA:474,58,0,0
BRDA:474,58,1,0
BRDA:490,59,0,0
BRDA:490,59,1,0
BRDA:530,60,0,0
BRDA:553,61,0,0
BRDA:553,61,1,0
BRDA:559,62,0,0
BRDA:559,62,1,0
BRDA:563,63,0,0
BRDA:563,63,1,0
BRDA:564,64,0,0
BRDA:564,64,1,0
BRDA:566,65,0,0
BRDA:566,65,1,0
BRDA:566,66,0,0
BRDA:566,66,1,0
BRDA:569,67,0,0
BRDA:569,67,1,0
BRDA:570,68,0,0
BRDA:570,68,1,0
BRDA:571,69,0,0
BRDA:571,69,1,0
BRDA:581,70,0,0
BRDA:581,70,1,0
BRDA:581,71,0,0
BRDA:581,71,1,0
BRDA:583,72,0,0
BRDA:583,72,1,0
BRDA:643,73,0,0
BRDA:643,73,1,0
BRF:150
BRH:0
end_of_record
TN:
SF:lib\services\reporting-service.ts
FN:20,(anonymous_1)
FN:39,(anonymous_2)
FN:51,(anonymous_3)
FN:62,(anonymous_4)
FN:77,(anonymous_5)
FN:87,(anonymous_6)
FN:106,(anonymous_7)
FN:117,(anonymous_8)
FN:129,(anonymous_9)
FN:148,(anonymous_10)
FN:162,(anonymous_11)
FN:178,(anonymous_12)
FN:197,(anonymous_13)
FN:212,(anonymous_14)
FN:238,(anonymous_15)
FN:269,(anonymous_16)
FN:279,(anonymous_17)
FN:288,(anonymous_18)
FN:294,(anonymous_19)
FN:306,(anonymous_20)
FN:315,(anonymous_21)
FN:330,(anonymous_22)
FN:337,(anonymous_23)
FN:338,(anonymous_24)
FN:345,(anonymous_25)
FN:360,(anonymous_26)
FN:366,(anonymous_27)
FN:367,(anonymous_28)
FN:382,(anonymous_29)
FN:417,(anonymous_30)
FN:419,(anonymous_31)
FN:426,(anonymous_32)
FN:428,(anonymous_33)
FN:453,(anonymous_34)
FN:462,(anonymous_35)
FN:471,(anonymous_36)
FN:472,(anonymous_37)
FN:473,(anonymous_38)
FN:474,(anonymous_39)
FN:484,(anonymous_40)
FN:498,(anonymous_41)
FNF:41
FNH:0
FNDA:0,(anonymous_1)
FNDA:0,(anonymous_2)
FNDA:0,(anonymous_3)
FNDA:0,(anonymous_4)
FNDA:0,(anonymous_5)
[...]
DA:236,0
DA:237,0
DA:238,0
DA:240,0
DA:248,0
DA:250,0
DA:265,0
DA:266,0
DA:277,0
DA:285,0
DA:286,0
DA:287,0
DA:304,0
DA:313,0
DA:314,0
DA:318,0
DA:319,0
DA:323,0
DA:324,0
DA:330,0
DA:331,0
DA:335,0
DA:341,0
DA:342,0
DA:345,0
DA:352,0
DA:353,0
DA:355,0
DA:388,0
DA:389,0
DA:395,0
DA:396,0
DA:397,0
DA:400,0
DA:402,0
DA:403,0
DA:411,0
DA:412,0
DA:428,0
DA:429,0
DA:435,0
DA:436,0
DA:437,0
DA:440,0
DA:442,0
DA:443,0
DA:451,0
DA:452,0
DA:495,0
DA:496,0
DA:500,0
DA:501,0
DA:502,0
DA:505,0
DA:507,0
DA:508,0
DA:516,0
DA:518,0
DA:531,0
DA:532,0
DA:537,0
DA:548,0
DA:552,0
DA:554,0
DA:555,0
DA:563,0
DA:565,0
DA:576,0
DA:585,0
DA:586,0
DA:589,0
DA:590,0
DA:591,0
DA:592,0
DA:593,0
DA:594,0
DA:596,0
DA:598,0
DA:620,0
DA:622,0
DA:623,0
DA:626,0
DA:627,0
DA:633,0
DA:634,0
DA:637,0
DA:638,0
DA:642,0
DA:648,0
DA:651,0
DA:652,0
DA:656,0
DA:666,0
DA:674,0
DA:675,0
DA:679,0
DA:681,0
DA:689,0
DA:698,0
DA:701,0
DA:702,0
DA:711,0
DA:712,0
DA:715,0
DA:726,0
DA:727,0
DA:730,0
DA:731,0
DA:742,0
DA:743,0
DA:744,0
DA:761,0
DA:769,0
DA:771,0
DA:772,0
DA:778,0
DA:783,0
DA:785,0
DA:797,0
DA:799,0
DA:815,0
DA:823,0
DA:825,0
DA:826,0
DA:840,0
DA:842,0
DA:853,0
DA:854,0
DA:855,0
DA:861,0
DA:862,0
DA:865,0
DA:867,0
DA:877,0
DA:878,0
DA:887,0
LF:213
LH:0
BRDA:75,0,0,0
BRDA:75,0,1,0
BRDA:83,1,0,0
BRDA:83,1,1,0
BRDA:93,2,0,0
BRDA:93,2,1,0
BRDA:108,3,0,0
BRDA:108,3,1,0
BRDA:119,4,0,0
BRDA:119,4,1,0
BRDA:147,5,0,0
BRDA:147,5,1,0
BRDA:147,6,0,0
BRDA:147,6,1,0
BRDA:154,7,0,0
BRDA:154,7,1,0
BRDA:162,8,0,0
BRDA:168,9,0,0
BRDA:168,9,1,0
BRDA:170,10,0,0
BRDA:170,10,1,0
BRDA:173,11,0,0
BRDA:173,11,1,0
BRDA:197,12,0,0
BRDA:197,12,1,0
BRDA:198,13,0,0
BRDA:198,13,1,0
BRDA:216,14,0,0
BRDA:216,14,1,0
BRDA:296,15,0,0
BRDA:296,15,1,0
BRDA:313,16,0,0
BRDA:313,16,1,0
BRDA:313,17,0,0
BRDA:313,17,1,0
BRDA:313,17,2,0
BRDA:313,17,3,0
BRDA:313,17,4,0
BRDA:318,18,0,0
BRDA:318,18,1,0
BRDA:330,19,0,0
BRDA:330,19,1,0
BRDA:341,20,0,0
BRDA:341,20,1,0
BRDA:353,21,0,0
BRDA:353,21,1,0
BRDA:359,22,0,0
BRDA:359,22,1,0
BRDA:363,23,0,0
BRDA:363,23,1,0
BRDA:378,24,0,0
BRDA:378,24,1,0
BRDA:395,25,0,0
BRDA:395,25,1,0
BRDA:435,26,0,0
BRDA:435,26,1,0
BRDA:500,27,0,0
BRDA:500,27,1,0
BRDA:608,28,0,0
BRDA:616,29,0,0
BRDA:617,30,0,0
BRDA:618,31,0,0
BRDA:619,32,0,0
BRDA:633,33,0,0
BRDA:633,33,1,0
BRDA:633,34,0,0
BRDA:633,34,1,0
BRDA:637,35,0,0
BRDA:637,35,1,0
BRDA:652,36,0,0
BRDA:652,36,1,0
BRDA:657,37,0,0
BRDA:657,37,1,0
BRDA:669,38,0,0
BRDA:669,38,1,0
BRDA:674,39,0,0
BRDA:674,39,1,0
BRDA:679,40,0,0
BRDA:679,40,1,0
BRDA:701,41,0,0
BRDA:701,41,1,0
BRDA:701,42,0,0
BRDA:701,42,1,0
BRDA:711,43,0,0
BRDA:711,43,1,0
BRDA:719,44,0,0
BRDA:719,44,1,0
BRDA:720,45,0,0
BRDA:720,45,1,0
BRDA:733,46,0,0
BRDA:733,46,1,0
BRDA:753,47,0,0
BRDA:753,47,1,0
BRDA:861,48,0,0
BRDA:861,48,1,0
BRDA:865,49,0,0
BRDA:865,49,1,0
BRF:97
BRH:0
end_of_record
TN:
SF:lib\services\tenant-service.ts
FN:17,(anonymous_3)
FN:28,(anonymous_4)
FN:52,(anonymous_5)
FN:76,(anonymous_6)
FN:100,(anonymous_7)
FN:125,(anonymous_8)
FN:155,(anonymous_9)
FN:190,(anonymous_10)
FN:213,(anonymous_11)
FN:237,(anonymous_12)
FN:303,(anonymous_13)
FN:359,(anonymous_14)
FN:385,(anonymous_15)
FN:411,(anonymous_16)
FN:439,(anonymous_17)
FN:466,(anonymous_18)
FNF:16
FNH:0
FNDA:0,(anonymous_3)
FNDA:0,(anonymous_4)
FNDA:0,(anonymous_5)
FNDA:0,(anonymous_6)
FNDA:0,(anonymous_7)
FNDA:0,(anonymous_8)
FNDA:0,(anonymous_9)
FNDA:0,(anonymous_10)
FNDA:0,(anonymous_11)
FNDA:0,(anonymous_12)
FNDA:0,(anonymous_13)
FNDA:0,(anonymous_14)
FNDA:0,(anonymous_15)
FNDA:0,(anonymous_16)
FNDA:0,(anonymous_17)
FNDA:0,(anonymous_18)
DA:6,0
DA:16,0
DA:18,0
DA:29,0
DA:30,0
DA:31,0
DA:37,0
DA:38,0
DA:39,0
DA:42,0
DA:44,0
DA:45,0
DA:53,0
DA:54,0
DA:55,0
DA:61,0
DA:62,0
DA:63,0
DA:66,0
DA:68,0
DA:69,0
DA:77,0
DA:78,0
DA:79,0
DA:85,0
DA:86,0
DA:87,0
DA:90,0
DA:92,0
DA:93,0
DA:101,0
DA:102,0
DA:103,0
DA:110,0
DA:111,0
DA:112,0
DA:115,0
DA:117,0
DA:118,0
DA:126,0
DA:127,0
DA:128,0
DA:136,0
DA:137,0
DA:138,0
DA:141,0
DA:143,0
DA:144,0
DA:156,0
DA:157,0
DA:158,0
DA:164,0
DA:165,0
DA:166,0
DA:169,0
DA:170,0
DA:173,0
DA:180,0
DA:182,0
DA:183,0
DA:191,0
DA:192,0
DA:193,0
DA:198,0
DA:199,0
DA:200,0
DA:203,0
DA:205,0
DA:206,0
DA:214,0
DA:215,0
DA:216,0
DA:218,0
DA:219,0
DA:220,0
DA:223,0
DA:225,0
DA:226,0
DA:238,0
DA:239,0
DA:242,0
DA:248,0
DA:249,0
DA:253,0
DA:258,0
DA:259,0
DA:263,0
DA:268,0
DA:269,0
DA:273,0
DA:275,0
DA:293,0
DA:295,0
DA:296,0
DA:308,0
DA:309,0
DA:311,0
DA:312,0
DA:315,0
DA:317,0
DA:318,0
DA:323,0
DA:326,0
DA:327,0
DA:332,0
DA:335,0
DA:336,0
DA:337,0
DA:342,0
DA:345,0
DA:347,0
DA:348,0
DA:363,0
DA:364,0
DA:365,0
DA:370,0
DA:371,0
DA:372,0
DA:375,0
DA:377,0
DA:378,0
DA:389,0
DA:390,0
DA:391,0
DA:396,0
DA:397,0
DA:398,0
DA:401,0
DA:403,0
DA:404,0
DA:412,0
DA:413,0
DA:414,0
DA:420,0
DA:421,0
DA:422,0
DA:425,0
DA:427,0
DA:428,0
DA:440,0
DA:441,0
DA:442,0
DA:448,0
DA:449,0
DA:452,0
DA:453,0
DA:456,0
DA:458,0
DA:459,0
DA:467,0
DA:468,0
DA:469,0
DA:474,0
DA:475,0
DA:478,0
DA:480,0
DA:482,0
DA:485,0
DA:486,0
DA:490,0
DA:492,0
DA:493,0
DA:499,0
LF:163
LH:0
BRDA:37,0,0,0
BRDA:37,0,1,0
BRDA:61,1,0,0
BRDA:61,1,1,0
BRDA:85,2,0,0
BRDA:85,2,1,0
BRDA:110,3,0,0
BRDA:110,3,1,0
BRDA:136,4,0,0
BRDA:136,4,1,0
BRDA:164,5,0,0
BRDA:164,5,1,0
BRDA:169,6,0,0
BRDA:169,6,1,0
BRDA:198,7,0,0
BRDA:198,7,1,0
BRDA:218,8,0,0
BRDA:218,8,1,0
BRDA:248,9,0,0
BRDA:248,9,1,0
BRDA:258,10,0,0
BRDA:258,10,1,0
BRDA:268,11,0,0
BRDA:268,11,1,0
BRDA:277,12,0,0
BRDA:277,12,1,0
BRDA:279,13,0,0
BRDA:279,13,1,0
BRDA:282,14,0,0
BRDA:282,14,1,0
BRDA:284,15,0,0
BRDA:284,15,1,0
BRDA:311,16,0,0
BRDA:311,16,1,0
BRDA:311,17,0,0
BRDA:311,17,1,0
BRDA:315,18,0,0
BRDA:315,18,1,0
BRDA:315,18,2,0
BRDA:317,19,0,0
BRDA:317,19,1,0
BRDA:326,20,0,0
BRDA:326,20,1,0
BRDA:335,21,0,0
BRDA:335,21,1,0
BRDA:336,22,0,0
BRDA:336,22,1,0
BRDA:370,23,0,0
BRDA:370,23,1,0
BRDA:396,24,0,0
BRDA:396,24,1,0
BRDA:420,25,0,0
BRDA:420,25,1,0
BRDA:448,26,0,0
BRDA:448,26,1,0
BRDA:452,27,0,0
BRDA:452,27,1,0
BRDA:474,28,0,0
BRDA:474,28,1,0
BRDA:480,29,0,0
BRDA:480,29,1,0
BRDA:480,30,0,0
BRDA:480,30,1,0
BRDA:485,31,0,0
BRDA:485,31,1,0
BRF:65
BRH:0
end_of_record
TN:
SF:lib\services\user-service.ts
FN:10,(anonymous_1)
FN:12,(anonymous_2)
FN:24,(anonymous_3)
FN:52,(anonymous_4)
FNF:4
FNH:0
FNDA:0,(anonymous_1)
FNDA:0,(anonymous_2)
FNDA:0,(anonymous_3)
FNDA:0,(anonymous_4)
DA:9,0
DA:10,0
DA:13,0
DA:20,0
DA:21,0
DA:25,0
DA:30,0
DA:31,0
DA:32,0
DA:34,0
DA:35,0
DA:37,0
DA:38,0
DA:42,0
DA:43,0
DA:45,0
DA:47,0
DA:49,0
DA:51,0
DA:52,0
LF:20
LH:0
BRDA:20,0,0,0
BRDA:20,0,1,0
BRDA:30,1,0,0
BRDA:30,1,1,0
BRDA:31,2,0,0
BRDA:31,2,1,0
BRDA:34,3,0,0
BRDA:34,3,1,0
BRDA:37,4,0,0
BRDA:37,4,1,0
BRDA:42,5,0,0
BRDA:42,5,1,0
BRDA:43,6,0,0
BRDA:43,6,1,0
BRDA:49,7,0,0
BRDA:49,7,1,0
BRDA:59,8,0,0
BRDA:59,8,1,0
BRDA:60,9,0,0
BRDA:60,9,1,0
BRF:20
BRH:0
end_of_record
TN:
SF:lib\services\webhook-service.ts
FN:68,(anonymous_5)
FN:70,(anonymous_6)
FN:112,(anonymous_7)
FN:133,(anonymous_8)
FN:150,(anonymous_9)
FN:194,(anonymous_10)
FN:209,(anonymous_11)
FN:237,(anonymous_12)
FN:250,(anonymous_13)
FN:266,(anonymous_14)
FN:294,(anonymous_15)
FN:372,(anonymous_16)
FN:422,(anonymous_17)
FN:434,(anonymous_18)
FN:477,(anonymous_19)
FN:509,(anonymous_20)
FN:513,(anonymous_21)
FN:521,(anonymous_22)
FN:536,(anonymous_23)
FNF:19
FNH:0
FNDA:0,(anonymous_5)
FNDA:0,(anonymous_6)
FNDA:0,(anonymous_7)
FNDA:0,(anonymous_8)
FNDA:0,(anonymous_9)
FNDA:0,(anonymous_10)
FNDA:0,(anonymous_11)
FNDA:0,(anonymous_12)
FNDA:0,(anonymous_13)
FNDA:0,(anonymous_14)
FNDA:0,(anonymous_15)
FNDA:0,(anonymous_16)
FNDA:0,(anonymous_17)
FNDA:0,(anonymous_18)
FNDA:0,(anonymous_19)
FNDA:0,(anonymous_20)
FNDA:0,(anonymous_21)
FNDA:0,(anonymous_22)
FNDA:0,(anonymous_23)
DA:8,0
DA:44,0
DA:60,0
DA:61,0
DA:68,0
DA:80,0
DA:82,0
DA:85,0
DA:87,0
DA:103,0
DA:105,0
DA:107,0
DA:108,0
DA:113,0
DA:114,0
DA:121,0
DA:122,0
DA:123,0
DA:126,0
DA:128,0
DA:129,0
DA:134,0
DA:135,0
DA:141,0
DA:143,0
DA:145,0
DA:146,0
DA:162,0
DA:163,0
DA:167,0
DA:168,0
DA:169,0
DA:170,0
DA:172,0
DA:173,0
DA:174,0
DA:175,0
DA:177,0
DA:185,0
DA:187,0
DA:189,0
DA:190,0
DA:195,0
DA:196,0
DA:202,0
DA:204,0
DA:205,0
DA:210,0
DA:211,0
DA:212,0
DA:213,0
DA:217,0
DA:230,0
DA:232,0
DA:233,0
DA:238,0
DA:240,0
DA:247,0
DA:250,0
DA:251,0
DA:252,0
DA:253,0
DA:255,0
DA:259,0
DA:261,0
DA:262,0
DA:267,0
DA:269,0
DA:282,0
DA:285,0
DA:287,0
DA:289,0
DA:290,0
DA:300,0
DA:302,0
DA:312,0
DA:315,0
DA:329,0
DA:331,0
DA:333,0
DA:345,0
DA:347,0
DA:350,0
DA:361,0
DA:380,0
DA:382,0
DA:384,0
DA:395,0
DA:397,0
DA:400,0
DA:405,0
DA:407,0
DA:419,0
DA:422,0
DA:423,0
DA:424,0
DA:426,0
DA:430,0
DA:443,0
DA:444,0
DA:454,0
DA:455,0
DA:458,0
DA:459,0
DA:462,0
DA:463,0
DA:466,0
DA:468,0
DA:470,0
DA:472,0
DA:473,0
DA:478,0
DA:479,0
DA:482,0
DA:483,0
DA:487,0
DA:488,0
DA:489,0
DA:498,0
DA:502,0
DA:503,0
DA:505,0
DA:510,0
DA:514,0
DA:516,0
DA:517,0
DA:518,0
DA:522,0
DA:537,0
LF:129
LH:0
BRDA:85,0,0,0
BRDA:85,0,1,0
BRDA:96,1,0,0
BRDA:96,1,1,0
BRDA:103,2,0,0
BRDA:103,2,1,0
BRDA:121,3,0,0
BRDA:121,3,1,0
BRDA:122,4,0,0
BRDA:122,4,1,0
BRDA:141,5,0,0
BRDA:141,5,1,0
BRDA:167,6,0,0
BRDA:167,6,1,0
BRDA:168,7,0,0
BRDA:168,7,1,0
BRDA:172,8,0,0
BRDA:172,8,1,0
BRDA:173,9,0,0
BRDA:173,9,1,0
BRDA:174,10,0,0
BRDA:174,10,1,0
BRDA:175,11,0,0
BRDA:175,11,1,0
BRDA:185,12,0,0
BRDA:185,12,1,0
BRDA:202,13,0,0
BRDA:202,13,1,0
BRDA:212,14,0,0
BRDA:212,14,1,0
BRDA:247,15,0,0
BRDA:247,15,1,0
BRDA:282,16,0,0
BRDA:282,16,1,0
BRDA:331,17,0,0
BRDA:331,17,1,0
BRDA:345,18,0,0
BRDA:345,18,1,0
BRDA:367,19,0,0
BRDA:367,19,1,0
BRDA:382,20,0,0
BRDA:382,20,1,0
BRDA:395,21,0,0
BRDA:395,21,1,0
BRDA:419,22,0,0
BRDA:419,22,1,0
BRDA:454,23,0,0
BRDA:454,23,1,0
BRDA:458,24,0,0
BRDA:458,24,1,0
BRDA:462,25,0,0
BRDA:462,25,1,0
BRDA:463,26,0,0
BRDA:463,26,1,0
BRDA:468,27,0,0
BRDA:468,27,1,0
BRDA:482,28,0,0
BRDA:482,28,1,0
BRDA:482,29,0,0
BRDA:482,29,1,0
BRDA:487,30,0,0
BRDA:487,30,1,0
BRDA:489,31,0,0
BRDA:489,31,1,0
BRDA:490,32,0,0
BRDA:490,32,1,0
BRDA:490,32,2,0
BRDA:490,32,3,0
BRDA:490,32,4,0
BRDA:490,32,5,0
BRDA:490,32,6,0
BRDA:502,33,0,0
BRDA:502,33,1,0
BRDA:514,34,0,0
BRDA:514,34,1,0
BRDA:546,35,0,0
BRDA:546,35,1,0
BRDA:547,36,0,0
BRDA:547,36,1,0
BRF:79
BRH:0
end_of_record
TN:
SF:lib\utils\api-rate-limit.ts
FN:8,withApiRateLimit
FN:12,(anonymous_4)
FN:50,createRateLimitedHandler
FNF:3
FNH:0
FNDA:0,withApiRateLimit
FNDA:0,(anonymous_4)
FNDA:0,createRateLimitedHandler
DA:1,0
DA:2,0
DA:8,0
DA:12,0
DA:14,0
DA:15,0
DA:19,0
DA:20,0
DA:21,0
DA:25,0
DA:26,0
DA:29,0
DA:30,0
DA:39,0
DA:41,0
DA:42,0
DA:50,0
DA:60,0
DA:62,0
DA:63,0
DA:64,0
DA:68,0
LF:22
LH:0
BRDA:14,0,0,0
BRDA:14,0,1,0
BRDA:20,1,0,0
BRDA:20,1,1,0
BRDA:63,2,0,0
BRDA:63,2,1,0
BRF:6
BRH:0
end_of_record
TN:
SF:lib\utils\data-permission-filters.ts
FN:33,(anonymous_6)
FN:42,(anonymous_7)
FN:57,(anonymous_8)
FN:103,(anonymous_9)
FN:135,(anonymous_10)
FN:144,(anonymous_11)
FN:159,(anonymous_12)
FN:207,(anonymous_13)
FN:235,(anonymous_14)
FN:244,(anonymous_15)
FN:297,(anonymous_16)
FN:323,(anonymous_17)
FN:332,(anonymous_18)
FN:342,(anonymous_19)
FN:378,(anonymous_20)
FN:387,(anonymous_21)
FN:395,(anonymous_22)
FN:431,(anonymous_23)
FN:436,(anonymous_24)
FN:458,(anonymous_25)
FN:529,filterAssetsByPermissions
FN:543,filterUsersByPermissions
FN:557,buildPermissionFilteredQuery
FNF:23
FNH:10
FNDA:3,(anonymous_6)
FNDA:2,(anonymous_7)
FNDA:2,(anonymous_8)
FNDA:3,(anonymous_9)
FNDA:1,(anonymous_10)
FNDA:1,(anonymous_11)
FNDA:1,(anonymous_12)
FNDA:3,(anonymous_13)
FNDA:0,(anonymous_14)
FNDA:0,(anonymous_15)
FNDA:0,(anonymous_16)
FNDA:0,(anonymous_17)
FNDA:0,(anonymous_18)
FNDA:0,(anonymous_19)
FNDA:0,(anonymous_20)
FNDA:0,(anonymous_21)
FNDA:0,(anonymous_22)
FNDA:1,(anonymous_23)
FNDA:0,(anonymous_24)
FNDA:0,(anonymous_25)
FNDA:1,filterAssetsByPermissions
FNDA:0,filterUsersByPermissions
FNDA:0,buildPermissionFilteredQuery
DA:6,1
DA:7,1
DA:26,4
DA:27,5
DA:37,3
DA:42,3
DA:43,2
DA:46,3
DA:47,1
DA:57,2
DA:58,2
DA:61,2
DA:62,1
DA:72,1
DA:73,1
DA:75,1
DA:76,3
DA:78,3
DA:79,3
DA:80,2
DA:81,2
DA:85,3
DA:86,2
DA:90,1
DA:91,1
DA:94,1
DA:109,3
DA:112,0
DA:115,0
DA:117,0
DA:118,0
DA:120,0
DA:124,3
DA:127,0
DA:139,1
DA:144,1
DA:145,1
DA:148,1
DA:149,0
DA:159,1
DA:160,1
DA:163,1
DA:164,0
DA:174,1
DA:175,1
DA:177,1
DA:179,1
DA:180,3
DA:182,3
DA:183,3
DA:184,2
DA:185,2
DA:189,3
DA:190,2
DA:194,1
DA:195,1
DA:198,1
DA:213,3
DA:216,0
DA:220,3
DA:224,0
DA:227,0
DA:239,0
DA:244,0
DA:245,0
DA:248,0
DA:249,0
DA:258,0
DA:259,0
DA:261,0
DA:263,0
DA:264,0
DA:267,0
DA:268,0
DA:271,0
DA:272,0
DA:273,0
DA:274,0
DA:279,0
DA:280,0
DA:284,0
DA:285,0
DA:288,0
DA:303,0
DA:306,0
DA:309,0
DA:312,0
DA:315,0
DA:327,0
DA:332,0
DA:333,0
DA:336,0
DA:338,0
DA:342,0
DA:343,0
DA:346,0
DA:348,0
DA:352,0
DA:354,0
DA:355,0
DA:357,0
DA:358,0
DA:359,0
DA:361,0
DA:364,0
DA:365,0
DA:366,0
DA:370,0
DA:372,0
DA:375,0
DA:382,0
DA:387,0
DA:388,0
DA:391,0
DA:392,0
DA:395,0
DA:396,0
DA:399,0
DA:400,0
DA:403,0
DA:405,0
DA:406,0
DA:408,0
DA:409,0
DA:410,0
DA:412,0
DA:415,0
DA:416,0
DA:420,0
DA:421,0
DA:424,0
DA:432,1
DA:437,0
DA:438,0
DA:439,0
DA:447,0
DA:449,0
DA:450,0
DA:469,0
DA:471,0
DA:474,0
DA:476,0
DA:481,0
DA:484,0
DA:489,0
DA:492,0
DA:497,0
DA:500,0
DA:509,0
DA:515,0
DA:523,1
DA:529,1
DA:535,1
DA:543,0
DA:549,0
DA:557,0
DA:564,0
DA:566,0
DA:568,0
DA:570,0
DA:572,0
LF:161
LH:55
BRDA:43,0,0,2
BRDA:43,0,1,2
BRDA:46,1,0,1
BRDA:46,1,1,2
BRDA:58,2,0,2
BRDA:58,2,1,2
BRDA:61,3,0,1
BRDA:61,3,1,1
BRDA:61,4,0,2
BRDA:61,4,1,1
BRDA:79,5,0,2
BRDA:79,5,1,1
BRDA:85,6,0,2
BRDA:85,6,1,1
BRDA:90,7,0,1
BRDA:90,7,1,0
BRDA:109,8,0,0
BRDA:109,8,1,0
BRDA:109,8,2,0
BRDA:109,8,3,3
BRDA:109,8,4,0
BRDA:115,9,0,0
BRDA:115,9,1,0
BRDA:124,10,0,3
BRDA:124,10,1,2
BRDA:145,11,0,1
BRDA:145,11,1,1
BRDA:148,12,0,0
BRDA:148,12,1,1
BRDA:160,13,0,1
BRDA:160,13,1,1
BRDA:163,14,0,0
BRDA:163,14,1,1
BRDA:163,15,0,1
BRDA:163,15,1,0
BRDA:183,16,0,2
BRDA:183,16,1,1
BRDA:183,17,0,3
BRDA:183,17,1,0
BRDA:189,18,0,2
BRDA:189,18,1,1
BRDA:194,19,0,1
BRDA:194,19,1,0
BRDA:213,20,0,0
BRDA:213,20,1,0
BRDA:213,20,2,3
BRDA:213,20,3,0
BRDA:213,20,4,0
BRDA:245,21,0,0
BRDA:245,21,1,0
BRDA:248,22,0,0
BRDA:248,22,1,0
BRDA:267,23,0,0
BRDA:267,23,1,0
BRDA:272,24,0,0
BRDA:272,24,1,0
BRDA:272,25,0,0
BRDA:272,25,1,0
BRDA:279,26,0,0
BRDA:279,26,1,0
BRDA:284,27,0,0
BRDA:284,27,1,0
BRDA:303,28,0,0
BRDA:303,28,1,0
BRDA:303,28,2,0
BRDA:303,28,3,0
BRDA:303,28,4,0
BRDA:333,29,0,0
BRDA:333,29,1,0
BRDA:336,30,0,0
BRDA:336,30,1,0
BRDA:343,31,0,0
BRDA:343,31,1,0
BRDA:346,32,0,0
BRDA:346,32,1,0
BRDA:346,33,0,0
BRDA:346,33,1,0
BRDA:355,34,0,0
BRDA:355,34,1,0
BRDA:358,35,0,0
BRDA:358,35,1,0
BRDA:370,36,0,0
BRDA:370,36,1,0
BRDA:388,37,0,0
BRDA:388,37,1,0
BRDA:391,38,0,0
BRDA:391,38,1,0
BRDA:396,39,0,0
BRDA:396,39,1,0
BRDA:399,40,0,0
BRDA:399,40,1,0
BRDA:399,41,0,0
BRDA:399,41,1,0
BRDA:406,42,0,0
BRDA:406,42,1,0
BRDA:409,43,0,0
BRDA:409,43,1,0
BRDA:420,44,0,0
BRDA:420,44,1,0
BRDA:432,45,0,1
BRDA:432,45,1,1
BRDA:447,46,0,0
BRDA:447,46,1,0
BRDA:474,47,0,0
BRDA:474,47,1,0
BRDA:474,47,2,0
BRDA:474,47,3,0
BRDA:533,48,0,0
BRDA:547,49,0,0
BRDA:566,50,0,0
BRDA:566,50,1,0
BRDA:566,50,2,0
BRF:112
BRH:34
end_of_record
TN:
SF:lib\utils\enhance-api-with-rate-limit.ts
FN:7,enhanceWithRateLimit
FN:11,(anonymous_4)
FN:46,createRateLimitedHandlers
FNF:3
FNH:0
FNDA:0,enhanceWithRateLimit
FNDA:0,(anonymous_4)
FNDA:0,createRateLimitedHandlers
DA:1,0
DA:2,0
DA:7,0
DA:11,0
DA:13,0
DA:14,0
DA:15,0
DA:19,0
DA:22,0
DA:23,0
DA:26,0
DA:29,0
DA:32,0
DA:39,0
DA:46,0
DA:56,0
DA:58,0
DA:59,0
DA:60,0
DA:64,0
DA:68,0
LF:21
LH:0
BRDA:14,0,0,0
BRDA:14,0,1,0
BRDA:22,1,0,0
BRDA:22,1,1,0
BRDA:26,2,0,0
BRDA:26,2,1,0
BRDA:29,3,0,0
BRDA:29,3,1,0
BRDA:59,4,0,0
BRDA:59,4,1,0
BRDA:60,5,0,0
BRDA:60,5,1,0
BRDA:60,6,0,0
BRDA:60,6,1,0
BRDA:60,6,2,0
BRDA:62,7,0,0
BRDA:62,7,1,0
BRF:17
BRH:0
end_of_record
TN:
SF:lib\utils\form-validation.ts
FN:25,(anonymous_14)
FN:75,validateForm
FN:90,(anonymous_16)
FN:117,validateFormAsync
FN:162,getFieldError
FN:170,hasFieldError
FN:178,formatValidationErrors
FN:188,(anonymous_21)
FN:195,(anonymous_22)
FN:203,(anonymous_23)
FN:218,createInitialFormState
FN:227,updateFormState
FNF:12
FNH:0
FNDA:0,(anonymous_14)
FNDA:0,validateForm
FNDA:0,(anonymous_16)
FNDA:0,validateFormAsync
FNDA:0,getFieldError
FNDA:0,hasFieldError
FNDA:0,formatValidationErrors
FNDA:0,(anonymous_21)
FNDA:0,(anonymous_22)
FNDA:0,(anonymous_23)
FNDA:0,createInitialFormState
FNDA:0,updateFormState
DA:1,0
DA:4,0
DA:14,0
DA:25,0
DA:34,0
DA:41,0
DA:46,0
DA:75,0
DA:79,0
DA:80,0
DA:81,0
DA:86,0
DA:87,0
DA:88,0
DA:90,0
DA:91,0
DA:92,0
DA:93,0
DA:95,0
DA:98,0
DA:101,0
DA:108,0
DA:117,0
DA:122,0
DA:124,0
DA:125,0
DA:129,0
DA:130,0
DA:132,0
DA:133,0
DA:134,0
DA:135,0
DA:136,0
DA:137,0
DA:139,0
DA:142,0
DA:143,0
DA:145,0
DA:149,0
DA:150,0
DA:158,0
DA:162,0
DA:166,0
DA:170,0
DA:174,0
DA:178,0
DA:181,0
DA:182,0
DA:186,0
DA:191,0
DA:196,0
DA:197,0
DA:199,0
DA:206,0
DA:218,0
DA:219,0
DA:227,0
DA:231,0
LF:58
LH:0
BRDA:25,0,0,0
BRDA:25,0,1,0
BRDA:86,1,0,0
BRDA:86,1,1,0
BRDA:92,2,0,0
BRDA:92,2,1,0
BRDA:124,3,0,0
BRDA:124,3,1,0
BRDA:124,4,0,0
BRDA:124,4,1,0
BRDA:129,5,0,0
BRDA:129,5,1,0
BRDA:129,6,0,0
BRDA:129,6,1,0
BRDA:135,7,0,0
BRDA:135,7,1,0
BRDA:136,8,0,0
BRDA:136,8,1,0
BRDA:142,9,0,0
BRDA:142,9,1,0
BRDA:149,10,0,0
BRDA:149,10,1,0
BRDA:153,11,0,0
BRDA:153,11,1,0
BRDA:196,12,0,0
BRDA:196,12,1,0
BRF:26
BRH:0
end_of_record
TN:
SF:lib\utils\permission-cache.ts
FN:29,(anonymous_4)
FN:40,(anonymous_5)
FN:56,(anonymous_6)
FN:73,(anonymous_7)
FN:85,(anonymous_8)
FN:113,(anonymous_9)
FN:140,(anonymous_10)
FN:149,(anonymous_11)
FN:174,(anonymous_12)
FN:202,(anonymous_13)
FN:207,(anonymous_14)
FN:223,(anonymous_15)
FN:240,(anonymous_16)
FN:249,(anonymous_17)
FN:307,(anonymous_18)
FN:311,(anonymous_19)
FN:322,(anonymous_20)
FN:324,(anonymous_21)
FN:329,(anonymous_22)
FN:360,(anonymous_23)
FN:370,(anonymous_24)
FN:383,hashContext
FN:390,(anonymous_26)
FN:414,(anonymous_27)
FNF:24
FNH:14
FNDA:3,(anonymous_4)
FNDA:5,(anonymous_5)
FNDA:4,(anonymous_6)
FNDA:1,(anonymous_7)
FNDA:3,(anonymous_8)
FNDA:3,(anonymous_9)
FNDA:2,(anonymous_10)
FNDA:0,(anonymous_11)
FNDA:0,(anonymous_12)
FNDA:1,(anonymous_13)
FNDA:0,(anonymous_14)
FNDA:0,(anonymous_15)
FNDA:10,(anonymous_16)
FNDA:1,(anonymous_17)
FNDA:18,(anonymous_18)
FNDA:6,(anonymous_19)
FNDA:3,(anonymous_20)
FNDA:0,(anonymous_21)
FNDA:0,(anonymous_22)
FNDA:2,(anonymous_23)
FNDA:0,(anonymous_24)
FNDA:0,hashContext
FNDA:0,(anonymous_26)
FNDA:0,(anonymous_27)
DA:22,0
DA:23,3
DA:24,3
DA:25,3
DA:26,3
DA:27,3
DA:30,3
DA:31,0
DA:33,3
DA:41,5
DA:42,5
DA:44,5
DA:45,1
DA:48,4
DA:49,1
DA:50,1
DA:53,3
DA:62,4
DA:63,4
DA:64,4
DA:66,4
DA:74,1
DA:75,1
DA:78,1
DA:92,3
DA:93,3
DA:95,3
DA:96,3
DA:97,1
DA:100,2
DA:101,2
DA:102,0
DA:105,2
DA:106,0
DA:107,0
DA:110,2
DA:122,3
DA:123,3
DA:125,3
DA:126,3
DA:129,3
DA:130,3
DA:131,3
DA:133,3
DA:141,2
DA:142,2
DA:158,0
DA:160,0
DA:161,0
DA:168,0
DA:171,0
DA:185,0
DA:186,0
DA:203,1
DA:204,1
DA:209,0
DA:211,0
DA:212,0
DA:213,0
DA:217,0
DA:218,0
DA:219,0
DA:225,0
DA:226,0
DA:228,0
DA:229,0
DA:230,0
DA:234,0
DA:235,0
DA:241,10
DA:242,10
DA:265,1
DA:266,1
DA:267,1
DA:268,1
DA:271,1
DA:272,1
DA:273,0
DA:278,1
DA:279,1
DA:280,1
DA:281,1
DA:282,0
DA:287,1
DA:308,18
DA:316,6
DA:317,6
DA:318,6
DA:319,6
DA:324,3
DA:325,0
DA:330,0
DA:333,0
DA:334,0
DA:335,0
DA:340,0
DA:341,0
DA:343,0
DA:344,0
DA:345,0
DA:349,0
DA:350,0
DA:354,0
DA:355,0
DA:362,2
DA:363,2
DA:364,2
DA:365,2
DA:367,2
DA:371,0
DA:372,0
DA:373,0
DA:375,0
DA:383,0
DA:384,0
DA:385,0
DA:389,0
DA:390,0
DA:391,0
DA:392,0
DA:396,0
DA:397,0
DA:398,0
DA:399,0
DA:400,0
DA:401,0
DA:403,0
DA:410,27
DA:413,3
DA:414,3
DA:415,0
LF:131
LH:70
BRDA:30,0,0,0
BRDA:30,0,1,3
BRDA:44,1,0,1
BRDA:44,1,1,4
BRDA:48,2,0,1
BRDA:48,2,1,3
BRDA:64,3,0,4
BRDA:64,3,1,3
BRDA:96,4,0,1
BRDA:96,4,1,2
BRDA:101,5,0,0
BRDA:101,5,1,2
BRDA:105,6,0,0
BRDA:105,6,1,2
BRDA:125,7,0,3
BRDA:125,7,1,0
BRDA:131,8,0,3
BRDA:131,8,1,3
BRDA:212,9,0,0
BRDA:212,9,1,0
BRDA:229,10,0,0
BRDA:229,10,1,0
BRDA:272,11,0,0
BRDA:272,11,1,1
BRDA:281,12,0,0
BRDA:281,12,1,1
BRDA:317,13,0,0
BRDA:317,13,1,6
BRDA:318,14,0,0
BRDA:318,14,1,6
BRDA:334,15,0,0
BRDA:334,15,1,0
BRDA:344,16,0,0
BRDA:344,16,1,0
BRDA:354,17,0,0
BRDA:354,17,1,0
BRDA:371,18,0,0
BRDA:371,18,1,0
BRDA:384,19,0,0
BRDA:384,19,1,0
BRDA:384,20,0,0
BRDA:384,20,1,0
BRDA:413,21,0,3
BRDA:413,21,1,0
BRF:44
BRH:19
end_of_record
