TN:
SF:lib\api-key.ts
FN:5,generateApiKey
FN:10,storeApiKey
FN:49,validateApiKey
FN:64,revokeApiKey
FNF:4
FNH:0
FNDA:0,generateApiKey
FNDA:0,storeApiKey
FNDA:0,validateApiKey
FNDA:0,revokeApiKey
DA:1,0
DA:2,0
DA:3,0
DA:5,0
DA:7,0
DA:10,0
DA:19,0
DA:20,0
DA:22,0
DA:23,0
DA:33,0
DA:35,0
DA:46,0
DA:49,0
DA:52,0
DA:53,0
DA:54,0
DA:60,0
DA:61,0
DA:64,0
DA:73,0
DA:74,0
DA:79,0
DA:81,0
LF:24
LH:0
BRDA:33,0,0,0
BRDA:33,0,1,0
BRDA:60,1,0,0
BRDA:60,1,1,0
BRDA:60,2,0,0
BRDA:60,2,1,0
BRDA:79,3,0,0
BRDA:79,3,1,0
BRF:8
BRH:0
end_of_record
TN:
SF:lib\api-usage.ts
FN:3,logApiUsage
FNF:1
FNH:0
FNDA:0,logApiUsage
DA:1,0
DA:3,0
DA:12,0
DA:13,0
LF:4
LH:0
BRF:0
BRH:0
end_of_record
TN:
SF:lib\asset-actions.ts
FN:50,addAsset
FN:121,updateAsset
FN:196,deleteAsset
FN:265,getAsset
FN:297,getAssets
FN:361,(anonymous_16)
FN:377,bulkUpdateAssets
FN:439,bulkDeleteAssets
FN:480,getAssetStats
FN:514,(anonymous_20)
FN:545,generateAssetId
FN:554,checkAssetIdExists
FNF:12
FNH:0
FNDA:0,addAsset
FNDA:0,updateAsset
FNDA:0,deleteAsset
FNDA:0,getAsset
FNDA:0,getAssets
FNDA:0,(anonymous_16)
FNDA:0,bulkUpdateAssets
FNDA:0,bulkDeleteAssets
FNDA:0,getAssetStats
FNDA:0,(anonymous_20)
FNDA:0,generateAssetId
FNDA:0,checkAssetIdExists
DA:3,0
DA:4,0
DA:5,0
DA:6,0
DA:7,0
DA:50,0
DA:51,0
DA:53,0
DA:57,0
DA:59,0
DA:60,0
DA:64,0
DA:70,0
DA:71,0
DA:74,0
DA:87,0
DA:88,0
DA:89,0
DA:92,0
DA:93,0
DA:96,0
DA:106,0
DA:107,0
DA:108,0
DA:114,0
DA:116,0
DA:117,0
DA:121,0
DA:122,0
DA:124,0
DA:128,0
DA:130,0
DA:131,0
DA:135,0
DA:141,0
DA:142,0
DA:145,0
DA:146,0
DA:149,0
DA:159,0
DA:160,0
DA:161,0
DA:164,0
DA:165,0
DA:166,0
DA:169,0
DA:181,0
DA:182,0
DA:183,0
DA:189,0
DA:191,0
DA:192,0
DA:196,0
DA:197,0
DA:199,0
DA:203,0
DA:205,0
DA:206,0
DA:210,0
DA:216,0
DA:217,0
DA:220,0
DA:221,0
DA:224,0
DA:226,0
DA:227,0
DA:228,0
DA:231,0
DA:232,0
DA:235,0
DA:246,0
DA:247,0
DA:252,0
DA:258,0
DA:260,0
DA:261,0
DA:265,0
DA:266,0
DA:268,0
DA:272,0
DA:274,0
DA:275,0
DA:278,0
DA:285,0
DA:286,0
DA:287,0
DA:290,0
DA:292,0
DA:293,0
DA:297,0
DA:298,0
DA:300,0
DA:304,0
DA:306,0
DA:307,0
DA:310,0
DA:317,0
DA:318,0
DA:321,0
DA:322,0
DA:325,0
DA:326,0
DA:329,0
DA:330,0
DA:333,0
DA:334,0
DA:337,0
DA:338,0
DA:341,0
DA:342,0
DA:345,0
DA:346,0
DA:349,0
DA:351,0
DA:352,0
DA:353,0
DA:357,0
DA:358,0
DA:359,0
DA:360,0
DA:362,0
DA:370,0
DA:372,0
DA:373,0
DA:377,0
DA:378,0
DA:380,0
DA:384,0
DA:386,0
DA:387,0
DA:391,0
DA:397,0
DA:398,0
DA:401,0
DA:403,0
DA:405,0
DA:406,0
DA:408,0
DA:409,0
DA:411,0
DA:412,0
DA:414,0
DA:415,0
DA:417,0
DA:420,0
DA:422,0
DA:424,0
DA:425,0
DA:426,0
DA:429,0
DA:430,0
DA:432,0
DA:434,0
DA:435,0
DA:439,0
DA:440,0
DA:442,0
DA:446,0
DA:448,0
DA:449,0
DA:453,0
DA:459,0
DA:460,0
DA:463,0
DA:465,0
DA:466,0
DA:467,0
DA:470,0
DA:471,0
DA:473,0
DA:475,0
DA:476,0
DA:480,0
DA:481,0
DA:483,0
DA:487,0
DA:489,0
DA:490,0
DA:493,0
DA:498,0
DA:499,0
DA:502,0
DA:510,0
DA:511,0
DA:513,0
DA:521,0
DA:524,0
DA:527,0
DA:528,0
DA:532,0
DA:533,0
DA:538,0
DA:540,0
DA:541,0
DA:545,0
DA:546,0
DA:547,0
DA:548,0
DA:551,0
DA:554,0
DA:555,0
DA:557,0
DA:558,0
DA:564,0
DA:565,0
DA:566,0
DA:569,0
DA:571,0
DA:572,0
LF:209
LH:0
BRDA:59,0,0,0
BRDA:59,0,1,0
BRDA:59,1,0,0
BRDA:59,1,1,0
BRDA:70,2,0,0
BRDA:70,2,1,0
BRDA:80,3,0,0
BRDA:80,3,1,0
BRDA:81,4,0,0
BRDA:81,4,1,0
BRDA:87,5,0,0
BRDA:87,5,1,0
BRDA:102,6,0,0
BRDA:102,6,1,0
BRDA:106,7,0,0
BRDA:106,7,1,0
BRDA:130,8,0,0
BRDA:130,8,1,0
BRDA:130,9,0,0
BRDA:130,9,1,0
BRDA:141,10,0,0
BRDA:141,10,1,0
BRDA:145,11,0,0
BRDA:145,11,1,0
BRDA:159,12,0,0
BRDA:159,12,1,0
BRDA:175,13,0,0
BRDA:175,13,1,0
BRDA:181,14,0,0
BRDA:181,14,1,0
BRDA:205,15,0,0
BRDA:205,15,1,0
BRDA:205,16,0,0
BRDA:205,16,1,0
BRDA:216,17,0,0
BRDA:216,17,1,0
BRDA:220,18,0,0
BRDA:220,18,1,0
BRDA:226,19,0,0
BRDA:226,19,1,0
BRDA:241,20,0,0
BRDA:241,20,1,0
BRDA:246,21,0,0
BRDA:246,21,1,0
BRDA:274,22,0,0
BRDA:274,22,1,0
BRDA:274,23,0,0
BRDA:274,23,1,0
BRDA:285,24,0,0
BRDA:285,24,1,0
BRDA:306,25,0,0
BRDA:306,25,1,0
BRDA:306,26,0,0
BRDA:306,26,1,0
BRDA:317,27,0,0
BRDA:317,27,1,0
BRDA:317,28,0,0
BRDA:317,28,1,0
BRDA:321,29,0,0
BRDA:321,29,1,0
BRDA:325,30,0,0
BRDA:325,30,1,0
BRDA:329,31,0,0
BRDA:329,31,1,0
BRDA:333,32,0,0
BRDA:333,32,1,0
BRDA:337,33,0,0
BRDA:337,33,1,0
BRDA:341,34,0,0
BRDA:341,34,1,0
BRDA:345,35,0,0
BRDA:345,35,1,0
BRDA:351,36,0,0
BRDA:351,36,1,0
BRDA:357,37,0,0
BRDA:357,37,1,0
BRDA:358,38,0,0
BRDA:358,38,1,0
BRDA:362,39,0,0
BRDA:362,39,1,0
BRDA:362,39,2,0
BRDA:362,39,3,0
BRDA:362,39,4,0
BRDA:386,40,0,0
BRDA:386,40,1,0
BRDA:386,41,0,0
BRDA:386,41,1,0
BRDA:397,42,0,0
BRDA:397,42,1,0
BRDA:397,43,0,0
BRDA:397,43,1,0
BRDA:403,44,0,0
BRDA:403,44,1,0
BRDA:403,44,2,0
BRDA:403,44,3,0
BRDA:403,44,4,0
BRDA:424,45,0,0
BRDA:424,45,1,0
BRDA:448,46,0,0
BRDA:448,46,1,0
BRDA:448,47,0,0
BRDA:448,47,1,0
BRDA:459,48,0,0
BRDA:459,48,1,0
BRDA:459,49,0,0
BRDA:459,49,1,0
BRDA:465,50,0,0
BRDA:465,50,1,0
BRDA:489,51,0,0
BRDA:489,51,1,0
BRDA:489,52,0,0
BRDA:489,52,1,0
BRDA:498,53,0,0
BRDA:498,53,1,0
BRDA:521,54,0,0
BRDA:521,54,1,0
BRDA:524,55,0,0
BRDA:524,55,1,0
BRDA:527,56,0,0
BRDA:527,56,1,0
BRDA:532,57,0,0
BRDA:532,57,1,0
BRDA:532,58,0,0
BRDA:532,58,1,0
BRDA:546,59,0,0
BRDA:546,59,1,0
BRDA:564,60,0,0
BRDA:564,60,1,0
BRDA:564,61,0,0
BRDA:564,61,1,0
BRF:130
BRH:0
end_of_record
TN:
SF:lib\asset-depreciation.ts
FN:1,calculateBookValue
FNF:1
FNH:0
FNDA:0,calculateBookValue
DA:1,0
DA:14,0
DA:15,0
DA:16,0
DA:17,0
DA:21,0
DA:22,0
DA:23,0
DA:24,0
DA:25,0
DA:28,0
LF:11
LH:0
BRDA:4,0,0,0
BRDA:6,1,0,0
BRDA:14,2,0,0
BRDA:14,2,1,0
BRDA:14,3,0,0
BRDA:14,3,1,0
BRDA:14,3,2,0
BRDA:21,4,0,0
BRDA:21,4,1,0
BRDA:22,5,0,0
BRDA:22,5,1,0
BRDA:24,6,0,0
BRDA:24,6,1,0
BRF:13
BRH:0
end_of_record
TN:
SF:lib\audit-log.ts
FN:20,logAuditEvent
FNF:1
FNH:0
FNDA:0,logAuditEvent
DA:1,0
DA:20,0
DA:21,0
DA:22,0
DA:23,0
DA:36,0
DA:37,0
DA:40,0
LF:8
LH:0
BRDA:27,0,0,0
BRDA:27,0,1,0
BRDA:28,1,0,0
BRDA:28,1,1,0
BRDA:29,2,0,0
BRDA:29,2,1,0
BRDA:30,3,0,0
BRDA:30,3,1,0
BRDA:31,4,0,0
BRDA:31,4,1,0
BRDA:32,5,0,0
BRDA:32,5,1,0
BRDA:33,6,0,0
BRDA:33,6,1,0
BRDA:36,7,0,0
BRDA:36,7,1,0
BRF:16
BRH:0
end_of_record
TN:
SF:lib\auth-actions.ts
FN:7,(anonymous_7)
FN:16,signInWithEmail
FN:32,signUpWithEmail
FN:83,signInWithGitHub
FN:113,signOut
FN:124,resetPassword
FN:145,resendConfirmation
FNF:7
FNH:0
FNDA:0,(anonymous_7)
FNDA:0,signInWithEmail
FNDA:0,signUpWithEmail
FNDA:0,signInWithGitHub
FNDA:0,signOut
FNDA:0,resetPassword
FNDA:0,resendConfirmation
DA:3,0
DA:4,0
DA:5,0
DA:7,0
DA:8,0
DA:10,0
DA:12,0
DA:13,0
DA:16,0
DA:17,0
DA:19,0
DA:24,0
DA:25,0
DA:26,0
DA:29,0
DA:32,0
DA:38,0
DA:40,0
DA:41,0
DA:43,0
DA:55,0
DA:56,0
DA:57,0
DA:61,0
DA:62,0
DA:63,0
DA:71,0
DA:72,0
DA:73,0
DA:80,0
DA:83,0
DA:84,0
DA:86,0
DA:87,0
DA:89,0
DA:100,0
DA:101,0
DA:102,0
DA:105,0
DA:106,0
DA:107,0
DA:110,0
DA:113,0
DA:114,0
DA:115,0
DA:117,0
DA:118,0
DA:121,0
DA:124,0
DA:125,0
DA:127,0
DA:128,0
DA:130,0
DA:134,0
DA:135,0
DA:136,0
DA:139,0
DA:145,0
DA:146,0
DA:148,0
DA:149,0
DA:151,0
DA:159,0
DA:160,0
DA:161,0
DA:164,0
LF:66
LH:0
BRDA:8,0,0,0
BRDA:8,0,1,0
BRDA:10,1,0,0
BRDA:10,1,1,0
BRDA:12,2,0,0
BRDA:12,2,1,0
BRDA:24,3,0,0
BRDA:24,3,1,0
BRDA:55,4,0,0
BRDA:55,4,1,0
BRDA:61,5,0,0
BRDA:61,5,1,0
BRDA:61,6,0,0
BRDA:61,6,1,0
BRDA:71,7,0,0
BRDA:71,7,1,0
BRDA:71,8,0,0
BRDA:71,8,1,0
BRDA:100,9,0,0
BRDA:100,9,1,0
BRDA:105,10,0,0
BRDA:105,10,1,0
BRDA:117,11,0,0
BRDA:117,11,1,0
BRDA:134,12,0,0
BRDA:134,12,1,0
BRDA:159,13,0,0
BRDA:159,13,1,0
BRF:28
BRH:0
end_of_record
TN:
SF:lib\env.ts
FN:19,validateEnvironment
FNF:1
FNH:0
FNDA:0,validateEnvironment
DA:2,0
DA:19,0
DA:20,0
DA:22,0
DA:23,0
DA:26,0
DA:27,0
DA:31,0
DA:32,0
DA:34,0
DA:37,0
DA:38,0
DA:39,0
DA:42,0
DA:46,0
DA:47,0
DA:54,0
DA:55,0
DA:56,0
DA:58,0
LF:20
LH:0
BRDA:4,0,0,0
BRDA:4,0,1,0
BRDA:6,1,0,0
BRDA:6,1,1,0
BRDA:10,2,0,0
BRDA:10,2,1,0
BRDA:13,3,0,0
BRDA:13,3,1,0
BRDA:22,4,0,0
BRDA:22,4,1,0
BRDA:22,5,0,0
BRDA:22,5,1,0
BRDA:26,6,0,0
BRDA:26,6,1,0
BRDA:26,7,0,0
BRDA:26,7,1,0
BRDA:37,8,0,0
BRDA:37,8,1,0
BRDA:46,9,0,0
BRDA:46,9,1,0
BRDA:46,10,0,0
BRDA:46,10,1,0
BRDA:51,11,0,0
BRDA:51,11,1,0
BRDA:55,12,0,0
BRDA:55,12,1,0
BRF:26
BRH:0
end_of_record
TN:
SF:lib\firebase.ts
FNF:0
FNH:0
DA:2,0
DA:12,0
DA:13,0
LF:3
LH:0
BRF:0
BRH:0
end_of_record
TN:
SF:lib\i18n.ts
FNF:0
FNH:0
DA:5,0
DA:6,0
DA:7,0
DA:8,0
DA:9,0
DA:11,0
DA:12,0
DA:24,0
LF:8
LH:0
BRDA:11,0,0,0
BRDA:11,0,1,0
BRF:2
BRH:0
end_of_record
TN:
SF:lib\integration-utils.ts
FN:3,sendIntegrationNotification
FNF:1
FNH:0
FNDA:0,sendIntegrationNotification
DA:1,0
DA:3,0
DA:12,0
DA:14,0
DA:19,0
DA:20,0
DA:21,0
DA:23,0
DA:24,0
LF:9
LH:0
BRDA:19,0,0,0
BRDA:19,0,1,0
BRDA:19,1,0,0
BRDA:19,1,1,0
BRDA:21,2,0,0
BRDA:21,2,1,0
BRF:6
BRH:0
end_of_record
TN:
SF:lib\notifications.ts
FN:7,sendGeofenceEventNotification
FN:27,sendInvitationEmail
FN:61,(anonymous_8)
FNF:3
FNH:0
FNDA:0,sendGeofenceEventNotification
FNDA:0,sendInvitationEmail
FNDA:0,(anonymous_8)
DA:2,0
DA:7,0
DA:13,0
DA:15,0
DA:27,0
DA:39,0
DA:40,0
DA:53,0
DA:54,0
DA:56,0
DA:59,0
DA:61,0
DA:62,0
DA:71,0
DA:77,0
DA:79,0
LF:16
LH:0
BRDA:17,0,0,0
BRDA:17,0,1,0
BRDA:18,1,0,0
BRDA:18,1,1,0
BRDA:39,2,0,0
BRDA:39,2,1,0
BRDA:47,3,0,0
BRDA:47,3,1,0
BRDA:53,4,0,0
BRDA:53,4,1,0
BRDA:59,5,0,0
BRDA:59,5,1,0
BRDA:59,6,0,0
BRDA:59,6,1,0
BRDA:59,6,2,0
BRDA:64,7,0,0
BRDA:64,7,1,0
BRDA:72,8,0,0
BRDA:72,8,1,0
BRF:19
BRH:0
end_of_record
TN:
SF:lib\profile-actions.ts
FN:11,createUserProfile
FN:61,checkUserProfile
FN:104,updateUserProfile
FNF:3
FNH:0
FNDA:0,createUserProfile
FNDA:0,checkUserProfile
FNDA:0,updateUserProfile
DA:3,0
DA:4,0
DA:11,0
DA:12,0
DA:13,0
DA:18,0
DA:20,0
DA:21,0
DA:22,0
DA:25,0
DA:26,0
DA:27,0
DA:30,0
DA:33,0
DA:41,0
DA:42,0
DA:43,0
DA:46,0
DA:49,0
DA:50,0
DA:51,0
DA:52,0
DA:54,0
DA:56,0
DA:57,0
DA:61,0
DA:62,0
DA:63,0
DA:68,0
DA:70,0
DA:71,0
DA:72,0
DA:75,0
DA:76,0
DA:77,0
DA:80,0
DA:82,0
DA:88,0
DA:89,0
DA:90,0
DA:91,0
DA:92,0
DA:93,0
DA:96,0
DA:97,0
DA:99,0
DA:100,0
DA:104,0
DA:105,0
DA:106,0
DA:111,0
DA:113,0
DA:114,0
DA:117,0
DA:124,0
DA:125,0
DA:126,0
DA:130,0
DA:131,0
DA:132,0
DA:134,0
DA:136,0
DA:137,0
LF:63
LH:0
BRDA:20,0,0,0
BRDA:20,0,1,0
BRDA:25,1,0,0
BRDA:25,1,1,0
BRDA:36,2,0,0
BRDA:36,2,1,0
BRDA:37,3,0,0
BRDA:37,3,1,0
BRDA:37,3,2,0
BRDA:38,4,0,0
BRDA:38,4,1,0
BRDA:41,5,0,0
BRDA:41,5,1,0
BRDA:70,6,0,0
BRDA:70,6,1,0
BRDA:75,7,0,0
BRDA:75,7,1,0
BRDA:88,8,0,0
BRDA:88,8,1,0
BRDA:88,9,0,0
BRDA:88,9,1,0
BRDA:91,10,0,0
BRDA:91,10,1,0
BRDA:113,11,0,0
BRDA:113,11,1,0
BRDA:113,12,0,0
BRDA:113,12,1,0
BRDA:124,13,0,0
BRDA:124,13,1,0
BRF:29
BRH:0
end_of_record
TN:
SF:lib\qr-actions.ts
FN:8,generateAssetQRCode
FN:97,generateBulkQRCodes
FN:146,(anonymous_7)
FN:161,(anonymous_8)
FN:162,(anonymous_9)
FN:163,(anonymous_10)
FN:192,lookupAssetByQR
FN:261,updateAssetQRCodeUrl
FNF:8
FNH:0
FNDA:0,generateAssetQRCode
FNDA:0,generateBulkQRCodes
FNDA:0,(anonymous_7)
FNDA:0,(anonymous_8)
FNDA:0,(anonymous_9)
FNDA:0,(anonymous_10)
FNDA:0,lookupAssetByQR
FNDA:0,updateAssetQRCodeUrl
DA:3,0
DA:5,0
DA:6,0
DA:8,0
DA:9,0
DA:10,0
DA:16,0
DA:18,0
DA:19,0
DA:20,0
DA:22,0
DA:23,0
DA:24,0
DA:27,0
DA:28,0
DA:29,0
DA:32,0
DA:35,0
DA:42,0
DA:44,0
DA:45,0
DA:46,0
DA:49,0
DA:50,0
DA:53,0
DA:56,0
DA:57,0
DA:59,0
DA:61,0
DA:68,0
DA:71,0
DA:77,0
DA:78,0
DA:79,0
DA:82,0
DA:84,0
DA:85,0
DA:86,0
DA:88,0
DA:90,0
DA:91,0
DA:97,0
DA:98,0
DA:99,0
DA:105,0
DA:107,0
DA:108,0
DA:110,0
DA:111,0
DA:112,0
DA:115,0
DA:116,0
DA:117,0
DA:120,0
DA:123,0
DA:129,0
DA:134,0
DA:135,0
DA:136,0
DA:139,0
DA:140,0
DA:143,0
DA:146,0
DA:153,0
DA:155,0
DA:157,0
DA:160,0
DA:161,0
DA:163,0
DA:164,0
DA:171,0
DA:175,0
DA:177,0
DA:179,0
DA:180,0
DA:181,0
DA:183,0
DA:185,0
DA:186,0
DA:192,0
DA:193,0
DA:194,0
DA:200,0
DA:202,0
DA:203,0
DA:205,0
DA:206,0
DA:207,0
DA:210,0
DA:211,0
DA:212,0
DA:215,0
DA:218,0
DA:219,0
DA:220,0
DA:223,0
DA:226,0
DA:239,0
DA:241,0
DA:242,0
DA:243,0
DA:246,0
DA:247,0
DA:250,0
DA:252,0
DA:254,0
DA:255,0
DA:261,0
DA:262,0
DA:263,0
DA:268,0
DA:269,0
DA:270,0
DA:272,0
DA:273,0
DA:276,0
DA:281,0
DA:282,0
DA:284,0
DA:285,0
DA:286,0
DA:287,0
DA:289,0
LF:123
LH:0
BRDA:22,0,0,0
BRDA:22,0,1,0
BRDA:27,1,0,0
BRDA:27,1,1,0
BRDA:44,2,0,0
BRDA:44,2,1,0
BRDA:49,3,0,0
BRDA:49,3,1,0
BRDA:56,4,0,0
BRDA:56,4,1,0
BRDA:77,5,0,0
BRDA:77,5,1,0
BRDA:92,6,0,0
BRDA:92,6,1,0
BRDA:110,7,0,0
BRDA:110,7,1,0
BRDA:115,8,0,0
BRDA:115,8,1,0
BRDA:134,9,0,0
BRDA:134,9,1,0
BRDA:139,10,0,0
BRDA:139,10,1,0
BRDA:139,11,0,0
BRDA:139,11,1,0
BRDA:143,12,0,0
BRDA:143,12,1,0
BRDA:164,13,0,0
BRDA:164,13,1,0
BRDA:187,14,0,0
BRDA:187,14,1,0
BRDA:205,15,0,0
BRDA:205,15,1,0
BRDA:210,16,0,0
BRDA:210,16,1,0
BRDA:219,17,0,0
BRDA:219,17,1,0
BRDA:241,18,0,0
BRDA:241,18,1,0
BRDA:246,19,0,0
BRDA:246,19,1,0
BRDA:256,20,0,0
BRDA:256,20,1,0
BRDA:269,21,0,0
BRDA:269,21,1,0
BRDA:272,22,0,0
BRDA:272,22,1,0
BRDA:281,23,0,0
BRDA:281,23,1,0
BRDA:290,24,0,0
BRDA:290,24,1,0
BRF:50
BRH:0
end_of_record
TN:
SF:lib\qr-code-utils.ts
FN:38,(anonymous_4)
FN:68,(anonymous_5)
FN:73,(anonymous_6)
FN:80,(anonymous_7)
FN:94,(anonymous_8)
FN:114,(anonymous_9)
FN:134,(anonymous_10)
FN:135,(anonymous_11)
FN:140,(anonymous_12)
FN:166,(anonymous_13)
FNF:10
FNH:0
FNDA:0,(anonymous_4)
FNDA:0,(anonymous_5)
FNDA:0,(anonymous_6)
FNDA:0,(anonymous_7)
FNDA:0,(anonymous_8)
FNDA:0,(anonymous_9)
FNDA:0,(anonymous_10)
FNDA:0,(anonymous_11)
FNDA:0,(anonymous_12)
FNDA:0,(anonymous_13)
DA:1,0
DA:27,0
DA:28,0
DA:42,0
DA:45,0
DA:54,0
DA:55,0
DA:62,0
DA:64,0
DA:72,0
DA:73,0
DA:80,0
DA:81,0
DA:82,0
DA:84,0
DA:95,0
DA:96,0
DA:97,0
DA:98,0
DA:105,0
DA:107,0
DA:113,0
DA:115,0
DA:122,0
DA:127,0
DA:135,0
DA:136,0
DA:137,0
DA:138,0
DA:140,0
DA:141,0
DA:142,0
DA:143,0
DA:146,0
DA:147,0
DA:148,0
DA:150,0
DA:153,0
DA:160,0
DA:166,0
DA:167,0
DA:170,0
LF:42
LH:0
BRDA:40,0,0,0
BRDA:70,1,0,0
BRDA:81,2,0,0
BRDA:81,2,1,0
BRDA:97,3,0,0
BRDA:97,3,1,0
BRDA:97,4,0,0
BRDA:97,4,1,0
BRDA:97,4,2,0
BRDA:101,5,0,0
BRDA:101,5,1,0
BRDA:102,6,0,0
BRDA:102,6,1,0
BRDA:141,7,0,0
BRDA:141,7,1,0
BRF:15
BRH:0
end_of_record
TN:
SF:lib\qr-template-utils.ts
FN:1,fetchQRTemplates
FN:8,fetchDefaultQRTemplate
FN:10,(anonymous_5)
FNF:3
FNH:0
FNDA:0,fetchQRTemplates
FNDA:0,fetchDefaultQRTemplate
FNDA:0,(anonymous_5)
DA:1,0
DA:2,0
DA:3,0
DA:4,0
DA:5,0
DA:8,0
DA:9,0
DA:10,0
LF:8
LH:0
BRDA:4,0,0,0
BRDA:4,0,1,0
BRDA:5,1,0,0
BRDA:5,1,1,0
BRDA:10,2,0,0
BRDA:10,2,1,0
BRDA:10,2,2,0
BRF:7
BRH:0
end_of_record
TN:
SF:lib\rate-limit.ts
FNF:0
FNH:0
DA:1,0
DA:4,0
LF:2
LH:0
BRF:0
BRH:0
end_of_record
TN:
SF:lib\realtime-client.ts
FN:30,(anonymous_1)
FN:57,(anonymous_2)
FN:68,(anonymous_3)
FN:79,(anonymous_4)
FN:90,(anonymous_5)
FN:106,(anonymous_6)
FN:132,(anonymous_7)
FN:136,(anonymous_8)
FN:147,(anonymous_9)
FN:153,(anonymous_10)
FN:172,(anonymous_11)
FN:197,(anonymous_12)
FN:199,(anonymous_13)
FN:202,(anonymous_14)
FN:219,(anonymous_15)
FN:220,(anonymous_16)
FNF:16
FNH:0
FNDA:0,(anonymous_1)
FNDA:0,(anonymous_2)
FNDA:0,(anonymous_3)
FNDA:0,(anonymous_4)
FNDA:0,(anonymous_5)
FNDA:0,(anonymous_6)
FNDA:0,(anonymous_7)
FNDA:0,(anonymous_8)
FNDA:0,(anonymous_9)
FNDA:0,(anonymous_10)
FNDA:0,(anonymous_11)
FNDA:0,(anonymous_12)
FNDA:0,(anonymous_13)
FNDA:0,(anonymous_14)
FNDA:0,(anonymous_15)
FNDA:0,(anonymous_16)
DA:3,0
DA:24,0
DA:25,0
DA:26,0
DA:27,0
DA:35,0
DA:37,0
DA:39,0
DA:40,0
DA:41,0
DA:42,0
DA:46,0
DA:48,0
DA:49,0
DA:58,0
DA:67,0
DA:68,0
DA:72,0
DA:80,0
DA:89,0
DA:90,0
DA:95,0
DA:96,0
DA:99,0
DA:100,0
DA:102,0
DA:107,0
DA:108,0
DA:109,0
DA:110,0
DA:111,0
DA:112,0
DA:113,0
DA:114,0
DA:115,0
DA:116,0
DA:122,0
DA:123,0
DA:124,0
DA:125,0
DA:126,0
DA:133,0
DA:136,0
DA:137,0
DA:138,0
DA:147,0
DA:154,0
DA:155,0
DA:163,0
DA:164,0
DA:167,0
DA:173,0
DA:174,0
DA:191,0
DA:192,0
DA:193,0
DA:195,0
DA:197,0
DA:199,0
DA:202,0
DA:206,0
DA:207,0
DA:220,0
DA:221,0
DA:223,0
DA:224,0
DA:225,0
DA:230,0
LF:68
LH:0
BRDA:35,0,0,0
BRDA:35,0,1,0
BRDA:37,1,0,0
BRDA:37,1,1,0
BRDA:39,2,0,0
BRDA:39,2,1,0
BRDA:48,3,0,0
BRDA:48,3,1,0
BRDA:67,4,0,0
BRDA:67,4,1,0
BRDA:89,5,0,0
BRDA:89,5,1,0
BRDA:107,6,0,0
BRDA:107,6,1,0
BRDA:109,7,0,0
BRDA:109,7,1,0
BRDA:111,8,0,0
BRDA:111,8,1,0
BRDA:114,9,0,0
BRDA:114,9,1,0
BRDA:123,10,0,0
BRDA:123,10,1,0
BRDA:137,11,0,0
BRDA:137,11,1,0
BRDA:137,12,0,0
BRDA:137,12,1,0
BRDA:144,13,0,0
BRDA:144,13,1,0
BRDA:163,14,0,0
BRDA:163,14,1,0
BRDA:196,15,0,0
BRDA:196,15,1,0
BRDA:197,16,0,0
BRDA:197,16,1,0
BRDA:199,17,0,0
BRDA:199,17,1,0
BRDA:200,18,0,0
BRDA:200,18,1,0
BRDA:202,19,0,0
BRDA:202,19,1,0
BRDA:203,20,0,0
BRDA:203,20,1,0
BRF:42
BRH:0
end_of_record
TN:
SF:lib\utils.ts
FN:4,cn
FNF:1
FNH:0
FNDA:0,cn
DA:1,0
DA:2,0
DA:4,0
DA:5,0
LF:4
LH:0
BRF:0
BRH:0
end_of_record
TN:
SF:lib\webhook-utils.ts
FN:3,deliverWebhooks
FNF:1
FNH:0
FNDA:0,deliverWebhooks
DA:1,0
DA:3,0
DA:12,0
DA:14,0
DA:19,0
DA:20,0
DA:21,0
DA:22,0
DA:24,0
LF:9
LH:0
BRDA:19,0,0,0
BRDA:19,0,1,0
BRDA:19,1,0,0
BRDA:19,1,1,0
BRDA:21,2,0,0
BRDA:21,2,1,0
BRF:6
BRH:0
end_of_record
TN:
SF:lib\with-rate-limit.ts
FN:6,withRateLimit
FNF:1
FNH:0
FNDA:0,withRateLimit
DA:1,0
DA:2,0
DA:3,0
DA:4,0
DA:6,0
DA:7,0
DA:9,0
DA:17,0
DA:19,0
DA:20,0
LF:10
LH:0
BRDA:7,0,0,0
BRDA:7,0,1,0
BRDA:9,1,0,0
BRDA:9,1,1,0
BRDA:9,2,0,0
BRDA:9,2,1,0
BRDA:9,2,2,0
BRDA:9,2,3,0
BRDA:12,3,0,0
BRDA:12,3,1,0
BRDA:12,4,0,0
BRDA:12,4,1,0
BRDA:19,5,0,0
BRDA:19,5,1,0
BRF:14
BRH:0
end_of_record
TN:
SF:lib\billing\stripe.ts
FN:14,createCustomer
FN:39,createSubscription
FN:76,updateSubscription
FN:96,cancelSubscription
FN:105,createCheckoutSession
FN:134,handleSubscriptionChange
FN:161,updateTenantFeatures
FNF:7
FNH:0
FNDA:0,createCustomer
FNDA:0,createSubscription
FNDA:0,updateSubscription
FNDA:0,cancelSubscription
FNDA:0,createCheckoutSession
FNDA:0,handleSubscriptionChange
FNDA:0,updateTenantFeatures
DA:1,0
DA:2,0
DA:5,0
DA:7,0
DA:14,0
DA:15,0
DA:16,0
DA:23,0
DA:24,0
DA:32,0
DA:34,0
DA:35,0
DA:39,0
DA:44,0
DA:45,0
DA:53,0
DA:55,0
DA:56,0
DA:69,0
DA:71,0
DA:72,0
DA:76,0
DA:80,0
DA:81,0
DA:82,0
DA:91,0
DA:92,0
DA:96,0
DA:97,0
DA:98,0
DA:100,0
DA:101,0
DA:105,0
DA:110,0
DA:111,0
DA:127,0
DA:129,0
DA:130,0
DA:134,0
DA:138,0
DA:140,0
DA:141,0
DA:142,0
DA:144,0
DA:153,0
DA:154,0
DA:156,0
DA:157,0
DA:161,0
DA:162,0
DA:213,0
DA:214,0
LF:52
LH:0
BRDA:5,0,0,0
BRDA:5,0,1,0
BRDA:9,1,0,0
BRDA:9,1,1,0
BRDA:10,2,0,0
BRDA:10,2,1,0
BRDA:11,3,0,0
BRDA:11,3,1,0
BRDA:55,4,0,0
BRDA:55,4,1,0
BRDA:60,5,0,0
BRDA:60,5,1,0
BRDA:61,6,0,0
BRDA:61,6,1,0
BRDA:127,7,0,0
BRDA:127,7,1,0
BRDA:153,8,0,0
BRDA:153,8,1,0
BRF:18
BRH:0
end_of_record
TN:
SF:lib\config\redis.ts
FN:36,(anonymous_9)
FN:78,(anonymous_10)
FN:93,(anonymous_11)
FN:108,(anonymous_12)
FN:127,(anonymous_13)
FN:142,(anonymous_14)
FNF:6
FNH:0
FNDA:0,(anonymous_9)
FNDA:0,(anonymous_10)
FNDA:0,(anonymous_11)
FNDA:0,(anonymous_12)
FNDA:0,(anonymous_13)
FNDA:0,(anonymous_14)
DA:6,0
DA:7,0
DA:10,0
DA:11,0
DA:14,0
DA:21,0
DA:29,0
DA:36,0
DA:45,0
DA:70,0
DA:71,0
DA:74,0
DA:79,0
DA:81,0
DA:82,0
DA:83,0
DA:85,0
DA:86,0
DA:94,0
DA:96,0
DA:97,0
DA:98,0
DA:100,0
DA:101,0
DA:109,0
DA:111,0
DA:112,0
DA:113,0
DA:115,0
DA:117,0
DA:119,0
DA:120,0
DA:128,0
DA:130,0
DA:131,0
DA:132,0
DA:134,0
DA:135,0
DA:143,0
DA:145,0
DA:146,0
DA:147,0
DA:149,0
DA:151,0
DA:153,0
DA:154,0
DA:160,0
DA:161,0
LF:48
LH:0
BRDA:15,0,0,0
BRDA:15,0,1,0
BRDA:15,0,2,0
BRDA:21,1,0,0
BRDA:21,1,1,0
BRDA:29,2,0,0
BRDA:29,2,1,0
BRDA:71,3,0,0
BRDA:71,3,1,0
BRDA:79,4,0,0
BRDA:79,4,1,0
BRDA:79,5,0,0
BRDA:79,5,1,0
BRDA:93,6,0,0
BRDA:94,7,0,0
BRDA:94,7,1,0
BRDA:94,8,0,0
BRDA:94,8,1,0
BRDA:98,9,0,0
BRDA:98,9,1,0
BRDA:109,10,0,0
BRDA:109,10,1,0
BRDA:109,11,0,0
BRDA:109,11,1,0
BRDA:112,12,0,0
BRDA:112,12,1,0
BRDA:128,13,0,0
BRDA:128,13,1,0
BRDA:128,14,0,0
BRDA:128,14,1,0
BRDA:143,15,0,0
BRDA:143,15,1,0
BRDA:143,16,0,0
BRDA:143,16,1,0
BRDA:147,17,0,0
BRDA:147,17,1,0
BRDA:147,18,0,0
BRDA:147,18,1,0
BRF:38
BRH:0
end_of_record
TN:
SF:lib\middleware\api-key-auth.ts
FN:24,withApiKeyAuth
FN:94,requireApiKey
FN:98,(anonymous_8)
FN:150,extractApiKeyFromHeader
FN:169,getClientIpAddress
FN:193,addRateLimitHeaders
FN:222,createApiErrorResponse
FN:239,createApiSuccessResponse
FNF:8
FNH:0
FNDA:0,withApiKeyAuth
FNDA:0,requireApiKey
FNDA:0,(anonymous_8)
FNDA:0,extractApiKeyFromHeader
FNDA:0,getClientIpAddress
FNDA:0,addRateLimitHeaders
FNDA:0,createApiErrorResponse
FNDA:0,createApiSuccessResponse
DA:6,0
DA:7,0
DA:24,0
DA:28,0
DA:30,0
DA:31,0
DA:33,0
DA:34,0
DA:41,0
DA:44,0
DA:51,0
DA:52,0
DA:53,0
DA:60,0
DA:61,0
DA:62,0
DA:74,0
DA:83,0
DA:84,0
DA:94,0
DA:98,0
DA:99,0
DA:101,0
DA:102,0
DA:105,0
DA:106,0
DA:109,0
DA:110,0
DA:111,0
DA:123,0
DA:125,0
DA:128,0
DA:129,0
DA:130,0
DA:142,0
DA:151,0
DA:154,0
DA:155,0
DA:157,0
DA:158,0
DA:161,0
DA:163,0
DA:171,0
DA:172,0
DA:173,0
DA:176,0
DA:177,0
DA:178,0
DA:181,0
DA:182,0
DA:183,0
DA:187,0
DA:193,0
DA:202,0
DA:203,0
DA:204,0
DA:209,0
DA:210,0
DA:216,0
DA:222,0
DA:227,0
DA:229,0
DA:230,0
DA:233,0
DA:239,0
DA:240,0
LF:66
LH:0
BRDA:26,0,0,0
BRDA:33,1,0,0
BRDA:33,1,1,0
BRDA:51,2,0,0
BRDA:51,2,1,0
BRDA:52,3,0,0
BRDA:52,3,1,0
BRDA:60,4,0,0
BRDA:60,4,1,0
BRDA:69,5,0,0
BRDA:69,5,1,0
BRDA:96,6,0,0
BRDA:101,7,0,0
BRDA:101,7,1,0
BRDA:109,8,0,0
BRDA:109,8,1,0
BRDA:118,9,0,0
BRDA:118,9,1,0
BRDA:128,10,0,0
BRDA:128,10,1,0
BRDA:137,11,0,0
BRDA:137,11,1,0
BRDA:151,12,0,0
BRDA:151,12,1,0
BRDA:155,13,0,0
BRDA:155,13,1,0
BRDA:158,14,0,0
BRDA:158,14,1,0
BRDA:161,15,0,0
BRDA:161,15,1,0
BRDA:172,16,0,0
BRDA:172,16,1,0
BRDA:177,17,0,0
BRDA:177,17,1,0
BRDA:182,18,0,0
BRDA:182,18,1,0
BRDA:209,19,0,0
BRDA:209,19,1,0
BRDA:224,20,0,0
BRDA:229,21,0,0
BRDA:229,21,1,0
BRDA:239,22,0,0
BRF:42
BRH:0
end_of_record
TN:
SF:lib\middleware\role-validation.ts
FN:26,(anonymous_10)
FN:27,(anonymous_11)
FN:58,(anonymous_12)
FN:74,(anonymous_13)
FN:75,(anonymous_14)
FN:79,(anonymous_15)
FN:90,(anonymous_16)
FN:91,(anonymous_17)
FN:111,(anonymous_18)
FN:141,(anonymous_19)
FN:155,(anonymous_20)
FN:156,(anonymous_21)
FN:160,(anonymous_22)
FN:184,(anonymous_23)
FN:188,(anonymous_24)
FN:191,(anonymous_25)
FN:215,(anonymous_26)
FN:259,(anonymous_27)
FN:271,(anonymous_28)
FN:305,requirePermissions
FN:319,validatePermissions
FN:331,withPermissions
FN:346,extractAssetId
FN:349,(anonymous_34)
FN:356,extractUserId
FN:359,(anonymous_36)
FN:366,extractDepartmentId
FN:369,(anonymous_38)
FN:376,createRequestContext
FNF:29
FNH:6
FNDA:0,(anonymous_10)
FNDA:0,(anonymous_11)
FNDA:0,(anonymous_12)
FNDA:0,(anonymous_13)
FNDA:0,(anonymous_14)
FNDA:0,(anonymous_15)
FNDA:0,(anonymous_16)
FNDA:0,(anonymous_17)
FNDA:6,(anonymous_18)
FNDA:7,(anonymous_19)
FNDA:5,(anonymous_20)
FNDA:2,(anonymous_21)
FNDA:3,(anonymous_22)
FNDA:0,(anonymous_23)
FNDA:0,(anonymous_24)
FNDA:0,(anonymous_25)
FNDA:0,(anonymous_26)
FNDA:5,(anonymous_27)
FNDA:0,(anonymous_28)
FNDA:0,requirePermissions
FNDA:0,validatePermissions
FNDA:0,withPermissions
FNDA:0,extractAssetId
FNDA:0,(anonymous_34)
FNDA:0,extractUserId
FNDA:0,(anonymous_36)
FNDA:0,extractDepartmentId
FNDA:0,(anonymous_38)
FNDA:0,createRequestContext
DA:6,1
DA:7,1
DA:8,1
DA:20,6
DA:21,6
DA:27,0
DA:28,0
DA:30,0
DA:31,0
DA:35,0
DA:36,0
DA:37,0
DA:41,0
DA:42,0
DA:46,0
DA:47,0
DA:57,0
DA:58,0
DA:65,0
DA:73,0
DA:74,0
DA:75,0
DA:77,0
DA:78,0
DA:79,0
DA:81,0
DA:82,0
DA:86,0
DA:90,0
DA:91,0
DA:97,0
DA:98,0
DA:100,0
DA:102,0
DA:103,0
DA:121,6
DA:122,6
DA:123,6
DA:124,1
DA:127,5
DA:128,0
DA:131,5
DA:132,5
DA:141,7
DA:147,5
DA:154,5
DA:155,5
DA:156,2
DA:158,5
DA:159,2
DA:160,3
DA:162,2
DA:170,3
DA:176,0
DA:177,0
DA:188,0
DA:191,0
DA:192,0
DA:198,0
DA:199,0
DA:203,0
DA:204,0
DA:206,0
DA:216,0
DA:217,0
DA:223,0
DA:224,0
DA:225,0
DA:229,0
DA:235,0
DA:236,0
DA:241,0
DA:245,0
DA:254,0
DA:255,0
DA:260,5
DA:261,5
DA:262,5
DA:264,5
DA:265,0
DA:268,5
DA:276,0
DA:277,0
DA:281,0
DA:305,0
DA:309,0
DA:310,0
DA:319,0
DA:324,0
DA:325,0
DA:331,0
DA:335,0
DA:336,0
DA:346,0
DA:347,0
DA:348,0
DA:349,0
DA:350,0
DA:356,0
DA:357,0
DA:358,0
DA:359,0
DA:360,0
DA:366,0
DA:367,0
DA:368,0
DA:369,0
DA:370,0
DA:376,0
DA:377,0
DA:389,8
LF:111
LH:28
BRDA:26,0,0,0
BRDA:30,1,0,0
BRDA:30,1,1,0
BRDA:36,2,0,0
BRDA:36,2,1,0
BRDA:41,3,0,0
BRDA:41,3,1,0
BRDA:41,4,0,0
BRDA:41,4,1,0
BRDA:52,5,0,0
BRDA:52,5,1,0
BRDA:73,6,0,0
BRDA:73,6,1,0
BRDA:77,7,0,0
BRDA:77,7,1,0
BRDA:114,8,0,3
BRDA:123,9,0,1
BRDA:123,9,1,5
BRDA:127,10,0,0
BRDA:127,10,1,5
BRDA:137,11,0,5
BRDA:137,11,1,4
BRDA:154,12,0,4
BRDA:154,12,1,1
BRDA:158,13,0,2
BRDA:158,13,1,3
BRDA:186,14,0,0
BRDA:198,15,0,0
BRDA:198,15,1,0
BRDA:199,16,0,0
BRDA:199,16,1,0
BRDA:224,17,0,0
BRDA:224,17,1,0
BRDA:224,18,0,0
BRDA:224,18,1,0
BRDA:235,19,0,0
BRDA:235,19,1,0
BRDA:241,20,0,0
BRDA:241,20,1,0
BRDA:241,20,2,0
BRDA:251,21,0,0
BRDA:251,21,1,0
BRDA:264,22,0,0
BRDA:264,22,1,5
BRDA:268,23,0,5
BRDA:268,23,1,5
BRDA:268,23,2,5
BRDA:276,24,0,0
BRDA:276,24,1,0
BRDA:307,25,0,0
BRDA:322,26,0,0
BRDA:333,27,0,0
BRDA:350,28,0,0
BRDA:350,28,1,0
BRDA:350,29,0,0
BRDA:350,29,1,0
BRDA:360,30,0,0
BRDA:360,30,1,0
BRDA:360,31,0,0
BRDA:360,31,1,0
BRDA:370,32,0,0
BRDA:370,32,1,0
BRDA:370,33,0,0
BRDA:370,33,1,0
BRF:64
BRH:14
end_of_record
TN:
SF:lib\middleware\tenant-isolation.ts
FN:12,(anonymous_8)
FN:25,(anonymous_9)
FN:53,(anonymous_10)
FN:71,(anonymous_11)
FN:92,(anonymous_12)
FN:122,(anonymous_13)
FN:132,(anonymous_14)
FN:138,(anonymous_15)
FN:157,(anonymous_16)
FN:182,(anonymous_17)
FN:215,withTenantIsolation
FN:218,(anonymous_19)
FN:242,withTenantRole
FN:243,(anonymous_21)
FN:246,(anonymous_22)
FN:256,withResourceAccess
FN:261,(anonymous_24)
FN:264,(anonymous_25)
FN:283,createTenantErrorResponse
FN:301,createTenantResponse
FNF:20
FNH:0
FNDA:0,(anonymous_8)
FNDA:0,(anonymous_9)
FNDA:0,(anonymous_10)
FNDA:0,(anonymous_11)
FNDA:0,(anonymous_12)
FNDA:0,(anonymous_13)
FNDA:0,(anonymous_14)
FNDA:0,(anonymous_15)
FNDA:0,(anonymous_16)
FNDA:0,(anonymous_17)
FNDA:0,withTenantIsolation
FNDA:0,(anonymous_19)
FNDA:0,withTenantRole
FNDA:0,(anonymous_21)
FNDA:0,(anonymous_22)
FNDA:0,withResourceAccess
FNDA:0,(anonymous_24)
FNDA:0,(anonymous_25)
FNDA:0,createTenantErrorResponse
FNDA:0,createTenantResponse
DA:6,0
DA:7,0
DA:8,0
DA:11,0
DA:16,0
DA:17,0
DA:21,0
DA:26,0
DA:27,0
DA:29,0
DA:30,0
DA:31,0
DA:32,0
DA:34,0
DA:35,0
DA:38,0
DA:45,0
DA:46,0
DA:54,0
DA:56,0
DA:57,0
DA:61,0
DA:62,0
DA:65,0
DA:72,0
DA:74,0
DA:75,0
DA:78,0
DA:81,0
DA:86,0
DA:97,0
DA:99,0
DA:100,0
DA:103,0
DA:104,0
DA:110,0
DA:111,0
DA:114,0
DA:115,0
DA:126,0
DA:128,0
DA:129,0
DA:132,0
DA:142,0
DA:144,0
DA:145,0
DA:148,0
DA:158,0
DA:160,0
DA:161,0
DA:164,0
DA:167,0
DA:168,0
DA:171,0
DA:172,0
DA:187,0
DA:188,0
DA:189,0
DA:191,0
DA:207,0
DA:215,0
DA:218,0
DA:219,0
DA:220,0
DA:221,0
DA:223,0
DA:224,0
DA:230,0
DA:233,0
DA:234,0
DA:242,0
DA:243,0
DA:246,0
DA:247,0
DA:248,0
DA:256,0
DA:261,0
DA:264,0
DA:266,0
DA:267,0
DA:269,0
DA:271,0
DA:272,0
DA:275,0
DA:283,0
DA:288,0
DA:301,0
DA:306,0
DA:309,0
DA:310,0
DA:312,0
LF:91
LH:0
BRDA:14,0,0,0
BRDA:34,1,0,0
BRDA:34,1,1,0
BRDA:34,2,0,0
BRDA:34,2,1,0
BRDA:34,2,2,0
BRDA:42,3,0,0
BRDA:42,3,1,0
BRDA:56,4,0,0
BRDA:56,4,1,0
BRDA:61,5,0,0
BRDA:61,5,1,0
BRDA:61,6,0,0
BRDA:61,6,1,0
BRDA:72,7,0,0
BRDA:72,7,1,0
BRDA:74,8,0,0
BRDA:74,8,1,0
BRDA:95,9,0,0
BRDA:99,10,0,0
BRDA:99,10,1,0
BRDA:110,11,0,0
BRDA:110,11,1,0
BRDA:114,12,0,0
BRDA:114,12,1,0
BRDA:124,13,0,0
BRDA:128,14,0,0
BRDA:128,14,1,0
BRDA:140,15,0,0
BRDA:144,16,0,0
BRDA:144,16,1,0
BRDA:160,17,0,0
BRDA:160,17,1,0
BRDA:164,18,0,0
BRDA:164,18,1,0
BRDA:167,19,0,0
BRDA:167,19,1,0
BRDA:171,20,0,0
BRDA:171,20,1,0
BRDA:199,21,0,0
BRDA:199,21,1,0
BRDA:223,22,0,0
BRDA:223,22,1,0
BRDA:258,23,0,0
BRDA:259,24,0,0
BRDA:269,25,0,0
BRDA:269,25,1,0
BRDA:271,26,0,0
BRDA:271,26,1,0
BRDA:285,27,0,0
BRDA:304,28,0,0
BRF:51
BRH:0
end_of_record
TN:
SF:lib\rbac\types.ts
FNF:0
FNH:0
DA:54,0
LF:1
LH:0
BRF:0
BRH:0
end_of_record
TN:
SF:lib\rbac\utils.ts
FN:4,hasPermission
FN:9,hasAnyPermission
FN:10,(anonymous_9)
FN:13,hasAllPermissions
FN:14,(anonymous_11)
FN:17,getUserPermissions
FN:36,updateUserRole
FN:52,isAuthorized
FN:61,(anonymous_15)
FNF:9
FNH:0
FNDA:0,hasPermission
FNDA:0,hasAnyPermission
FNDA:0,(anonymous_9)
FNDA:0,hasAllPermissions
FNDA:0,(anonymous_11)
FNDA:0,getUserPermissions
FNDA:0,updateUserRole
FNDA:0,isAuthorized
FNDA:0,(anonymous_15)
DA:1,0
DA:2,0
DA:4,0
DA:5,0
DA:6,0
DA:9,0
DA:10,0
DA:13,0
DA:14,0
DA:17,0
DA:18,0
DA:19,0
DA:20,0
DA:26,0
DA:27,0
DA:29,0
DA:31,0
DA:32,0
DA:36,0
DA:37,0
DA:38,0
DA:39,0
DA:44,0
DA:45,0
DA:47,0
DA:48,0
DA:52,0
DA:56,0
DA:57,0
DA:58,0
DA:61,0
DA:63,0
DA:64,0
LF:33
LH:0
BRDA:5,0,0,0
BRDA:5,0,1,0
BRDA:26,1,0,0
BRDA:26,1,1,0
BRDA:27,2,0,0
BRDA:27,2,1,0
BRDA:29,3,0,0
BRDA:29,3,1,0
BRDA:44,4,0,0
BRDA:44,4,1,0
BRDA:58,5,0,0
BRDA:58,5,1,0
BRF:12
BRH:0
end_of_record
TN:
SF:lib\services\api-key-service.ts
FN:72,(anonymous_4)
FN:83,(anonymous_5)
FN:164,(anonymous_6)
FN:192,(anonymous_7)
FN:243,(anonymous_8)
FN:298,(anonymous_9)
FN:345,(anonymous_10)
FN:388,(anonymous_11)
FN:449,(anonymous_12)
FN:486,(anonymous_13)
FN:527,(anonymous_14)
FN:578,(anonymous_15)
FN:582,(anonymous_16)
FN:582,(anonymous_17)
FN:585,(anonymous_18)
FN:590,(anonymous_19)
FN:598,(anonymous_20)
FN:600,(anonymous_21)
FN:604,(anonymous_22)
FN:613,(anonymous_23)
FN:614,(anonymous_24)
FN:643,(anonymous_25)
FN:651,(anonymous_26)
FN:658,(anonymous_27)
FN:660,(anonymous_28)
FN:666,(anonymous_29)
FN:674,(anonymous_30)
FN:682,(anonymous_31)
FN:712,(anonymous_32)
FN:719,(anonymous_33)
FN:725,(anonymous_34)
FN:773,(anonymous_35)
FN:793,(anonymous_36)
FN:794,(anonymous_37)
FN:797,(anonymous_38)
FNF:35
FNH:0
FNDA:0,(anonymous_4)
FNDA:0,(anonymous_5)
FNDA:0,(anonymous_6)
FNDA:0,(anonymous_7)
FNDA:0,(anonymous_8)
FNDA:0,(anonymous_9)
FNDA:0,(anonymous_10)
FNDA:0,(anonymous_11)
FNDA:0,(anonymous_12)
FNDA:0,(anonymous_13)
FNDA:0,(anonymous_14)
FNDA:0,(anonymous_15)
FNDA:0,(anonymous_16)
FNDA:0,(anonymous_17)
FNDA:0,(anonymous_18)
FNDA:0,(anonymous_19)
FNDA:0,(anonymous_20)
FNDA:0,(anonymous_21)
FNDA:0,(anonymous_22)
FNDA:0,(anonymous_23)
FNDA:0,(anonymous_24)
FNDA:0,(anonymous_25)
FNDA:0,(anonymous_26)
FNDA:0,(anonymous_27)
FNDA:0,(anonymous_28)
FNDA:0,(anonymous_29)
FNDA:0,(anonymous_30)
FNDA:0,(anonymous_31)
FNDA:0,(anonymous_32)
FNDA:0,(anonymous_33)
FNDA:0,(anonymous_34)
FNDA:0,(anonymous_35)
FNDA:0,(anonymous_36)
FNDA:0,(anonymous_37)
FNDA:0,(anonymous_38)
DA:6,0
DA:14,0
DA:71,0
DA:73,0
DA:96,0
DA:97,0
DA:100,0
DA:101,0
DA:102,0
DA:106,0
DA:107,0
DA:108,0
DA:109,0
DA:113,0
DA:127,0
DA:133,0
DA:134,0
DA:135,0
DA:139,0
DA:147,0
DA:153,0
DA:154,0
DA:170,0
DA:171,0
DA:172,0
DA:174,0
DA:181,0
DA:182,0
DA:186,0
DA:187,0
DA:191,0
DA:192,0
DA:193,0
DA:196,0
DA:197,0
DA:202,0
DA:203,0
DA:204,0
DA:212,0
DA:213,0
DA:217,0
DA:218,0
DA:222,0
DA:227,0
DA:232,0
DA:233,0
DA:257,0
DA:258,0
DA:260,0
DA:262,0
DA:263,0
DA:264,0
DA:265,0
DA:266,0
DA:267,0
DA:268,0
DA:269,0
DA:271,0
DA:280,0
DA:281,0
DA:282,0
DA:285,0
DA:287,0
DA:288,0
DA:304,0
DA:305,0
DA:307,0
DA:320,0
DA:321,0
DA:322,0
DA:326,0
DA:332,0
DA:334,0
DA:335,0
DA:350,0
DA:351,0
DA:353,0
DA:360,0
DA:361,0
DA:364,0
DA:366,0
DA:367,0
DA:368,0
DA:371,0
DA:373,0
DA:374,0
DA:389,0
DA:390,0
DA:391,0
DA:392,0
DA:395,0
DA:404,0
DA:405,0
DA:407,0
DA:408,0
DA:409,0
DA:412,0
DA:414,0
DA:422,0
DA:425,0
DA:426,0
DA:428,0
DA:435,0
DA:437,0
DA:450,0
DA:451,0
DA:452,0
DA:455,0
DA:464,0
DA:466,0
DA:475,0
DA:499,0
DA:500,0
DA:502,0
DA:515,0
DA:518,0
DA:520,0
DA:543,0
DA:544,0
DA:545,0
DA:546,0
DA:549,0
DA:556,0
DA:557,0
DA:558,0
DA:561,0
DA:562,0
DA:576,0
DA:577,0
DA:578,0
DA:580,0
DA:582,0
DA:584,0
DA:585,0
DA:589,0
DA:591,0
DA:592,0
DA:597,0
DA:598,0
DA:600,0
DA:603,0
DA:605,0
DA:606,0
DA:607,0
DA:612,0
DA:613,0
DA:614,0
DA:616,0
DA:628,0
DA:629,0
DA:644,0
DA:645,0
DA:652,0
DA:659,0
DA:660,0
DA:668,0
DA:676,0
DA:686,0
DA:687,0
DA:689,0
DA:695,0
DA:696,0
DA:699,0
DA:701,0
DA:713,0
DA:714,0
DA:715,0
DA:716,0
DA:720,0
DA:730,0
DA:732,0
DA:733,0
DA:735,0
DA:737,0
DA:739,0
DA:741,0
DA:743,0
DA:745,0
DA:747,0
DA:751,0
DA:752,0
DA:753,0
DA:754,0
DA:756,0
DA:758,0
DA:760,0
DA:762,0
DA:764,0
DA:766,0
DA:768,0
DA:775,0
DA:778,0
DA:779,0
DA:780,0
DA:783,0
DA:784,0
DA:785,0
DA:787,0
DA:790,0
DA:794,0
DA:803,0
DA:804,0
DA:806,0
DA:815,0
DA:817,0
DA:823,0
LF:206
LH:0
BRDA:87,0,0,0
BRDA:88,1,0,0
BRDA:89,2,0,0
BRDA:106,3,0,0
BRDA:106,3,1,0
BRDA:121,4,0,0
BRDA:121,4,1,0
BRDA:122,5,0,0
BRDA:122,5,1,0
BRDA:123,6,0,0
BRDA:123,6,1,0
BRDA:133,7,0,0
BRDA:133,7,1,0
BRDA:156,8,0,0
BRDA:156,8,1,0
BRDA:181,9,0,0
BRDA:181,9,1,0
BRDA:181,10,0,0
BRDA:181,10,1,0
BRDA:186,11,0,0
BRDA:186,11,1,0
BRDA:186,12,0,0
BRDA:186,12,1,0
BRDA:191,13,0,0
BRDA:191,13,1,0
BRDA:191,14,0,0
BRDA:191,14,1,0
BRDA:196,15,0,0
BRDA:196,15,1,0
BRDA:203,16,0,0
BRDA:203,16,1,0
BRDA:212,17,0,0
BRDA:212,17,1,0
BRDA:212,18,0,0
BRDA:212,18,1,0
BRDA:217,19,0,0
BRDA:217,19,1,0
BRDA:217,20,0,0
BRDA:217,20,1,0
BRDA:235,21,0,0
BRDA:235,21,1,0
BRDA:262,22,0,0
BRDA:262,22,1,0
BRDA:263,23,0,0
BRDA:263,23,1,0
BRDA:264,24,0,0
BRDA:264,24,1,0
BRDA:265,25,0,0
BRDA:265,25,1,0
BRDA:266,26,0,0
BRDA:266,26,1,0
BRDA:267,27,0,0
BRDA:267,27,1,0
BRDA:269,28,0,0
BRDA:269,28,1,0
BRDA:280,29,0,0
BRDA:280,29,1,0
BRDA:290,30,0,0
BRDA:290,30,1,0
BRDA:302,31,0,0
BRDA:320,32,0,0
BRDA:320,32,1,0
BRDA:337,33,0,0
BRDA:337,33,1,0
BRDA:348,34,0,0
BRDA:360,35,0,0
BRDA:360,35,1,0
BRDA:366,36,0,0
BRDA:366,36,1,0
BRDA:376,37,0,0
BRDA:376,37,1,0
BRDA:407,38,0,0
BRDA:407,38,1,0
BRDA:407,39,0,0
BRDA:407,39,1,0
BRDA:464,40,0,0
BRDA:464,40,1,0
BRDA:491,41,0,0
BRDA:530,42,0,0
BRDA:556,43,0,0
BRDA:556,43,1,0
BRDA:561,44,0,0
BRDA:561,44,1,0
BRDA:561,45,0,0
BRDA:561,45,1,0
BRDA:578,46,0,0
BRDA:578,46,1,0
BRDA:584,47,0,0
BRDA:584,47,1,0
BRDA:591,48,0,0
BRDA:591,48,1,0
BRDA:606,49,0,0
BRDA:606,49,1,0
BRDA:631,50,0,0
BRDA:631,50,1,0
BRDA:645,51,0,0
BRDA:645,51,1,0
BRDA:659,52,0,0
BRDA:659,52,1,0
BRDA:676,53,0,0
BRDA:676,53,1,0
BRDA:695,54,0,0
BRDA:695,54,1,0
BRDA:703,55,0,0
BRDA:703,55,1,0
BRDA:730,56,0,0
BRDA:730,56,1,0
BRDA:735,57,0,0
BRDA:735,57,1,0
BRDA:735,57,2,0
BRDA:735,57,3,0
BRDA:735,57,4,0
BRDA:735,57,5,0
BRDA:756,58,0,0
BRDA:756,58,1,0
BRDA:756,58,2,0
BRDA:756,58,3,0
BRDA:756,58,4,0
BRDA:756,58,5,0
BRDA:775,59,0,0
BRDA:775,59,1,0
BRDA:778,60,0,0
BRDA:778,60,1,0
BRF:123
BRH:0
end_of_record
TN:
SF:lib\services\delegation-service.ts
FN:17,(anonymous_1)
FN:25,(anonymous_2)
FN:74,(anonymous_3)
FN:123,(anonymous_4)
FN:184,(anonymous_5)
FN:233,(anonymous_6)
FN:273,(anonymous_7)
FN:330,(anonymous_8)
FN:371,(anonymous_9)
FN:455,(anonymous_10)
FN:485,(anonymous_11)
FN:509,(anonymous_12)
FN:541,(anonymous_13)
FN:577,(anonymous_14)
FN:604,(anonymous_15)
FN:635,(anonymous_16)
FN:650,(anonymous_17)
FN:678,(anonymous_18)
FN:701,(anonymous_19)
FN:702,(anonymous_20)
FN:703,(anonymous_21)
FNF:21
FNH:6
FNDA:10,(anonymous_1)
FNDA:3,(anonymous_2)
FNDA:0,(anonymous_3)
FNDA:0,(anonymous_4)
FNDA:2,(anonymous_5)
FNDA:0,(anonymous_6)
FNDA:0,(anonymous_7)
FNDA:0,(anonymous_8)
FNDA:3,(anonymous_9)
FNDA:0,(anonymous_10)
FNDA:0,(anonymous_11)
FNDA:0,(anonymous_12)
FNDA:0,(anonymous_13)
FNDA:1,(anonymous_14)
FNDA:0,(anonymous_15)
FNDA:0,(anonymous_16)
FNDA:0,(anonymous_17)
FNDA:1,(anonymous_18)
FNDA:0,(anonymous_19)
FNDA:0,(anonymous_20)
FNDA:0,(anonymous_21)
DA:6,1
DA:16,10
DA:18,10
DA:30,3
DA:31,3
DA:34,3
DA:41,2
DA:42,1
DA:46,1
DA:47,0
DA:53,0
DA:54,0
DA:59,1
DA:60,0
DA:61,0
DA:62,0
DA:67,1
DA:68,1
DA:69,0
DA:74,0
DA:76,0
DA:77,0
DA:82,1
DA:83,1
DA:84,1
DA:86,1
DA:87,1
DA:90,0
DA:91,0
DA:94,0
DA:112,0
DA:113,0
DA:116,0
DA:118,3
DA:119,3
DA:129,0
DA:130,0
DA:133,0
DA:140,0
DA:141,0
DA:144,0
DA:145,0
DA:148,0
DA:149,0
DA:153,0
DA:154,0
DA:155,0
DA:157,0
DA:158,0
DA:162,0
DA:173,0
DA:174,0
DA:177,0
DA:179,0
DA:180,0
DA:190,2
DA:191,2
DA:193,2
DA:200,2
DA:201,0
DA:204,2
DA:205,1
DA:208,1
DA:209,0
DA:212,1
DA:222,0
DA:223,0
DA:226,0
DA:228,2
DA:229,2
DA:237,0
DA:238,0
DA:240,0
DA:266,0
DA:268,0
DA:269,0
DA:278,0
DA:279,0
DA:281,0
DA:305,0
DA:307,0
DA:308,0
DA:310,0
DA:311,0
DA:313,0
DA:314,0
DA:317,0
DA:319,0
DA:320,0
DA:323,0
DA:325,0
DA:326,0
DA:331,0
DA:332,0
DA:334,0
DA:356,0
DA:357,0
DA:360,0
DA:362,0
DA:363,0
DA:376,3
DA:377,3
DA:380,3
DA:381,3
DA:382,1
DA:386,2
DA:393,2
DA:394,1
DA:398,1
DA:399,0
DA:406,0
DA:407,0
DA:410,0
DA:411,0
DA:416,1
DA:417,1
DA:418,1
DA:420,1
DA:421,0
DA:424,1
DA:425,0
DA:428,1
DA:444,1
DA:445,0
DA:448,1
DA:450,2
DA:451,2
DA:460,0
DA:461,0
DA:463,0
DA:474,0
DA:475,0
DA:478,0
DA:480,0
DA:481,0
DA:486,0
DA:487,0
DA:489,0
DA:498,0
DA:499,0
DA:502,0
DA:504,0
DA:505,0
DA:510,0
DA:511,0
DA:513,0
DA:534,0
DA:536,0
DA:537,0
DA:542,0
DA:543,0
DA:545,0
DA:562,0
DA:563,0
DA:566,0
DA:568,0
DA:569,0
DA:578,1
DA:579,1
DA:581,1
DA:587,0
DA:588,0
DA:591,0
DA:593,0
DA:594,0
DA:597,0
DA:599,1
DA:600,1
DA:605,0
DA:606,0
DA:608,0
DA:614,0
DA:615,0
DA:618,0
DA:620,0
DA:621,0
DA:624,0
DA:626,0
DA:627,0
DA:640,0
DA:643,0
DA:645,0
DA:646,0
DA:655,0
DA:656,0
DA:658,0
DA:667,0
DA:669,0
DA:670,0
DA:689,1
DA:690,1
DA:691,1
DA:694,1
DA:700,0
DA:701,0
DA:702,0
DA:703,0
DA:706,0
DA:712,0
DA:715,0
DA:721,0
DA:730,1
DA:731,1
LF:203
LH:59
BRDA:41,0,0,1
BRDA:41,0,1,1
BRDA:46,1,0,0
BRDA:46,1,1,1
BRDA:46,2,0,1
BRDA:46,2,1,0
BRDA:53,3,0,0
BRDA:53,3,1,0
BRDA:59,4,0,0
BRDA:59,4,1,1
BRDA:61,5,0,0
BRDA:61,5,1,0
BRDA:68,6,0,0
BRDA:68,6,1,1
BRDA:68,7,0,1
BRDA:68,7,1,0
BRDA:74,8,0,0
BRDA:74,8,1,0
BRDA:76,9,0,0
BRDA:76,9,1,0
BRDA:86,10,0,1
BRDA:86,10,1,0
BRDA:90,11,0,0
BRDA:90,11,1,0
BRDA:102,12,0,0
BRDA:102,12,1,0
BRDA:103,13,0,0
BRDA:103,13,1,0
BRDA:104,14,0,0
BRDA:104,14,1,0
BRDA:112,15,0,0
BRDA:112,15,1,0
BRDA:140,16,0,0
BRDA:140,16,1,0
BRDA:144,17,0,0
BRDA:144,17,1,0
BRDA:148,18,0,0
BRDA:148,18,1,0
BRDA:148,19,0,0
BRDA:148,19,1,0
BRDA:153,20,0,0
BRDA:153,20,1,0
BRDA:157,21,0,0
BRDA:157,21,1,0
BRDA:173,22,0,0
BRDA:173,22,1,0
BRDA:200,23,0,0
BRDA:200,23,1,2
BRDA:204,24,0,1
BRDA:204,24,1,1
BRDA:208,25,0,0
BRDA:208,25,1,1
BRDA:216,26,0,0
BRDA:216,26,1,1
BRDA:222,27,0,0
BRDA:222,27,1,0
BRDA:276,28,0,0
BRDA:305,29,0,0
BRDA:305,29,1,0
BRDA:305,29,2,0
BRDA:319,30,0,0
BRDA:319,30,1,0
BRDA:323,31,0,0
BRDA:323,31,1,0
BRDA:356,32,0,0
BRDA:356,32,1,0
BRDA:360,33,0,0
BRDA:360,33,1,0
BRDA:381,34,0,1
BRDA:381,34,1,2
BRDA:393,35,0,1
BRDA:393,35,1,1
BRDA:393,36,0,2
BRDA:393,36,1,1
BRDA:398,37,0,0
BRDA:398,37,1,1
BRDA:406,38,0,0
BRDA:406,38,1,0
BRDA:410,39,0,0
BRDA:410,39,1,0
BRDA:420,40,0,0
BRDA:420,40,1,1
BRDA:424,41,0,0
BRDA:424,41,1,1
BRDA:436,42,0,1
BRDA:436,42,1,1
BRDA:437,43,0,1
BRDA:437,43,1,1
BRDA:439,44,0,1
BRDA:439,44,1,0
BRDA:444,45,0,0
BRDA:444,45,1,1
BRDA:474,46,0,0
BRDA:474,46,1,0
BRDA:498,47,0,0
BRDA:498,47,1,0
BRDA:562,48,0,0
BRDA:562,48,1,0
BRDA:566,49,0,0
BRDA:566,49,1,0
BRDA:587,50,0,0
BRDA:587,50,1,0
BRDA:593,51,0,0
BRDA:593,51,1,0
BRDA:597,52,0,0
BRDA:597,52,1,0
BRDA:614,53,0,0
BRDA:614,53,1,0
BRDA:620,54,0,0
BRDA:620,54,1,0
BRDA:624,55,0,0
BRDA:624,55,1,0
BRDA:680,56,0,0
BRDA:700,57,0,0
BRDA:700,57,1,0
BRDA:701,58,0,0
BRDA:701,58,1,0
BRDA:702,59,0,0
BRDA:702,59,1,0
BRDA:703,60,0,0
BRDA:703,60,1,0
BRDA:712,61,0,0
BRDA:712,61,1,0
BRF:123
BRH:28
end_of_record
TN:
SF:lib\services\department-service.ts
FN:20,(anonymous_1)
FN:28,(anonymous_2)
FN:103,(anonymous_3)
FN:194,(anonymous_4)
FN:259,(anonymous_5)
FN:313,(anonymous_6)
FN:321,(anonymous_7)
FN:349,(anonymous_8)
FN:362,(anonymous_9)
FN:387,(anonymous_10)
FN:404,(anonymous_11)
FN:415,(anonymous_12)
FN:438,(anonymous_13)
FN:534,(anonymous_14)
FN:560,(anonymous_15)
FN:595,(anonymous_16)
FN:607,(anonymous_17)
FN:637,(anonymous_18)
FN:654,(anonymous_19)
FN:692,(anonymous_20)
FN:722,(anonymous_21)
FN:751,(anonymous_22)
FN:756,(anonymous_23)
FN:764,(anonymous_24)
FN:793,(anonymous_25)
FN:818,(anonymous_26)
FNF:26
FNH:6
FNDA:10,(anonymous_1)
FNDA:3,(anonymous_2)
FNDA:2,(anonymous_3)
FNDA:2,(anonymous_4)
FNDA:0,(anonymous_5)
FNDA:0,(anonymous_6)
FNDA:0,(anonymous_7)
FNDA:1,(anonymous_8)
FNDA:0,(anonymous_9)
FNDA:0,(anonymous_10)
FNDA:0,(anonymous_11)
FNDA:0,(anonymous_12)
FNDA:2,(anonymous_13)
FNDA:0,(anonymous_14)
FNDA:0,(anonymous_15)
FNDA:0,(anonymous_16)
FNDA:0,(anonymous_17)
FNDA:0,(anonymous_18)
FNDA:0,(anonymous_19)
FNDA:0,(anonymous_20)
FNDA:0,(anonymous_21)
FNDA:0,(anonymous_22)
FNDA:0,(anonymous_23)
FNDA:0,(anonymous_24)
FNDA:0,(anonymous_25)
FNDA:0,(anonymous_26)
DA:6,1
DA:19,10
DA:21,10
DA:33,3
DA:34,3
DA:37,3
DA:44,3
DA:45,1
DA:49,2
DA:50,0
DA:57,0
DA:58,0
DA:63,2
DA:64,1
DA:71,1
DA:72,1
DA:76,0
DA:77,0
DA:82,1
DA:92,1
DA:93,0
DA:96,1
DA:98,2
DA:99,2
DA:108,2
DA:109,2
DA:112,2
DA:119,2
DA:120,0
DA:124,2
DA:125,1
DA:133,1
DA:134,1
DA:139,1
DA:140,0
DA:148,0
DA:149,0
DA:154,1
DA:155,0
DA:162,0
DA:163,0
DA:167,0
DA:168,0
DA:172,1
DA:183,1
DA:184,0
DA:187,1
DA:189,1
DA:190,1
DA:195,2
DA:196,2
DA:199,2
DA:206,2
DA:207,0
DA:211,2
DA:218,2
DA:219,1
DA:223,1
DA:230,1
DA:231,0
DA:235,1
DA:242,0
DA:248,0
DA:249,0
DA:252,0
DA:254,2
DA:255,2
DA:263,0
DA:264,0
DA:266,0
DA:282,0
DA:283,0
DA:287,0
DA:294,0
DA:310,0
DA:313,0
DA:316,0
DA:317,0
DA:322,0
DA:323,0
DA:325,0
DA:332,0
DA:333,0
DA:336,0
DA:338,0
DA:339,0
DA:342,0
DA:344,0
DA:345,0
DA:350,1
DA:351,1
DA:352,1
DA:355,1
DA:361,0
DA:363,0
DA:364,0
DA:370,0
DA:386,0
DA:388,0
DA:389,0
DA:391,0
DA:392,0
DA:394,0
DA:400,0
DA:401,0
DA:404,0
DA:405,0
DA:411,0
DA:415,0
DA:416,0
DA:417,0
DA:418,0
DA:419,0
DA:420,0
DA:423,0
DA:427,0
DA:429,1
DA:430,1
DA:446,2
DA:447,2
DA:450,2
DA:457,2
DA:458,1
DA:461,1
DA:462,0
DA:466,1
DA:473,1
DA:474,0
DA:478,1
DA:479,0
DA:486,1
DA:499,1
DA:500,0
DA:503,0
DA:517,0
DA:518,0
DA:521,0
DA:524,0
DA:527,1
DA:529,1
DA:530,1
DA:539,0
DA:540,0
DA:542,0
DA:549,0
DA:550,0
DA:553,0
DA:555,0
DA:556,0
DA:564,0
DA:565,0
DA:567,0
DA:590,0
DA:591,0
DA:594,0
DA:595,0
DA:602,0
DA:603,0
DA:608,0
DA:609,0
DA:611,0
DA:632,0
DA:633,0
DA:636,0
DA:637,0
DA:645,0
DA:646,0
DA:662,0
DA:663,0
DA:665,0
DA:678,0
DA:679,0
DA:680,0
DA:682,0
DA:685,0
DA:687,0
DA:688,0
DA:697,0
DA:698,0
DA:700,0
DA:707,0
DA:708,0
DA:711,0
DA:713,0
DA:714,0
DA:727,0
DA:728,0
DA:729,0
DA:730,0
DA:731,0
DA:735,0
DA:736,0
DA:739,0
DA:751,0
DA:755,0
DA:757,0
DA:758,0
DA:759,0
DA:764,0
DA:770,0
DA:776,0
DA:784,0
DA:785,0
DA:794,0
DA:795,0
DA:798,0
DA:803,0
DA:805,0
DA:806,0
DA:807,0
DA:811,0
DA:813,0
DA:814,0
DA:819,0
DA:820,0
DA:822,0
DA:831,0
DA:832,0
DA:835,0
DA:837,0
DA:838,0
LF:221
LH:65
BRDA:44,0,0,1
BRDA:44,0,1,2
BRDA:49,1,0,0
BRDA:49,1,1,2
BRDA:57,2,0,0
BRDA:57,2,1,0
BRDA:63,3,0,1
BRDA:63,3,1,1
BRDA:71,4,0,1
BRDA:71,4,1,0
BRDA:76,5,0,0
BRDA:76,5,1,0
BRDA:92,6,0,0
BRDA:92,6,1,1
BRDA:119,7,0,0
BRDA:119,7,1,2
BRDA:124,8,0,1
BRDA:124,8,1,1
BRDA:124,9,0,2
BRDA:124,9,1,1
BRDA:133,10,0,1
BRDA:133,10,1,0
BRDA:139,11,0,0
BRDA:139,11,1,1
BRDA:139,12,0,1
BRDA:139,12,1,0
BRDA:148,13,0,0
BRDA:148,13,1,0
BRDA:154,14,0,0
BRDA:154,14,1,1
BRDA:162,15,0,0
BRDA:162,15,1,0
BRDA:167,16,0,0
BRDA:167,16,1,0
BRDA:183,17,0,0
BRDA:183,17,1,1
BRDA:206,18,0,0
BRDA:206,18,1,2
BRDA:218,19,0,1
BRDA:218,19,1,1
BRDA:218,20,0,2
BRDA:218,20,1,2
BRDA:230,21,0,0
BRDA:230,21,1,1
BRDA:230,22,0,1
BRDA:230,22,1,1
BRDA:248,23,0,0
BRDA:248,23,1,0
BRDA:282,24,0,0
BRDA:282,24,1,0
BRDA:312,25,0,0
BRDA:312,25,1,0
BRDA:313,26,0,0
BRDA:313,26,1,0
BRDA:321,27,0,0
BRDA:332,28,0,0
BRDA:332,28,1,0
BRDA:338,29,0,0
BRDA:338,29,1,0
BRDA:342,30,0,0
BRDA:342,30,1,0
BRDA:361,31,0,0
BRDA:361,31,1,0
BRDA:363,32,0,0
BRDA:363,32,1,0
BRDA:386,33,0,0
BRDA:386,33,1,0
BRDA:388,34,0,0
BRDA:388,34,1,0
BRDA:391,35,0,0
BRDA:391,35,1,0
BRDA:409,36,0,0
BRDA:409,36,1,0
BRDA:417,37,0,0
BRDA:417,37,1,0
BRDA:419,38,0,0
BRDA:419,38,1,0
BRDA:442,39,0,2
BRDA:457,40,0,1
BRDA:457,40,1,1
BRDA:461,41,0,0
BRDA:461,41,1,1
BRDA:473,42,0,0
BRDA:473,42,1,1
BRDA:478,43,0,0
BRDA:478,43,1,1
BRDA:494,44,0,1
BRDA:494,44,1,1
BRDA:499,45,0,0
BRDA:499,45,1,1
BRDA:500,46,0,0
BRDA:500,46,1,0
BRDA:508,47,0,0
BRDA:508,47,1,0
BRDA:517,48,0,0
BRDA:517,48,1,0
BRDA:549,49,0,0
BRDA:549,49,1,0
BRDA:590,50,0,0
BRDA:590,50,1,0
BRDA:595,51,0,0
BRDA:595,51,1,0
BRDA:632,52,0,0
BRDA:632,52,1,0
BRDA:637,53,0,0
BRDA:637,53,1,0
BRDA:658,54,0,0
BRDA:673,55,0,0
BRDA:673,55,1,0
BRDA:678,56,0,0
BRDA:678,56,1,0
BRDA:679,57,0,0
BRDA:679,57,1,0
BRDA:707,58,0,0
BRDA:707,58,1,0
BRDA:725,59,0,0
BRDA:730,60,0,0
BRDA:730,60,1,0
BRDA:755,61,0,0
BRDA:755,61,1,0
BRDA:757,62,0,0
BRDA:757,62,1,0
BRDA:757,62,2,0
BRDA:758,63,0,0
BRDA:758,63,1,0
BRDA:803,64,0,0
BRDA:803,64,1,0
BRDA:806,65,0,0
BRDA:806,65,1,0
BRDA:806,66,0,0
BRDA:806,66,1,0
BRDA:818,67,0,0
BRDA:831,68,0,0
BRDA:831,68,1,0
BRDA:835,69,0,0
BRDA:835,69,1,0
BRF:136
BRH:34
end_of_record
TN:
SF:lib\services\enhanced-redis-service.ts
FN:12,(anonymous_4)
FN:14,(anonymous_5)
FN:24,(anonymous_6)
FN:31,(anonymous_7)
FN:63,(anonymous_8)
FN:72,(anonymous_9)
FN:78,(anonymous_10)
FN:86,(anonymous_11)
FN:118,(anonymous_12)
FN:138,(anonymous_13)
FN:147,(anonymous_14)
FN:173,(anonymous_15)
FN:191,(anonymous_16)
FN:212,(anonymous_17)
FN:220,(anonymous_18)
FN:249,(anonymous_19)
FNF:16
FNH:0
FNDA:0,(anonymous_4)
FNDA:0,(anonymous_5)
FNDA:0,(anonymous_6)
FNDA:0,(anonymous_7)
FNDA:0,(anonymous_8)
FNDA:0,(anonymous_9)
FNDA:0,(anonymous_10)
FNDA:0,(anonymous_11)
FNDA:0,(anonymous_12)
FNDA:0,(anonymous_13)
FNDA:0,(anonymous_14)
FNDA:0,(anonymous_15)
FNDA:0,(anonymous_16)
FNDA:0,(anonymous_17)
FNDA:0,(anonymous_18)
FNDA:0,(anonymous_19)
DA:6,0
DA:7,0
DA:9,0
DA:15,0
DA:16,0
DA:18,0
DA:25,0
DA:36,0
DA:37,0
DA:40,0
DA:42,0
DA:43,0
DA:44,0
DA:48,0
DA:51,0
DA:53,0
DA:55,0
DA:56,0
DA:68,0
DA:69,0
DA:73,0
DA:74,0
DA:75,0
DA:79,0
DA:80,0
DA:91,0
DA:92,0
DA:95,0
DA:96,0
DA:102,0
DA:104,0
DA:110,0
DA:111,0
DA:123,0
DA:124,0
DA:127,0
DA:128,0
DA:130,0
DA:131,0
DA:132,0
DA:133,0
DA:134,0
DA:138,0
DA:140,0
DA:144,0
DA:148,0
DA:152,0
DA:153,0
DA:154,0
DA:162,0
DA:163,0
DA:165,0
DA:166,0
DA:174,0
DA:175,0
DA:176,0
DA:179,0
DA:180,0
DA:181,0
DA:183,0
DA:184,0
DA:196,0
DA:197,0
DA:200,0
DA:201,0
DA:202,0
DA:203,0
DA:205,0
DA:207,0
DA:208,0
DA:213,0
DA:214,0
DA:225,0
DA:226,0
DA:229,0
DA:230,0
DA:231,0
DA:232,0
DA:234,0
DA:239,0
DA:250,0
DA:251,0
DA:254,0
DA:256,0
DA:257,0
DA:259,0
DA:260,0
DA:262,0
DA:263,0
DA:269,0
DA:270,0
LF:91
LH:0
BRDA:15,0,0,0
BRDA:15,0,1,0
BRDA:25,1,0,0
BRDA:25,1,1,0
BRDA:34,2,0,0
BRDA:36,3,0,0
BRDA:36,3,1,0
BRDA:43,4,0,0
BRDA:43,4,1,0
BRDA:44,5,0,0
BRDA:44,5,1,0
BRDA:66,6,0,0
BRDA:75,7,0,0
BRDA:75,7,1,0
BRDA:88,8,0,0
BRDA:89,9,0,0
BRDA:91,10,0,0
BRDA:91,10,1,0
BRDA:120,11,0,0
BRDA:121,12,0,0
BRDA:123,13,0,0
BRDA:123,13,1,0
BRDA:133,14,0,0
BRDA:133,14,1,0
BRDA:148,15,0,0
BRDA:148,15,1,0
BRDA:174,16,0,0
BRDA:174,16,1,0
BRDA:193,17,0,0
BRDA:196,18,0,0
BRDA:196,18,1,0
BRDA:202,19,0,0
BRDA:202,19,1,0
BRDA:202,20,0,0
BRDA:202,20,1,0
BRDA:214,21,0,0
BRDA:214,21,1,0
BRDA:214,22,0,0
BRDA:214,22,1,0
BRDA:225,23,0,0
BRDA:225,23,1,0
BRDA:241,24,0,0
BRDA:241,24,1,0
BRDA:249,25,0,0
BRDA:250,26,0,0
BRDA:250,26,1,0
BRDA:257,27,0,0
BRDA:257,27,1,0
BRF:48
BRH:0
end_of_record
TN:
SF:lib\services\mfa-service.ts
FN:41,(anonymous_7)
FN:52,(anonymous_8)
FN:71,(anonymous_9)
FN:118,(anonymous_10)
FN:175,(anonymous_11)
FN:236,(anonymous_12)
FN:343,(anonymous_13)
FN:364,(anonymous_14)
FN:365,(anonymous_15)
FN:387,(anonymous_16)
FN:426,(anonymous_17)
FN:497,(anonymous_18)
FN:519,(anonymous_19)
FN:528,(anonymous_20)
FN:585,(anonymous_21)
FN:597,(anonymous_22)
FN:622,(anonymous_23)
FN:647,(anonymous_24)
FN:655,(anonymous_25)
FN:667,(anonymous_26)
FN:694,(anonymous_27)
FN:719,(anonymous_28)
FN:728,(anonymous_29)
FN:732,(anonymous_30)
FN:746,(anonymous_31)
FN:761,(anonymous_32)
FN:763,(anonymous_33)
FN:771,(anonymous_34)
FN:777,(anonymous_35)
FN:790,(anonymous_36)
FN:813,(anonymous_37)
FN:820,(anonymous_38)
FN:839,(anonymous_39)
FN:868,(anonymous_40)
FN:875,(anonymous_41)
FN:886,(anonymous_42)
FNF:36
FNH:0
FNDA:0,(anonymous_7)
FNDA:0,(anonymous_8)
FNDA:0,(anonymous_9)
FNDA:0,(anonymous_10)
FNDA:0,(anonymous_11)
FNDA:0,(anonymous_12)
FNDA:0,(anonymous_13)
FNDA:0,(anonymous_14)
FNDA:0,(anonymous_15)
FNDA:0,(anonymous_16)
FNDA:0,(anonymous_17)
FNDA:0,(anonymous_18)
FNDA:0,(anonymous_19)
FNDA:0,(anonymous_20)
FNDA:0,(anonymous_21)
FNDA:0,(anonymous_22)
FNDA:0,(anonymous_23)
FNDA:0,(anonymous_24)
FNDA:0,(anonymous_25)
FNDA:0,(anonymous_26)
FNDA:0,(anonymous_27)
FNDA:0,(anonymous_28)
FNDA:0,(anonymous_29)
FNDA:0,(anonymous_30)
FNDA:0,(anonymous_31)
FNDA:0,(anonymous_32)
FNDA:0,(anonymous_33)
FNDA:0,(anonymous_34)
FNDA:0,(anonymous_35)
FNDA:0,(anonymous_36)
FNDA:0,(anonymous_37)
FNDA:0,(anonymous_38)
FNDA:0,(anonymous_39)
FNDA:0,(anonymous_40)
FNDA:0,(anonymous_41)
FNDA:0,(anonymous_42)
DA:6,0
DA:14,0
DA:15,0
DA:40,0
DA:42,0
DA:58,0
DA:59,0
DA:62,0
DA:63,0
DA:64,0
DA:67,0
DA:70,0
DA:71,0
DA:74,0
DA:85,0
DA:91,0
DA:92,0
DA:93,0
DA:97,0
DA:99,0
DA:107,0
DA:108,0
DA:124,0
DA:125,0
DA:128,0
DA:131,0
DA:141,0
DA:147,0
DA:148,0
DA:149,0
DA:153,0
DA:154,0
DA:157,0
DA:159,0
DA:164,0
DA:165,0
DA:181,0
DA:182,0
DA:185,0
DA:188,0
DA:198,0
DA:204,0
DA:205,0
DA:206,0
DA:210,0
DA:211,0
DA:214,0
DA:216,0
DA:221,0
DA:222,0
DA:243,0
DA:244,0
DA:247,0
DA:255,0
DA:256,0
DA:259,0
DA:260,0
DA:263,0
DA:265,0
DA:266,0
DA:269,0
DA:270,0
DA:272,0
DA:273,0
DA:274,0
DA:275,0
DA:280,0
DA:282,0
DA:284,0
DA:290,0
DA:294,0
DA:295,0
DA:304,0
DA:311,0
DA:312,0
DA:316,0
DA:323,0
DA:332,0
DA:333,0
DA:344,0
DA:345,0
DA:347,0
DA:355,0
DA:356,0
DA:357,0
DA:364,0
DA:365,0
DA:366,0
DA:368,0
DA:375,0
DA:376,0
DA:392,0
DA:393,0
DA:395,0
DA:402,0
DA:403,0
DA:404,0
DA:408,0
DA:413,0
DA:415,0
DA:416,0
DA:432,0
DA:433,0
DA:437,0
DA:438,0
DA:446,0
DA:447,0
DA:449,0
DA:452,0
DA:463,0
DA:464,0
DA:466,0
DA:470,0
DA:472,0
DA:473,0
DA:477,0
DA:484,0
DA:486,0
DA:497,0
DA:499,0
DA:504,0
DA:505,0
DA:523,0
DA:524,0
DA:527,0
DA:528,0
DA:531,0
DA:539,0
DA:541,0
DA:546,0
DA:547,0
DA:551,0
DA:561,0
DA:563,0
DA:564,0
DA:568,0
DA:573,0
DA:574,0
DA:586,0
DA:587,0
DA:589,0
DA:590,0
DA:592,0
DA:593,0
DA:598,0
DA:599,0
DA:602,0
DA:612,0
DA:614,0
DA:615,0
DA:617,0
DA:618,0
DA:626,0
DA:627,0
DA:629,0
DA:631,0
DA:632,0
DA:633,0
DA:635,0
DA:636,0
DA:640,0
DA:642,0
DA:643,0
DA:648,0
DA:649,0
DA:651,0
DA:652,0
DA:655,0
DA:656,0
DA:657,0
DA:658,0
DA:661,0
DA:663,0
DA:675,0
DA:676,0
DA:678,0
DA:680,0
DA:690,0
DA:700,0
DA:701,0
DA:703,0
DA:713,0
DA:715,0
DA:720,0
DA:721,0
DA:722,0
DA:723,0
DA:725,0
DA:729,0
DA:735,0
DA:736,0
DA:737,0
DA:739,0
DA:740,0
DA:741,0
DA:743,0
DA:748,0
DA:749,0
DA:751,0
DA:752,0
DA:754,0
DA:755,0
DA:756,0
DA:758,0
DA:762,0
DA:763,0
DA:764,0
DA:766,0
DA:767,0
DA:774,0
DA:780,0
DA:795,0
DA:796,0
DA:799,0
DA:808,0
DA:809,0
DA:812,0
DA:813,0
DA:815,0
DA:816,0
DA:820,0
DA:822,0
DA:829,0
DA:831,0
DA:832,0
DA:843,0
DA:844,0
DA:846,0
DA:852,0
DA:853,0
DA:856,0
DA:858,0
DA:869,0
DA:876,0
DA:877,0
DA:879,0
DA:880,0
DA:887,0
DA:888,0
DA:890,0
DA:891,0
DA:897,0
LF:242
LH:0
BRDA:91,0,0,0
BRDA:91,0,1,0
BRDA:110,1,0,0
BRDA:110,1,1,0
BRDA:147,2,0,0
BRDA:147,2,1,0
BRDA:167,3,0,0
BRDA:167,3,1,0
BRDA:204,4,0,0
BRDA:204,4,1,0
BRDA:224,5,0,0
BRDA:224,5,1,0
BRDA:241,6,0,0
BRDA:255,7,0,0
BRDA:255,7,1,0
BRDA:255,8,0,0
BRDA:255,8,1,0
BRDA:263,9,0,0
BRDA:263,9,1,0
BRDA:263,9,2,0
BRDA:263,9,3,0
BRDA:282,10,0,0
BRDA:282,10,1,0
BRDA:294,11,0,0
BRDA:294,11,1,0
BRDA:294,12,0,0
BRDA:294,12,1,0
BRDA:311,13,0,0
BRDA:311,13,1,0
BRDA:327,14,0,0
BRDA:327,14,1,0
BRDA:327,14,2,0
BRDA:335,15,0,0
BRDA:335,15,1,0
BRDA:355,16,0,0
BRDA:355,16,1,0
BRDA:366,17,0,0
BRDA:366,17,1,0
BRDA:402,18,0,0
BRDA:402,18,1,0
BRDA:418,19,0,0
BRDA:418,19,1,0
BRDA:437,20,0,0
BRDA:437,20,1,0
BRDA:446,21,0,0
BRDA:446,21,1,0
BRDA:446,22,0,0
BRDA:446,22,1,0
BRDA:463,23,0,0
BRDA:463,23,1,0
BRDA:463,24,0,0
BRDA:463,24,1,0
BRDA:472,25,0,0
BRDA:472,25,1,0
BRDA:484,26,0,0
BRDA:484,26,1,0
BRDA:497,27,0,0
BRDA:497,27,1,0
BRDA:507,28,0,0
BRDA:507,28,1,0
BRDA:539,29,0,0
BRDA:539,29,1,0
BRDA:546,30,0,0
BRDA:546,30,1,0
BRDA:563,31,0,0
BRDA:563,31,1,0
BRDA:576,32,0,0
BRDA:576,32,1,0
BRDA:587,33,0,0
BRDA:587,33,1,0
BRDA:612,34,0,0
BRDA:612,34,1,0
BRDA:612,35,0,0
BRDA:612,35,1,0
BRDA:627,36,0,0
BRDA:627,36,1,0
BRDA:635,37,0,0
BRDA:635,37,1,0
BRDA:649,38,0,0
BRDA:649,38,1,0
BRDA:673,39,0,0
BRDA:678,40,0,0
BRDA:678,40,1,0
BRDA:707,41,0,0
BRDA:707,41,1,0
BRDA:709,42,0,0
BRDA:709,42,1,0
BRDA:719,43,0,0
BRDA:736,44,0,0
BRDA:736,44,1,0
BRDA:749,45,0,0
BRDA:749,45,1,0
BRDA:808,46,0,0
BRDA:808,46,1,0
BRDA:808,47,0,0
BRDA:808,47,1,0
BRDA:815,48,0,0
BRDA:815,48,1,0
BRDA:852,49,0,0
BRDA:852,49,1,0
BRDA:860,50,0,0
BRDA:860,50,1,0
BRDA:877,51,0,0
BRDA:877,51,1,0
BRF:104
BRH:0
end_of_record
TN:
SF:lib\services\permission-service.ts
FN:21,(anonymous_1)
FN:29,(anonymous_2)
FN:59,(anonymous_3)
FN:197,(anonymous_4)
FN:212,(anonymous_5)
FN:288,(anonymous_6)
FN:328,(anonymous_7)
FN:361,(anonymous_8)
FN:401,(anonymous_9)
FN:465,(anonymous_10)
FN:522,(anonymous_11)
FN:571,(anonymous_12)
FN:575,(anonymous_13)
FN:579,(anonymous_14)
FN:583,(anonymous_15)
FN:591,(anonymous_16)
FN:630,(anonymous_17)
FN:633,(anonymous_18)
FN:639,(anonymous_19)
FN:648,(anonymous_20)
FN:650,(anonymous_21)
FN:658,(anonymous_22)
FN:660,(anonymous_23)
FN:668,(anonymous_24)
FN:669,(anonymous_25)
FN:689,(anonymous_26)
FN:695,(anonymous_27)
FN:699,(anonymous_28)
FN:714,(anonymous_29)
FN:723,(anonymous_30)
FNF:30
FNH:6
FNDA:6,(anonymous_1)
FNDA:2,(anonymous_2)
FNDA:2,(anonymous_3)
FNDA:0,(anonymous_4)
FNDA:0,(anonymous_5)
FNDA:3,(anonymous_6)
FNDA:2,(anonymous_7)
FNDA:0,(anonymous_8)
FNDA:0,(anonymous_9)
FNDA:0,(anonymous_10)
FNDA:2,(anonymous_11)
FNDA:0,(anonymous_12)
FNDA:0,(anonymous_13)
FNDA:0,(anonymous_14)
FNDA:0,(anonymous_15)
FNDA:0,(anonymous_16)
FNDA:0,(anonymous_17)
FNDA:0,(anonymous_18)
FNDA:0,(anonymous_19)
FNDA:0,(anonymous_20)
FNDA:0,(anonymous_21)
FNDA:0,(anonymous_22)
FNDA:0,(anonymous_23)
FNDA:0,(anonymous_24)
FNDA:0,(anonymous_25)
FNDA:0,(anonymous_26)
FNDA:0,(anonymous_27)
FNDA:0,(anonymous_28)
FNDA:0,(anonymous_29)
FNDA:0,(anonymous_30)
DA:6,2
DA:18,2
DA:20,6
DA:22,6
DA:34,2
DA:35,2
DA:38,2
DA:46,2
DA:47,0
DA:53,2
DA:55,2
DA:58,2
DA:59,2
DA:62,2
DA:63,1
DA:64,1
DA:72,1
DA:80,1
DA:87,1
DA:88,0
DA:94,0
DA:95,0
DA:96,0
DA:104,0
DA:112,0
DA:120,1
DA:121,0
DA:128,0
DA:129,0
DA:130,0
DA:138,0
DA:146,0
DA:154,1
DA:155,1
DA:163,1
DA:165,1
DA:171,0
DA:172,0
DA:173,0
DA:181,0
DA:190,0
DA:202,0
DA:205,0
DA:207,0
DA:208,0
DA:210,0
DA:211,0
DA:212,0
DA:215,0
DA:216,0
DA:220,0
DA:224,0
DA:228,0
DA:229,0
DA:235,0
DA:236,0
DA:237,0
DA:242,0
DA:247,0
DA:254,0
DA:255,0
DA:256,0
DA:260,0
DA:268,0
DA:277,0
DA:278,0
DA:285,0
DA:294,3
DA:295,2
DA:296,2
DA:297,1
DA:301,2
DA:302,2
DA:305,2
DA:310,2
DA:311,0
DA:314,2
DA:317,2
DA:318,1
DA:321,2
DA:323,0
DA:324,0
DA:335,2
DA:336,2
DA:337,2
DA:345,2
DA:346,0
DA:347,0
DA:350,2
DA:352,0
DA:353,0
DA:366,0
DA:368,0
DA:369,0
DA:372,0
DA:373,0
DA:376,0
DA:377,0
DA:378,0
DA:381,0
DA:383,0
DA:384,0
DA:390,0
DA:394,0
DA:396,0
DA:397,0
DA:407,0
DA:409,0
DA:410,0
DA:411,0
DA:412,0
DA:414,0
DA:415,0
DA:416,0
DA:417,0
DA:421,0
DA:422,0
DA:423,0
DA:429,0
DA:430,0
DA:431,0
DA:433,0
DA:434,0
DA:437,0
DA:438,0
DA:443,0
DA:449,0
DA:450,0
DA:451,0
DA:452,0
DA:453,0
DA:458,0
DA:460,0
DA:461,0
DA:474,0
DA:477,0
DA:478,0
DA:479,0
DA:485,0
DA:487,0
DA:491,0
DA:492,0
DA:493,0
DA:500,0
DA:502,0
DA:506,0
DA:510,0
DA:513,0
DA:514,0
DA:530,2
DA:531,2
DA:534,2
DA:540,2
DA:541,2
DA:544,0
DA:560,0
DA:563,0
DA:572,0
DA:576,0
DA:580,0
DA:584,0
DA:603,0
DA:604,0
DA:606,0
DA:619,0
DA:620,0
DA:623,0
DA:625,0
DA:626,0
DA:629,0
DA:630,0
DA:631,0
DA:633,0
DA:638,0
DA:640,0
DA:641,0
DA:642,0
DA:647,0
DA:648,0
DA:650,0
DA:657,0
DA:658,0
DA:661,0
DA:662,0
DA:667,0
DA:668,0
DA:669,0
DA:671,0
DA:680,0
DA:681,0
DA:691,0
DA:692,0
DA:696,0
DA:700,0
DA:701,0
DA:702,0
DA:708,0
DA:710,0
DA:715,0
DA:716,0
DA:717,0
DA:723,0
DA:725,0
DA:726,0
LF:204
LH:45
BRDA:46,0,0,0
BRDA:46,0,1,2
BRDA:49,1,0,0
BRDA:49,1,1,0
BRDA:62,2,0,1
BRDA:62,2,1,1
BRDA:87,3,0,0
BRDA:87,3,1,1
BRDA:87,4,0,1
BRDA:87,4,1,0
BRDA:94,5,0,0
BRDA:94,5,1,0
BRDA:120,6,0,0
BRDA:120,6,1,1
BRDA:120,7,0,1
BRDA:120,7,1,1
BRDA:128,8,0,0
BRDA:128,8,1,0
BRDA:215,9,0,0
BRDA:215,9,1,0
BRDA:228,10,0,0
BRDA:228,10,1,0
BRDA:228,11,0,0
BRDA:228,11,1,0
BRDA:235,12,0,0
BRDA:235,12,1,0
BRDA:242,13,0,0
BRDA:242,13,1,0
BRDA:243,14,0,0
BRDA:243,14,1,0
BRDA:243,14,2,0
BRDA:254,15,0,0
BRDA:254,15,1,0
BRDA:263,16,0,0
BRDA:263,16,1,0
BRDA:264,17,0,0
BRDA:264,17,1,0
BRDA:291,18,0,2
BRDA:294,19,0,2
BRDA:294,19,1,1
BRDA:296,20,0,1
BRDA:296,20,1,1
BRDA:310,21,0,0
BRDA:310,21,1,2
BRDA:314,22,0,2
BRDA:314,22,1,0
BRDA:317,23,0,1
BRDA:317,23,1,1
BRDA:341,24,0,2
BRDA:341,24,1,2
BRDA:342,25,0,2
BRDA:342,25,1,2
BRDA:345,26,0,0
BRDA:345,26,1,2
BRDA:350,27,0,2
BRDA:350,27,1,1
BRDA:368,28,0,0
BRDA:368,28,1,0
BRDA:372,29,0,0
BRDA:372,29,1,0
BRDA:376,30,0,0
BRDA:376,30,1,0
BRDA:381,31,0,0
BRDA:381,31,1,0
BRDA:381,32,0,0
BRDA:381,32,1,0
BRDA:409,33,0,0
BRDA:409,33,1,0
BRDA:414,34,0,0
BRDA:414,34,1,0
BRDA:416,35,0,0
BRDA:416,35,1,0
BRDA:416,36,0,0
BRDA:416,36,1,0
BRDA:421,37,0,0
BRDA:421,37,1,0
BRDA:422,38,0,0
BRDA:422,38,1,0
BRDA:429,39,0,0
BRDA:429,39,1,0
BRDA:429,40,0,0
BRDA:429,40,1,0
BRDA:430,41,0,0
BRDA:430,41,1,0
BRDA:431,42,0,0
BRDA:431,42,1,0
BRDA:433,43,0,0
BRDA:433,43,1,0
BRDA:433,44,0,0
BRDA:433,44,1,0
BRDA:437,45,0,0
BRDA:437,45,1,0
BRDA:443,46,0,0
BRDA:443,46,1,0
BRDA:443,47,0,0
BRDA:443,47,1,0
BRDA:449,48,0,0
BRDA:449,48,1,0
BRDA:452,49,0,0
BRDA:452,49,1,0
BRDA:474,50,0,0
BRDA:474,50,1,0
BRDA:474,50,2,0
BRDA:474,50,3,0
BRDA:477,51,0,0
BRDA:477,51,1,0
BRDA:477,52,0,0
BRDA:477,52,1,0
BRDA:485,53,0,0
BRDA:485,53,1,0
BRDA:491,54,0,0
BRDA:491,54,1,0
BRDA:491,55,0,0
BRDA:491,55,1,0
BRDA:491,55,2,0
BRDA:506,56,0,0
BRDA:506,56,1,0
BRDA:506,57,0,0
BRDA:506,57,1,0
BRDA:540,58,0,2
BRDA:540,58,1,0
BRDA:556,59,0,0
BRDA:556,59,1,0
BRDA:594,60,0,0
BRDA:619,61,0,0
BRDA:619,61,1,0
BRDA:625,62,0,0
BRDA:625,62,1,0
BRDA:629,63,0,0
BRDA:629,63,1,0
BRDA:630,64,0,0
BRDA:630,64,1,0
BRDA:633,65,0,0
BRDA:633,65,1,0
BRDA:633,66,0,0
BRDA:633,66,1,0
BRDA:638,67,0,0
BRDA:638,67,1,0
BRDA:640,68,0,0
BRDA:640,68,1,0
BRDA:641,69,0,0
BRDA:641,69,1,0
BRDA:657,70,0,0
BRDA:657,70,1,0
BRDA:658,71,0,0
BRDA:658,71,1,0
BRDA:661,72,0,0
BRDA:661,72,1,0
BRDA:723,73,0,0
BRDA:723,73,1,0
BRF:150
BRH:25
end_of_record
TN:
SF:lib\services\role-service.ts
FN:26,(anonymous_1)
FN:34,(anonymous_2)
FN:97,(anonymous_3)
FN:158,(anonymous_4)
FN:227,(anonymous_5)
FN:263,(anonymous_6)
FN:280,(anonymous_7)
FN:308,(anonymous_8)
FN:322,(anonymous_9)
FN:349,(anonymous_10)
FN:356,(anonymous_11)
FN:382,(anonymous_12)
FN:393,(anonymous_13)
FN:416,(anonymous_14)
FN:497,(anonymous_15)
FN:525,(anonymous_16)
FN:562,(anonymous_17)
FN:575,(anonymous_18)
FN:606,(anonymous_19)
FN:623,(anonymous_20)
FN:656,(anonymous_21)
FN:682,(anonymous_22)
FN:707,(anonymous_23)
FN:731,(anonymous_24)
FN:734,(anonymous_25)
FN:738,(anonymous_26)
FN:745,(anonymous_27)
FN:753,(anonymous_28)
FN:755,(anonymous_29)
FN:756,(anonymous_30)
FN:786,(anonymous_31)
FN:803,(anonymous_32)
FNF:32
FNH:9
FNDA:13,(anonymous_1)
FNDA:2,(anonymous_2)
FNDA:2,(anonymous_3)
FNDA:3,(anonymous_4)
FNDA:0,(anonymous_5)
FNDA:0,(anonymous_6)
FNDA:2,(anonymous_7)
FNDA:0,(anonymous_8)
FNDA:0,(anonymous_9)
FNDA:0,(anonymous_10)
FNDA:0,(anonymous_11)
FNDA:0,(anonymous_12)
FNDA:0,(anonymous_13)
FNDA:2,(anonymous_14)
FNDA:1,(anonymous_15)
FNDA:1,(anonymous_16)
FNDA:1,(anonymous_17)
FNDA:0,(anonymous_18)
FNDA:0,(anonymous_19)
FNDA:0,(anonymous_20)
FNDA:0,(anonymous_21)
FNDA:0,(anonymous_22)
FNDA:0,(anonymous_23)
FNDA:0,(anonymous_24)
FNDA:0,(anonymous_25)
FNDA:0,(anonymous_26)
FNDA:0,(anonymous_27)
FNDA:0,(anonymous_28)
FNDA:0,(anonymous_29)
FNDA:0,(anonymous_30)
FNDA:0,(anonymous_31)
FNDA:0,(anonymous_32)
DA:6,1
DA:25,13
DA:27,13
DA:35,2
DA:37,2
DA:38,2
DA:45,2
DA:46,1
DA:50,1
DA:51,0
DA:58,0
DA:59,0
DA:63,0
DA:64,0
DA:69,1
DA:79,1
DA:80,0
DA:84,1
DA:86,1
DA:87,0
DA:90,1
DA:92,1
DA:93,1
DA:98,2
DA:99,2
DA:102,2
DA:109,2
DA:110,0
DA:113,2
DA:114,1
DA:118,1
DA:119,0
DA:126,0
DA:127,0
DA:131,0
DA:132,0
DA:136,1
DA:147,1
DA:148,0
DA:151,1
DA:153,1
DA:154,1
DA:159,3
DA:160,3
DA:163,3
DA:170,3
DA:171,0
DA:174,3
DA:175,1
DA:179,2
DA:186,2
DA:187,1
DA:191,1
DA:198,1
DA:199,0
DA:203,1
DA:210,0
DA:216,0
DA:217,0
DA:220,0
DA:222,3
DA:223,3
DA:228,0
DA:229,0
DA:231,0
DA:257,0
DA:258,0
DA:263,0
DA:270,0
DA:275,0
DA:276,0
DA:281,2
DA:282,2
DA:284,2
DA:291,1
DA:292,0
DA:295,1
DA:297,1
DA:298,0
DA:301,1
DA:303,1
DA:304,1
DA:309,0
DA:310,0
DA:311,0
DA:314,0
DA:321,0
DA:323,0
DA:324,0
DA:330,0
DA:348,0
DA:350,0
DA:351,0
DA:354,0
DA:355,0
DA:356,0
DA:364,0
DA:365,0
DA:372,0
DA:378,0
DA:379,0
DA:382,0
DA:383,0
DA:389,0
DA:393,0
DA:394,0
DA:395,0
DA:396,0
DA:397,0
DA:398,0
DA:401,0
DA:405,0
DA:407,0
DA:408,0
DA:421,2
DA:422,2
DA:425,2
DA:432,2
DA:433,1
DA:436,1
DA:437,0
DA:441,1
DA:442,0
DA:449,0
DA:450,0
DA:455,1
DA:462,1
DA:463,0
DA:467,1
DA:475,1
DA:476,0
DA:480,1
DA:486,1
DA:487,0
DA:490,1
DA:492,1
DA:493,1
DA:502,1
DA:503,1
DA:506,1
DA:514,1
DA:515,0
DA:518,1
DA:520,0
DA:521,0
DA:529,1
DA:530,1
DA:532,1
DA:557,1
DA:558,0
DA:561,1
DA:562,1
DA:570,0
DA:571,0
DA:576,0
DA:577,0
DA:579,0
DA:601,0
DA:602,0
DA:605,0
DA:606,0
DA:614,0
DA:615,0
DA:630,0
DA:631,0
DA:633,0
DA:645,0
DA:646,0
DA:649,0
DA:651,0
DA:652,0
DA:661,0
DA:662,0
DA:664,0
DA:671,0
DA:672,0
DA:675,0
DA:677,0
DA:678,0
DA:683,0
DA:684,0
DA:686,0
DA:692,0
DA:693,0
DA:696,0
DA:698,0
DA:699,0
DA:708,0
DA:709,0
DA:710,0
DA:711,0
DA:712,0
DA:716,0
DA:723,0
DA:726,0
DA:731,0
DA:733,0
DA:734,0
DA:735,0
DA:737,0
DA:738,0
DA:744,0
DA:746,0
DA:747,0
DA:752,0
DA:753,0
DA:756,0
DA:757,0
DA:763,0
DA:777,0
DA:778,0
DA:787,0
DA:788,0
DA:790,0
DA:792,0
DA:793,0
DA:796,0
DA:798,0
DA:799,0
DA:804,0
DA:805,0
DA:808,0
DA:813,0
DA:815,0
DA:816,0
DA:817,0
DA:821,0
DA:823,0
DA:824,0
LF:229
LH:78
BRDA:45,0,0,1
BRDA:45,0,1,1
BRDA:50,1,0,0
BRDA:50,1,1,1
BRDA:58,2,0,0
BRDA:58,2,1,0
BRDA:63,3,0,0
BRDA:63,3,1,0
BRDA:73,4,0,1
BRDA:73,4,1,0
BRDA:74,5,0,1
BRDA:74,5,1,1
BRDA:75,6,0,1
BRDA:75,6,1,0
BRDA:79,7,0,0
BRDA:79,7,1,1
BRDA:86,8,0,0
BRDA:86,8,1,1
BRDA:109,9,0,0
BRDA:109,9,1,2
BRDA:113,10,0,1
BRDA:113,10,1,1
BRDA:118,11,0,0
BRDA:118,11,1,1
BRDA:126,12,0,0
BRDA:126,12,1,0
BRDA:131,13,0,0
BRDA:131,13,1,0
BRDA:147,14,0,0
BRDA:147,14,1,1
BRDA:170,15,0,0
BRDA:170,15,1,3
BRDA:174,16,0,1
BRDA:174,16,1,2
BRDA:186,17,0,1
BRDA:186,17,1,1
BRDA:186,18,0,2
BRDA:186,18,1,2
BRDA:198,19,0,0
BRDA:198,19,1,1
BRDA:198,20,0,1
BRDA:198,20,1,1
BRDA:216,21,0,0
BRDA:216,21,1,0
BRDA:257,22,0,0
BRDA:257,22,1,0
BRDA:263,23,0,0
BRDA:263,23,1,0
BRDA:280,24,0,1
BRDA:291,25,0,0
BRDA:291,25,1,1
BRDA:297,26,0,0
BRDA:297,26,1,1
BRDA:301,27,0,1
BRDA:301,27,1,1
BRDA:321,28,0,0
BRDA:321,28,1,0
BRDA:323,29,0,0
BRDA:323,29,1,0
BRDA:348,30,0,0
BRDA:348,30,1,0
BRDA:350,31,0,0
BRDA:350,31,1,0
BRDA:354,32,0,0
BRDA:354,32,1,0
BRDA:358,33,0,0
BRDA:358,33,1,0
BRDA:359,34,0,0
BRDA:359,34,1,0
BRDA:360,35,0,0
BRDA:360,35,1,0
BRDA:367,36,0,0
BRDA:367,36,1,0
BRDA:368,37,0,0
BRDA:368,37,1,0
BRDA:369,38,0,0
BRDA:369,38,1,0
BRDA:386,39,0,0
BRDA:386,39,1,0
BRDA:387,40,0,0
BRDA:387,40,1,0
BRDA:395,41,0,0
BRDA:395,41,1,0
BRDA:397,42,0,0
BRDA:397,42,1,0
BRDA:432,43,0,1
BRDA:432,43,1,1
BRDA:436,44,0,0
BRDA:436,44,1,1
BRDA:441,45,0,0
BRDA:441,45,1,1
BRDA:449,46,0,0
BRDA:449,46,1,0
BRDA:449,47,0,0
BRDA:449,47,1,0
BRDA:462,48,0,0
BRDA:462,48,1,1
BRDA:471,49,0,1
BRDA:471,49,1,1
BRDA:475,50,0,0
BRDA:475,50,1,1
BRDA:486,51,0,0
BRDA:486,51,1,1
BRDA:510,52,0,1
BRDA:510,52,1,0
BRDA:514,53,0,0
BRDA:514,53,1,1
BRDA:557,54,0,0
BRDA:557,54,1,1
BRDA:562,55,0,1
BRDA:562,55,1,0
BRDA:601,56,0,0
BRDA:601,56,1,0
BRDA:606,57,0,0
BRDA:606,57,1,0
BRDA:639,58,0,0
BRDA:639,58,1,0
BRDA:640,59,0,0
BRDA:640,59,1,0
BRDA:645,60,0,0
BRDA:645,60,1,0
BRDA:671,61,0,0
BRDA:671,61,1,0
BRDA:692,62,0,0
BRDA:692,62,1,0
BRDA:696,63,0,0
BRDA:696,63,1,0
BRDA:707,64,0,0
BRDA:711,65,0,0
BRDA:711,65,1,0
BRDA:723,66,0,0
BRDA:723,66,1,0
BRDA:731,67,0,0
BRDA:731,67,1,0
BRDA:733,68,0,0
BRDA:733,68,1,0
BRDA:734,69,0,0
BRDA:734,69,1,0
BRDA:737,70,0,0
BRDA:737,70,1,0
BRDA:738,71,0,0
BRDA:738,71,1,0
BRDA:738,72,0,0
BRDA:738,72,1,0
BRDA:744,73,0,0
BRDA:744,73,1,0
BRDA:746,74,0,0
BRDA:746,74,1,0
BRDA:758,75,0,0
BRDA:758,75,1,0
BRDA:792,76,0,0
BRDA:792,76,1,0
BRDA:796,77,0,0
BRDA:796,77,1,0
BRDA:813,78,0,0
BRDA:813,78,1,0
BRDA:816,79,0,0
BRDA:816,79,1,0
BRDA:816,80,0,0
BRDA:816,80,1,0
BRF:160
BRH:42
end_of_record
TN:
SF:lib\services\security-event-service.ts
FN:6,(anonymous_3)
FN:36,(anonymous_4)
FN:65,(anonymous_5)
FN:92,(anonymous_6)
FN:121,(anonymous_7)
FN:148,(anonymous_8)
FN:176,(anonymous_9)
FN:193,(anonymous_10)
FN:261,(anonymous_11)
FN:279,(anonymous_12)
FN:321,(anonymous_13)
FN:337,(anonymous_14)
FN:360,(anonymous_15)
FN:388,(anonymous_16)
FN:417,(anonymous_17)
FNF:15
FNH:0
FNDA:0,(anonymous_3)
FNDA:0,(anonymous_4)
FNDA:0,(anonymous_5)
FNDA:0,(anonymous_6)
FNDA:0,(anonymous_7)
FNDA:0,(anonymous_8)
FNDA:0,(anonymous_9)
FNDA:0,(anonymous_10)
FNDA:0,(anonymous_11)
FNDA:0,(anonymous_12)
FNDA:0,(anonymous_13)
FNDA:0,(anonymous_14)
FNDA:0,(anonymous_15)
FNDA:0,(anonymous_16)
FNDA:0,(anonymous_17)
DA:1,0
DA:4,0
DA:17,0
DA:47,0
DA:75,0
DA:103,0
DA:131,0
DA:159,0
DA:177,0
DA:178,0
DA:179,0
DA:181,0
DA:182,0
DA:183,0
DA:186,0
DA:188,0
DA:189,0
DA:204,0
DA:205,0
DA:206,0
DA:211,0
DA:212,0
DA:215,0
DA:216,0
DA:219,0
DA:220,0
DA:223,0
DA:224,0
DA:227,0
DA:228,0
DA:231,0
DA:232,0
DA:235,0
DA:236,0
DA:239,0
DA:240,0
DA:243,0
DA:244,0
DA:247,0
DA:249,0
DA:250,0
DA:251,0
DA:254,0
DA:256,0
DA:257,0
DA:262,0
DA:290,0
DA:291,0
DA:294,0
DA:296,0
DA:297,0
DA:300,0
DA:301,0
DA:304,0
DA:306,0
DA:307,0
DA:308,0
DA:317,0
DA:318,0
DA:319,0
DA:321,0
DA:323,0
DA:326,0
DA:329,0
DA:330,0
DA:336,0
DA:337,0
DA:340,0
DA:348,0
DA:349,0
DA:365,0
DA:366,0
DA:367,0
DA:375,0
DA:376,0
DA:377,0
DA:380,0
DA:382,0
DA:383,0
DA:393,0
DA:394,0
DA:395,0
DA:405,0
DA:406,0
DA:407,0
DA:410,0
DA:412,0
DA:413,0
DA:422,0
DA:423,0
DA:424,0
DA:434,0
DA:435,0
DA:436,0
DA:439,0
DA:441,0
DA:442,0
DA:447,0
LF:98
LH:0
BRDA:51,0,0,0
BRDA:51,0,1,0
BRDA:54,1,0,0
BRDA:54,1,1,0
BRDA:83,2,0,0
BRDA:83,2,1,0
BRDA:109,3,0,0
BRDA:109,3,1,0
BRDA:111,4,0,0
BRDA:111,4,1,0
BRDA:112,5,0,0
BRDA:112,5,1,0
BRDA:165,6,0,0
BRDA:165,6,1,0
BRDA:167,7,0,0
BRDA:167,7,1,0
BRDA:168,8,0,0
BRDA:168,8,1,0
BRDA:181,9,0,0
BRDA:181,9,1,0
BRDA:211,10,0,0
BRDA:211,10,1,0
BRDA:211,11,0,0
BRDA:211,11,1,0
BRDA:215,12,0,0
BRDA:215,12,1,0
BRDA:219,13,0,0
BRDA:219,13,1,0
BRDA:223,14,0,0
BRDA:223,14,1,0
BRDA:227,15,0,0
BRDA:227,15,1,0
BRDA:231,16,0,0
BRDA:231,16,1,0
BRDA:235,17,0,0
BRDA:235,17,1,0
BRDA:239,18,0,0
BRDA:239,18,1,0
BRDA:243,19,0,0
BRDA:243,19,1,0
BRDA:244,20,0,0
BRDA:244,20,1,0
BRDA:249,21,0,0
BRDA:249,21,1,0
BRDA:254,22,0,0
BRDA:254,22,1,0
BRDA:254,23,0,0
BRDA:254,23,1,0
BRDA:296,24,0,0
BRDA:296,24,1,0
BRDA:300,25,0,0
BRDA:300,25,1,0
BRDA:306,26,0,0
BRDA:306,26,1,0
BRDA:323,27,0,0
BRDA:323,27,1,0
BRDA:326,28,0,0
BRDA:326,28,1,0
BRDA:329,29,0,0
BRDA:329,29,1,0
BRDA:336,30,0,0
BRDA:336,30,1,0
BRDA:341,31,0,0
BRDA:341,31,1,0
BRDA:363,32,0,0
BRDA:375,33,0,0
BRDA:375,33,1,0
BRDA:380,34,0,0
BRDA:380,34,1,0
BRDA:405,35,0,0
BRDA:405,35,1,0
BRDA:434,36,0,0
BRDA:434,36,1,0
BRF:73
BRH:0
end_of_record
TN:
SF:lib\services\session-service.ts
FN:52,(anonymous_6)
FN:63,(anonymous_7)
FN:156,(anonymous_8)
FN:209,(anonymous_9)
FN:282,(anonymous_10)
FN:341,(anonymous_11)
FN:396,(anonymous_12)
FN:422,(anonymous_13)
FN:457,(anonymous_14)
FN:488,(anonymous_15)
FN:539,(anonymous_16)
FN:576,(anonymous_17)
FN:619,(anonymous_18)
FN:652,(anonymous_19)
FN:710,(anonymous_20)
FN:739,(anonymous_21)
FN:773,(anonymous_22)
FN:790,(anonymous_23)
FN:834,(anonymous_24)
FN:838,(anonymous_25)
FN:842,(anonymous_26)
FN:856,(anonymous_27)
FN:875,(anonymous_28)
FN:906,(anonymous_29)
FN:944,(anonymous_30)
FN:978,(anonymous_31)
FN:1002,(anonymous_32)
FNF:27
FNH:0
FNDA:0,(anonymous_6)
FNDA:0,(anonymous_7)
FNDA:0,(anonymous_8)
FNDA:0,(anonymous_9)
FNDA:0,(anonymous_10)
FNDA:0,(anonymous_11)
FNDA:0,(anonymous_12)
FNDA:0,(anonymous_13)
FNDA:0,(anonymous_14)
FNDA:0,(anonymous_15)
FNDA:0,(anonymous_16)
FNDA:0,(anonymous_17)
FNDA:0,(anonymous_18)
FNDA:0,(anonymous_19)
FNDA:0,(anonymous_20)
FNDA:0,(anonymous_21)
FNDA:0,(anonymous_22)
FNDA:0,(anonymous_23)
FNDA:0,(anonymous_24)
FNDA:0,(anonymous_25)
FNDA:0,(anonymous_26)
FNDA:0,(anonymous_27)
FNDA:0,(anonymous_28)
FNDA:0,(anonymous_29)
FNDA:0,(anonymous_30)
FNDA:0,(anonymous_31)
FNDA:0,(anonymous_32)
DA:6,0
DA:13,0
DA:14,0
DA:51,0
DA:53,0
DA:71,0
DA:72,0
DA:75,0
DA:76,0
DA:77,0
DA:81,0
DA:82,0
DA:83,0
DA:84,0
DA:87,0
DA:90,0
DA:109,0
DA:115,0
DA:116,0
DA:117,0
DA:121,0
DA:131,0
DA:138,0
DA:145,0
DA:146,0
DA:157,0
DA:158,0
DA:159,0
DA:161,0
DA:168,0
DA:169,0
DA:172,0
DA:173,0
DA:174,0
DA:177,0
DA:178,0
DA:179,0
DA:183,0
DA:184,0
DA:187,0
DA:192,0
DA:198,0
DA:199,0
DA:213,0
DA:214,0
DA:215,0
DA:217,0
DA:224,0
DA:225,0
DA:229,0
DA:230,0
DA:231,0
DA:232,0
DA:235,0
DA:237,0
DA:249,0
DA:250,0
DA:251,0
DA:255,0
DA:264,0
DA:271,0
DA:272,0
DA:291,0
DA:292,0
DA:294,0
DA:305,0
DA:306,0
DA:307,0
DA:311,0
DA:321,0
DA:322,0
DA:328,0
DA:330,0
DA:331,0
DA:347,0
DA:348,0
DA:350,0
DA:361,0
DA:362,0
DA:365,0
DA:367,0
DA:368,0
DA:369,0
DA:373,0
DA:379,0
DA:384,0
DA:385,0
DA:403,0
DA:404,0
DA:406,0
DA:414,0
DA:415,0
DA:416,0
DA:420,0
DA:421,0
DA:422,0
DA:423,0
DA:426,0
DA:427,0
DA:428,0
DA:432,0
DA:433,0
DA:437,0
DA:444,0
DA:446,0
DA:447,0
DA:460,0
DA:461,0
DA:462,0
DA:464,0
DA:471,0
DA:472,0
DA:475,0
DA:477,0
DA:478,0
DA:495,0
DA:496,0
DA:498,0
DA:506,0
DA:507,0
DA:510,0
DA:511,0
DA:516,0
DA:521,0
DA:522,0
DA:529,0
DA:531,0
DA:532,0
DA:558,0
DA:559,0
DA:567,0
DA:568,0
DA:576,0
DA:579,0
DA:584,0
DA:599,0
DA:604,0
DA:605,0
DA:627,0
DA:628,0
DA:630,0
DA:639,0
DA:641,0
DA:657,0
DA:658,0
DA:661,0
DA:668,0
DA:671,0
DA:679,0
DA:680,0
DA:684,0
DA:686,0
DA:688,0
DA:691,0
DA:697,0
DA:700,0
DA:702,0
DA:711,0
DA:712,0
DA:714,0
DA:724,0
DA:725,0
DA:728,0
DA:740,0
DA:741,0
DA:744,0
DA:747,0
DA:748,0
DA:749,0
DA:750,0
DA:753,0
DA:755,0
DA:776,0
DA:795,0
DA:796,0
DA:798,0
DA:811,0
DA:812,0
DA:813,0
DA:816,0
DA:821,0
DA:822,0
DA:835,0
DA:839,0
DA:843,0
DA:853,0
DA:857,0
DA:859,0
DA:860,0
DA:861,0
DA:862,0
DA:863,0
DA:864,0
DA:868,0
DA:869,0
DA:872,0
DA:881,0
DA:882,0
DA:884,0
DA:893,0
DA:895,0
DA:911,0
DA:912,0
DA:914,0
DA:918,0
DA:919,0
DA:922,0
DA:928,0
DA:929,0
DA:932,0
DA:934,0
DA:949,0
DA:950,0
DA:952,0
DA:958,0
DA:959,0
DA:962,0
DA:964,0
DA:965,0
DA:968,0
DA:970,0
DA:971,0
DA:979,0
DA:982,0
DA:983,0
DA:984,0
DA:985,0
DA:986,0
DA:987,0
DA:988,0
DA:989,0
DA:990,0
DA:991,0
DA:992,0
DA:993,0
DA:995,0
DA:1003,0
DA:1004,0
DA:1005,0
DA:1008,0
DA:1013,0
LF:241
LH:0
BRDA:69,0,0,0
BRDA:76,1,0,0
BRDA:76,1,1,0
BRDA:115,2,0,0
BRDA:115,2,1,0
BRDA:148,3,0,0
BRDA:148,3,1,0
BRDA:168,4,0,0
BRDA:168,4,1,0
BRDA:168,5,0,0
BRDA:168,5,1,0
BRDA:177,6,0,0
BRDA:177,6,1,0
BRDA:201,7,0,0
BRDA:201,7,1,0
BRDA:211,8,0,0
BRDA:224,9,0,0
BRDA:224,9,1,0
BRDA:224,10,0,0
BRDA:224,10,1,0
BRDA:249,11,0,0
BRDA:249,11,1,0
BRDA:274,12,0,0
BRDA:274,12,1,0
BRDA:284,13,0,0
BRDA:305,14,0,0
BRDA:305,14,1,0
BRDA:321,15,0,0
BRDA:321,15,1,0
BRDA:333,16,0,0
BRDA:333,16,1,0
BRDA:345,17,0,0
BRDA:361,18,0,0
BRDA:361,18,1,0
BRDA:367,19,0,0
BRDA:367,19,1,0
BRDA:374,20,0,0
BRDA:374,20,1,0
BRDA:381,21,0,0
BRDA:381,21,1,0
BRDA:388,22,0,0
BRDA:388,22,1,0
BRDA:414,23,0,0
BRDA:414,23,1,0
BRDA:420,24,0,0
BRDA:420,24,1,0
BRDA:421,25,0,0
BRDA:421,25,1,0
BRDA:426,26,0,0
BRDA:426,26,1,0
BRDA:432,27,0,0
BRDA:432,27,1,0
BRDA:432,28,0,0
BRDA:432,28,1,0
BRDA:432,28,2,0
BRDA:434,29,0,0
BRDA:434,29,1,0
BRDA:449,30,0,0
BRDA:449,30,1,0
BRDA:471,31,0,0
BRDA:471,31,1,0
BRDA:471,32,0,0
BRDA:471,32,1,0
BRDA:480,33,0,0
BRDA:480,33,1,0
BRDA:506,34,0,0
BRDA:506,34,1,0
BRDA:506,35,0,0
BRDA:506,35,1,0
BRDA:510,36,0,0
BRDA:510,36,1,0
BRDA:516,37,0,0
BRDA:516,37,1,0
BRDA:516,37,2,0
BRDA:516,37,3,0
BRDA:521,38,0,0
BRDA:521,38,1,0
BRDA:567,39,0,0
BRDA:567,39,1,0
BRDA:576,40,0,0
BRDA:576,40,1,0
BRDA:579,41,0,0
BRDA:579,41,1,0
BRDA:579,41,2,0
BRDA:579,41,3,0
BRDA:586,42,0,0
BRDA:586,42,1,0
BRDA:589,43,0,0
BRDA:589,43,1,0
BRDA:590,44,0,0
BRDA:590,44,1,0
BRDA:593,45,0,0
BRDA:593,45,1,0
BRDA:593,46,0,0
BRDA:593,46,1,0
BRDA:607,47,0,0
BRDA:607,47,1,0
BRDA:623,48,0,0
BRDA:655,49,0,0
BRDA:668,50,0,0
BRDA:668,50,1,0
BRDA:679,51,0,0
BRDA:679,51,1,0
BRDA:684,52,0,0
BRDA:684,52,1,0
BRDA:686,53,0,0
BRDA:686,53,1,0
BRDA:724,54,0,0
BRDA:724,54,1,0
BRDA:744,55,0,0
BRDA:744,55,1,0
BRDA:748,56,0,0
BRDA:748,56,1,0
BRDA:749,57,0,0
BRDA:749,57,1,0
BRDA:750,58,0,0
BRDA:750,58,1,0
BRDA:750,59,0,0
BRDA:750,59,1,0
BRDA:811,60,0,0
BRDA:811,60,1,0
BRDA:818,61,0,0
BRDA:818,61,1,0
BRDA:825,62,0,0
BRDA:825,62,1,0
BRDA:844,63,0,0
BRDA:844,63,1,0
BRDA:845,64,0,0
BRDA:845,64,1,0
BRDA:846,65,0,0
BRDA:846,65,1,0
BRDA:847,66,0,0
BRDA:847,66,1,0
BRDA:848,67,0,0
BRDA:848,67,1,0
BRDA:849,68,0,0
BRDA:849,68,1,0
BRDA:859,69,0,0
BRDA:859,69,1,0
BRDA:859,70,0,0
BRDA:859,70,1,0
BRDA:861,71,0,0
BRDA:861,71,1,0
BRDA:863,72,0,0
BRDA:863,72,1,0
BRDA:868,73,0,0
BRDA:868,73,1,0
BRDA:872,74,0,0
BRDA:872,74,1,0
BRDA:918,75,0,0
BRDA:918,75,1,0
BRDA:928,76,0,0
BRDA:928,76,1,0
BRDA:936,77,0,0
BRDA:936,77,1,0
BRDA:958,78,0,0
BRDA:958,78,1,0
BRDA:964,79,0,0
BRDA:964,79,1,0
BRDA:964,80,0,0
BRDA:964,80,1,0
BRDA:979,81,0,0
BRDA:979,81,1,0
BRDA:982,82,0,0
BRDA:982,82,1,0
BRDA:984,83,0,0
BRDA:984,83,1,0
BRDA:984,84,0,0
BRDA:984,84,1,0
BRDA:986,85,0,0
BRDA:986,85,1,0
BRDA:988,86,0,0
BRDA:988,86,1,0
BRDA:990,87,0,0
BRDA:990,87,1,0
BRDA:992,88,0,0
BRDA:992,88,1,0
BRF:177
BRH:0
end_of_record
TN:
SF:lib\services\sso-service.ts
FN:74,(anonymous_4)
FN:85,(anonymous_5)
FN:161,(anonymous_6)
FN:258,(anonymous_7)
FN:283,(anonymous_8)
FN:305,(anonymous_9)
FN:368,(anonymous_10)
FN:434,(anonymous_11)
FN:460,(anonymous_12)
FN:508,(anonymous_13)
FN:531,(anonymous_14)
FN:614,(anonymous_15)
FN:642,(anonymous_16)
FN:647,(anonymous_17)
FN:652,(anonymous_18)
FN:665,(anonymous_19)
FN:675,(anonymous_20)
FN:699,(anonymous_21)
FNF:18
FNH:0
FNDA:0,(anonymous_4)
FNDA:0,(anonymous_5)
FNDA:0,(anonymous_6)
FNDA:0,(anonymous_7)
FNDA:0,(anonymous_8)
FNDA:0,(anonymous_9)
FNDA:0,(anonymous_10)
FNDA:0,(anonymous_11)
FNDA:0,(anonymous_12)
FNDA:0,(anonymous_13)
FNDA:0,(anonymous_14)
FNDA:0,(anonymous_15)
FNDA:0,(anonymous_16)
FNDA:0,(anonymous_17)
FNDA:0,(anonymous_18)
FNDA:0,(anonymous_19)
FNDA:0,(anonymous_20)
FNDA:0,(anonymous_21)
DA:6,0
DA:14,0
DA:73,0
DA:75,0
DA:92,0
DA:93,0
DA:96,0
DA:97,0
DA:98,0
DA:102,0
DA:105,0
DA:114,0
DA:115,0
DA:116,0
DA:117,0
DA:118,0
DA:119,0
DA:120,0
DA:121,0
DA:122,0
DA:123,0
DA:124,0
DA:125,0
DA:126,0
DA:127,0
DA:130,0
DA:136,0
DA:137,0
DA:138,0
DA:142,0
DA:148,0
DA:150,0
DA:151,0
DA:171,0
DA:172,0
DA:175,0
DA:182,0
DA:183,0
DA:186,0
DA:188,0
DA:189,0
DA:192,0
DA:193,0
DA:196,0
DA:198,0
DA:202,0
DA:203,0
DA:207,0
DA:208,0
DA:211,0
DA:212,0
DA:213,0
DA:214,0
DA:215,0
DA:216,0
DA:217,0
DA:222,0
DA:223,0
DA:224,0
DA:225,0
DA:226,0
DA:227,0
DA:228,0
DA:232,0
DA:240,0
DA:241,0
DA:242,0
DA:245,0
DA:247,0
DA:248,0
DA:262,0
DA:263,0
DA:265,0
DA:271,0
DA:272,0
DA:275,0
DA:277,0
DA:278,0
DA:279,0
DA:283,0
DA:288,0
DA:290,0
DA:291,0
DA:310,0
DA:311,0
DA:314,0
DA:322,0
DA:323,0
DA:327,0
DA:328,0
DA:331,0
DA:333,0
DA:345,0
DA:346,0
DA:348,0
DA:351,0
DA:357,0
DA:358,0
DA:373,0
DA:374,0
DA:377,0
DA:385,0
DA:386,0
DA:392,0
DA:393,0
DA:394,0
DA:395,0
DA:397,0
DA:398,0
DA:400,0
DA:401,0
DA:402,0
DA:404,0
DA:405,0
DA:409,0
DA:416,0
DA:422,0
DA:423,0
DA:438,0
DA:451,0
DA:452,0
DA:457,0
DA:464,0
DA:468,0
DA:469,0
DA:471,0
DA:472,0
DA:476,0
DA:482,0
DA:490,0
DA:496,0
DA:497,0
DA:513,0
DA:514,0
DA:516,0
DA:517,0
DA:520,0
DA:528,0
DA:535,0
DA:536,0
DA:537,0
DA:539,0
DA:540,0
DA:543,0
DA:545,0
DA:546,0
DA:549,0
DA:550,0
DA:554,0
DA:569,0
DA:570,0
DA:573,0
DA:578,0
DA:579,0
DA:585,0
DA:586,0
DA:588,0
DA:590,0
DA:594,0
DA:596,0
DA:602,0
DA:603,0
DA:618,0
DA:619,0
DA:620,0
DA:622,0
DA:623,0
DA:625,0
DA:626,0
DA:627,0
DA:629,0
DA:635,0
DA:639,0
DA:644,0
DA:649,0
DA:654,0
DA:655,0
DA:656,0
DA:658,0
DA:659,0
DA:660,0
DA:662,0
DA:666,0
DA:667,0
DA:668,0
DA:670,0
DA:671,0
DA:676,0
DA:678,0
DA:680,0
DA:681,0
DA:683,0
DA:684,0
DA:686,0
DA:687,0
DA:689,0
DA:690,0
DA:692,0
DA:693,0
DA:696,0
DA:705,0
DA:706,0
DA:708,0
DA:717,0
DA:719,0
DA:725,0
LF:206
LH:0
BRDA:97,0,0,0
BRDA:97,0,1,0
BRDA:114,1,0,0
BRDA:114,1,1,0
BRDA:114,2,0,0
BRDA:114,2,1,0
BRDA:119,3,0,0
BRDA:119,3,1,0
BRDA:120,4,0,0
BRDA:120,4,1,0
BRDA:120,5,0,0
BRDA:120,5,1,0
BRDA:120,5,2,0
BRDA:127,6,0,0
BRDA:127,6,1,0
BRDA:136,7,0,0
BRDA:136,7,1,0
BRDA:153,8,0,0
BRDA:153,8,1,0
BRDA:182,9,0,0
BRDA:182,9,1,0
BRDA:182,10,0,0
BRDA:182,10,1,0
BRDA:188,11,0,0
BRDA:188,11,1,0
BRDA:192,12,0,0
BRDA:192,12,1,0
BRDA:196,13,0,0
BRDA:196,13,1,0
BRDA:202,14,0,0
BRDA:202,14,1,0
BRDA:211,15,0,0
BRDA:211,15,1,0
BRDA:211,16,0,0
BRDA:211,16,1,0
BRDA:216,17,0,0
BRDA:216,17,1,0
BRDA:217,18,0,0
BRDA:217,18,1,0
BRDA:218,19,0,0
BRDA:218,19,1,0
BRDA:218,19,2,0
BRDA:228,20,0,0
BRDA:228,20,1,0
BRDA:240,21,0,0
BRDA:240,21,1,0
BRDA:250,22,0,0
BRDA:250,22,1,0
BRDA:260,23,0,0
BRDA:271,24,0,0
BRDA:271,24,1,0
BRDA:277,25,0,0
BRDA:277,25,1,0
BRDA:293,26,0,0
BRDA:293,26,1,0
BRDA:322,27,0,0
BRDA:322,27,1,0
BRDA:322,28,0,0
BRDA:322,28,1,0
BRDA:345,29,0,0
BRDA:345,29,1,0
BRDA:360,30,0,0
BRDA:360,30,1,0
BRDA:385,31,0,0
BRDA:385,31,1,0
BRDA:385,32,0,0
BRDA:385,32,1,0
BRDA:392,33,0,0
BRDA:392,33,1,0
BRDA:394,34,0,0
BRDA:394,34,1,0
BRDA:401,35,0,0
BRDA:401,35,1,0
BRDA:425,36,0,0
BRDA:425,36,1,0
BRDA:471,37,0,0
BRDA:471,37,1,0
BRDA:499,38,0,0
BRDA:499,38,1,0
BRDA:516,39,0,0
BRDA:516,39,1,0
BRDA:524,40,0,0
BRDA:524,40,1,0
BRDA:539,41,0,0
BRDA:539,41,1,0
BRDA:545,42,0,0
BRDA:545,42,1,0
BRDA:549,43,0,0
BRDA:549,43,1,0
BRDA:569,44,0,0
BRDA:569,44,1,0
BRDA:578,45,0,0
BRDA:578,45,1,0
BRDA:585,46,0,0
BRDA:585,46,1,0
BRDA:588,47,0,0
BRDA:588,47,1,0
BRDA:605,48,0,0
BRDA:605,48,1,0
BRDA:618,49,0,0
BRDA:618,49,1,0
BRDA:619,50,0,0
BRDA:619,50,1,0
BRDA:622,51,0,0
BRDA:622,51,1,0
BRDA:622,52,0,0
BRDA:622,52,1,0
BRDA:622,52,2,0
BRDA:625,53,0,0
BRDA:625,53,1,0
BRDA:625,54,0,0
BRDA:625,54,1,0
BRDA:626,55,0,0
BRDA:626,55,1,0
BRDA:629,56,0,0
BRDA:629,56,1,0
BRDA:630,57,0,0
BRDA:630,57,1,0
BRDA:630,57,2,0
BRDA:630,57,3,0
BRDA:655,58,0,0
BRDA:655,58,1,0
BRDA:676,59,0,0
BRDA:676,59,1,0
BRDA:676,60,0,0
BRDA:676,60,1,0
BRDA:680,61,0,0
BRDA:680,61,1,0
BRDA:681,62,0,0
BRDA:681,62,1,0
BRDA:683,63,0,0
BRDA:683,63,1,0
BRDA:684,64,0,0
BRDA:684,64,1,0
BRDA:686,65,0,0
BRDA:686,65,1,0
BRDA:687,66,0,0
BRDA:687,66,1,0
BRDA:689,67,0,0
BRDA:689,67,1,0
BRDA:690,68,0,0
BRDA:690,68,1,0
BRDA:692,69,0,0
BRDA:692,69,1,0
BRDA:693,70,0,0
BRDA:693,70,1,0
BRDA:693,70,2,0
BRF:147
BRH:0
end_of_record
TN:
SF:lib\supabase\client.ts
FN:4,(anonymous_3)
FN:6,(anonymous_4)
FN:7,(anonymous_5)
FN:8,(anonymous_6)
FN:10,(anonymous_7)
FN:12,(anonymous_8)
FN:14,(anonymous_9)
FN:15,(anonymous_10)
FN:17,(anonymous_11)
FN:19,(anonymous_12)
FN:21,(anonymous_13)
FN:22,(anonymous_14)
FN:26,(anonymous_15)
FN:27,(anonymous_16)
FN:28,(anonymous_17)
FN:29,(anonymous_18)
FN:35,(anonymous_19)
FN:36,(anonymous_20)
FN:38,(anonymous_21)
FN:40,(anonymous_22)
FN:42,(anonymous_23)
FN:46,(anonymous_24)
FN:47,(anonymous_25)
FN:49,(anonymous_26)
FN:51,(anonymous_27)
FN:57,createClient
FN:77,(anonymous_29)
FNF:27
FNH:0
FNDA:0,(anonymous_3)
FNDA:0,(anonymous_4)
FNDA:0,(anonymous_5)
FNDA:0,(anonymous_6)
FNDA:0,(anonymous_7)
FNDA:0,(anonymous_8)
FNDA:0,(anonymous_9)
FNDA:0,(anonymous_10)
FNDA:0,(anonymous_11)
FNDA:0,(anonymous_12)
FNDA:0,(anonymous_13)
FNDA:0,(anonymous_14)
FNDA:0,(anonymous_15)
FNDA:0,(anonymous_16)
FNDA:0,(anonymous_17)
FNDA:0,(anonymous_18)
FNDA:0,(anonymous_19)
FNDA:0,(anonymous_20)
FNDA:0,(anonymous_21)
FNDA:0,(anonymous_22)
FNDA:0,(anonymous_23)
FNDA:0,(anonymous_24)
FNDA:0,(anonymous_25)
FNDA:0,(anonymous_26)
FNDA:0,(anonymous_27)
FNDA:0,createClient
FNDA:0,(anonymous_29)
DA:1,0
DA:4,0
DA:6,0
DA:7,0
DA:9,0
DA:11,0
DA:13,0
DA:14,0
DA:16,0
DA:18,0
DA:20,0
DA:21,0
DA:26,0
DA:27,0
DA:28,0
DA:30,0
DA:35,0
DA:36,0
DA:39,0
DA:41,0
DA:43,0
DA:46,0
DA:48,0
DA:50,0
DA:52,0
DA:57,0
DA:59,0
DA:60,0
DA:61,0
DA:64,0
DA:66,0
DA:67,0
DA:68,0
DA:70,0
DA:71,0
DA:72,0
DA:77,0
DA:78,0
DA:79,0
DA:80,0
DA:82,0
DA:83,0
DA:84,0
DA:87,0
DA:88,0
DA:90,0
DA:91,0
LF:47
LH:0
BRDA:59,0,0,0
BRDA:59,0,1,0
BRDA:82,1,0,0
BRDA:82,1,1,0
BRDA:91,2,0,0
BRDA:91,2,1,0
BRF:6
BRH:0
end_of_record
TN:
SF:lib\supabase\config.ts
FN:19,getSupabaseUrl
FN:24,getSupabaseAnonKey
FN:29,getStorageUrl
FN:34,getRedirectUrl
FN:40,getAuthRedirectUrl
FNF:5
FNH:0
FNDA:0,getSupabaseUrl
FNDA:0,getSupabaseAnonKey
FNDA:0,getStorageUrl
FNDA:0,getRedirectUrl
FNDA:0,getAuthRedirectUrl
DA:2,0
DA:19,0
DA:20,0
DA:24,0
DA:25,0
DA:29,0
DA:30,0
DA:34,0
DA:35,0
DA:36,0
DA:40,0
DA:41,0
DA:42,0
LF:13
LH:0
BRDA:20,0,0,0
BRDA:20,0,1,0
BRDA:25,1,0,0
BRDA:25,1,1,0
BRDA:34,2,0,0
BRDA:35,3,0,0
BRDA:35,3,1,0
BRDA:36,4,0,0
BRDA:36,4,1,0
BRDA:40,5,0,0
BRDA:41,6,0,0
BRDA:41,6,1,0
BRF:12
BRH:0
end_of_record
TN:
SF:lib\supabase\middleware.ts
FN:4,updateSession
FN:19,(anonymous_2)
FN:22,(anonymous_3)
FN:23,(anonymous_4)
FN:27,(anonymous_5)
FNF:5
FNH:0
FNDA:0,updateSession
FNDA:0,(anonymous_2)
FNDA:0,(anonymous_3)
FNDA:0,(anonymous_4)
FNDA:0,(anonymous_5)
DA:1,0
DA:2,0
DA:4,0
DA:5,0
DA:6,0
DA:8,0
DA:9,0
DA:10,0
DA:13,0
DA:17,0
DA:20,0
DA:23,0
DA:24,0
DA:27,0
DA:28,0
DA:40,0
DA:44,0
DA:50,0
DA:52,0
DA:53,0
DA:54,0
DA:68,0
LF:22
LH:0
BRDA:8,0,0,0
BRDA:8,0,1,0
BRDA:8,1,0,0
BRDA:8,1,1,0
BRDA:44,2,0,0
BRDA:44,2,1,0
BRDA:44,2,2,0
BRDA:50,3,0,0
BRDA:50,3,1,0
BRDA:50,4,0,0
BRDA:50,4,1,0
BRDA:50,4,2,0
BRF:12
BRH:0
end_of_record
TN:
SF:lib\supabase\server.ts
FN:5,createClient
FN:11,(anonymous_2)
FN:14,(anonymous_3)
FN:16,(anonymous_4)
FNF:4
FNH:0
FNDA:0,createClient
FNDA:0,(anonymous_2)
FNDA:0,(anonymous_3)
FNDA:0,(anonymous_4)
DA:1,0
DA:2,0
DA:3,0
DA:5,0
DA:6,0
DA:7,0
DA:9,0
DA:12,0
DA:15,0
DA:16,0
DA:17,0
DA:28,0
DA:29,0
LF:13
LH:0
BRF:0
BRH:0
end_of_record
TN:
SF:lib\supabase\singleton.ts
FN:11,getSupabaseClientSingleton
FN:52,resetSupabaseClientSingleton
FNF:2
FNH:0
FNDA:0,getSupabaseClientSingleton
FNDA:0,resetSupabaseClientSingleton
DA:1,0
DA:2,0
DA:5,0
DA:11,0
DA:13,0
DA:14,0
DA:18,0
DA:19,0
DA:23,0
DA:24,0
DA:27,0
DA:28,0
DA:32,0
DA:33,0
DA:34,0
DA:41,0
DA:42,0
DA:44,0
DA:45,0
DA:52,0
DA:53,0
LF:21
LH:0
BRDA:13,0,0,0
BRDA:13,0,1,0
BRDA:18,1,0,0
BRDA:18,1,1,0
BRDA:23,2,0,0
BRDA:23,2,1,0
BRDA:23,3,0,0
BRDA:23,3,1,0
BRDA:27,4,0,0
BRDA:27,4,1,0
BRDA:27,5,0,0
BRDA:27,5,1,0
BRF:12
BRH:0
end_of_record
TN:
SF:lib\types\rbac.ts
FNF:0
FNH:0
DA:645,0
DA:651,0
LF:2
LH:0
BRF:0
BRH:0
end_of_record
TN:
SF:lib\utils\data-permission-filters.ts
FN:33,(anonymous_6)
FN:42,(anonymous_7)
FN:57,(anonymous_8)
FN:102,(anonymous_9)
FN:132,(anonymous_10)
FN:142,(anonymous_11)
FN:157,(anonymous_12)
FN:204,(anonymous_13)
FN:232,(anonymous_14)
FN:241,(anonymous_15)
FN:295,(anonymous_16)
FN:323,(anonymous_17)
FN:330,(anonymous_18)
FN:340,(anonymous_19)
FN:376,(anonymous_20)
FN:383,(anonymous_21)
FN:391,(anonymous_22)
FN:427,(anonymous_23)
FN:431,(anonymous_24)
FN:453,(anonymous_25)
FN:526,filterAssetsByPermissions
FN:542,filterUsersByPermissions
FN:553,buildPermissionFilteredQuery
FNF:23
FNH:10
FNDA:3,(anonymous_6)
FNDA:2,(anonymous_7)
FNDA:2,(anonymous_8)
FNDA:3,(anonymous_9)
FNDA:1,(anonymous_10)
FNDA:1,(anonymous_11)
FNDA:1,(anonymous_12)
FNDA:3,(anonymous_13)
FNDA:0,(anonymous_14)
FNDA:0,(anonymous_15)
FNDA:0,(anonymous_16)
FNDA:0,(anonymous_17)
FNDA:0,(anonymous_18)
FNDA:0,(anonymous_19)
FNDA:0,(anonymous_20)
FNDA:0,(anonymous_21)
FNDA:0,(anonymous_22)
FNDA:1,(anonymous_23)
FNDA:0,(anonymous_24)
FNDA:0,(anonymous_25)
FNDA:1,filterAssetsByPermissions
FNDA:0,filterUsersByPermissions
FNDA:0,buildPermissionFilteredQuery
DA:6,1
DA:7,1
DA:26,4
DA:27,5
DA:36,3
DA:41,3
DA:42,2
DA:45,3
DA:46,1
DA:56,2
DA:57,2
DA:60,2
DA:61,1
DA:71,1
DA:72,1
DA:74,1
DA:75,3
DA:77,3
DA:78,3
DA:79,2
DA:80,2
DA:84,3
DA:85,2
DA:89,1
DA:90,1
DA:93,1
DA:106,3
DA:109,0
DA:112,0
DA:114,0
DA:115,0
DA:117,0
DA:121,3
DA:124,0
DA:136,1
DA:141,1
DA:142,1
DA:145,1
DA:146,0
DA:156,1
DA:157,1
DA:160,1
DA:161,0
DA:171,1
DA:172,1
DA:174,1
DA:176,1
DA:177,3
DA:179,3
DA:180,3
DA:181,2
DA:182,2
DA:186,3
DA:187,2
DA:191,1
DA:192,1
DA:195,1
DA:210,3
DA:213,0
DA:217,3
DA:221,0
DA:224,0
DA:235,0
DA:240,0
DA:241,0
DA:244,0
DA:245,0
DA:254,0
DA:255,0
DA:257,0
DA:259,0
DA:260,0
DA:263,0
DA:264,0
DA:267,0
DA:268,0
DA:271,0
DA:272,0
DA:277,0
DA:278,0
DA:282,0
DA:283,0
DA:286,0
DA:303,0
DA:306,0
DA:309,0
DA:312,0
DA:315,0
DA:324,0
DA:329,0
DA:330,0
DA:333,0
DA:335,0
DA:339,0
DA:340,0
DA:343,0
DA:345,0
DA:349,0
DA:351,0
DA:352,0
DA:354,0
DA:355,0
DA:356,0
DA:358,0
DA:362,0
DA:363,0
DA:364,0
DA:368,0
DA:370,0
DA:373,0
DA:377,0
DA:382,0
DA:383,0
DA:386,0
DA:387,0
DA:390,0
DA:391,0
DA:394,0
DA:395,0
DA:398,0
DA:400,0
DA:401,0
DA:403,0
DA:404,0
DA:405,0
DA:407,0
DA:411,0
DA:412,0
DA:416,0
DA:417,0
DA:420,0
DA:428,1
DA:432,0
DA:433,0
DA:434,0
DA:442,0
DA:444,0
DA:445,0
DA:466,0
DA:468,0
DA:471,0
DA:473,0
DA:478,0
DA:481,0
DA:486,0
DA:489,0
DA:494,0
DA:497,0
DA:506,0
DA:512,0
DA:520,1
DA:526,1
DA:534,1
DA:542,0
DA:545,0
DA:553,0
DA:560,0
DA:562,0
DA:564,0
DA:566,0
DA:568,0
LF:161
LH:55
BRDA:42,0,0,2
BRDA:42,0,1,2
BRDA:45,1,0,1
BRDA:45,1,1,2
BRDA:57,2,0,2
BRDA:57,2,1,2
BRDA:60,3,0,1
BRDA:60,3,1,1
BRDA:60,4,0,2
BRDA:60,4,1,1
BRDA:78,5,0,2
BRDA:78,5,1,1
BRDA:84,6,0,2
BRDA:84,6,1,1
BRDA:89,7,0,1
BRDA:89,7,1,0
BRDA:106,8,0,0
BRDA:106,8,1,0
BRDA:106,8,2,0
BRDA:106,8,3,3
BRDA:106,8,4,0
BRDA:112,9,0,0
BRDA:112,9,1,0
BRDA:121,10,0,3
BRDA:121,10,1,2
BRDA:142,11,0,1
BRDA:142,11,1,1
BRDA:145,12,0,0
BRDA:145,12,1,1
BRDA:157,13,0,1
BRDA:157,13,1,1
BRDA:160,14,0,0
BRDA:160,14,1,1
BRDA:160,15,0,1
BRDA:160,15,1,0
BRDA:180,16,0,2
BRDA:180,16,1,1
BRDA:180,17,0,3
BRDA:180,17,1,0
BRDA:186,18,0,2
BRDA:186,18,1,1
BRDA:191,19,0,1
BRDA:191,19,1,0
BRDA:210,20,0,0
BRDA:210,20,1,0
BRDA:210,20,2,3
BRDA:210,20,3,0
BRDA:210,20,4,0
BRDA:241,21,0,0
BRDA:241,21,1,0
BRDA:244,22,0,0
BRDA:244,22,1,0
BRDA:263,23,0,0
BRDA:263,23,1,0
BRDA:268,24,0,0
BRDA:268,24,1,0
BRDA:269,25,0,0
BRDA:269,25,1,0
BRDA:277,26,0,0
BRDA:277,26,1,0
BRDA:282,27,0,0
BRDA:282,27,1,0
BRDA:303,28,0,0
BRDA:303,28,1,0
BRDA:303,28,2,0
BRDA:303,28,3,0
BRDA:303,28,4,0
BRDA:330,29,0,0
BRDA:330,29,1,0
BRDA:333,30,0,0
BRDA:333,30,1,0
BRDA:340,31,0,0
BRDA:340,31,1,0
BRDA:343,32,0,0
BRDA:343,32,1,0
BRDA:343,33,0,0
BRDA:343,33,1,0
BRDA:352,34,0,0
BRDA:352,34,1,0
BRDA:355,35,0,0
BRDA:355,35,1,0
BRDA:368,36,0,0
BRDA:368,36,1,0
BRDA:383,37,0,0
BRDA:383,37,1,0
BRDA:386,38,0,0
BRDA:386,38,1,0
BRDA:391,39,0,0
BRDA:391,39,1,0
BRDA:394,40,0,0
BRDA:394,40,1,0
BRDA:394,41,0,0
BRDA:394,41,1,0
BRDA:401,42,0,0
BRDA:401,42,1,0
BRDA:404,43,0,0
BRDA:404,43,1,0
BRDA:416,44,0,0
BRDA:416,44,1,0
BRDA:428,45,0,1
BRDA:428,45,1,1
BRDA:442,46,0,0
BRDA:442,46,1,0
BRDA:471,47,0,0
BRDA:471,47,1,0
BRDA:471,47,2,0
BRDA:471,47,3,0
BRDA:532,48,0,0
BRDA:544,49,0,0
BRDA:562,50,0,0
BRDA:562,50,1,0
BRDA:562,50,2,0
BRF:112
BRH:34
end_of_record
TN:
SF:lib\utils\permission-cache.ts
FN:29,(anonymous_4)
FN:40,(anonymous_5)
FN:56,(anonymous_6)
FN:73,(anonymous_7)
FN:85,(anonymous_8)
FN:113,(anonymous_9)
FN:140,(anonymous_10)
FN:149,(anonymous_11)
FN:174,(anonymous_12)
FN:202,(anonymous_13)
FN:207,(anonymous_14)
FN:223,(anonymous_15)
FN:240,(anonymous_16)
FN:249,(anonymous_17)
FN:307,(anonymous_18)
FN:311,(anonymous_19)
FN:322,(anonymous_20)
FN:325,(anonymous_21)
FN:332,(anonymous_22)
FN:363,(anonymous_23)
FN:373,(anonymous_24)
FN:386,hashContext
FN:394,(anonymous_26)
FN:420,(anonymous_27)
FNF:24
FNH:15
FNDA:3,(anonymous_4)
FNDA:7,(anonymous_5)
FNDA:5,(anonymous_6)
FNDA:1,(anonymous_7)
FNDA:5,(anonymous_8)
FNDA:5,(anonymous_9)
FNDA:2,(anonymous_10)
FNDA:0,(anonymous_11)
FNDA:0,(anonymous_12)
FNDA:1,(anonymous_13)
FNDA:0,(anonymous_14)
FNDA:0,(anonymous_15)
FNDA:10,(anonymous_16)
FNDA:1,(anonymous_17)
FNDA:25,(anonymous_18)
FNDA:10,(anonymous_19)
FNDA:3,(anonymous_20)
FNDA:0,(anonymous_21)
FNDA:0,(anonymous_22)
FNDA:2,(anonymous_23)
FNDA:0,(anonymous_24)
FNDA:2,hashContext
FNDA:0,(anonymous_26)
FNDA:0,(anonymous_27)
DA:22,0
DA:23,3
DA:24,3
DA:25,3
DA:26,3
DA:27,3
DA:30,3
DA:31,0
DA:33,3
DA:41,7
DA:42,7
DA:44,7
DA:45,2
DA:48,5
DA:49,1
DA:50,1
DA:53,4
DA:62,5
DA:63,5
DA:64,5
DA:66,5
DA:74,1
DA:75,1
DA:78,1
DA:92,5
DA:93,5
DA:95,5
DA:96,5
DA:97,2
DA:100,3
DA:101,3
DA:102,1
DA:105,2
DA:106,0
DA:107,0
DA:110,2
DA:122,5
DA:123,5
DA:125,5
DA:126,4
DA:129,5
DA:130,5
DA:131,5
DA:133,5
DA:141,2
DA:142,2
DA:158,0
DA:160,0
DA:161,0
DA:168,0
DA:171,0
DA:185,0
DA:186,0
DA:203,1
DA:204,1
DA:209,0
DA:211,0
DA:212,0
DA:213,0
DA:217,0
DA:218,0
DA:219,0
DA:225,0
DA:226,0
DA:228,0
DA:229,0
DA:230,0
DA:234,0
DA:235,0
DA:241,10
DA:242,10
DA:265,1
DA:266,1
DA:267,1
DA:268,1
DA:271,1
DA:272,1
DA:273,0
DA:278,1
DA:279,1
DA:280,1
DA:281,1
DA:282,0
DA:287,1
DA:308,25
DA:316,10
DA:317,10
DA:318,10
DA:319,10
DA:324,3
DA:326,0
DA:333,0
DA:336,0
DA:337,0
DA:338,0
DA:343,0
DA:344,0
DA:346,0
DA:347,0
DA:348,0
DA:352,0
DA:353,0
DA:357,0
DA:358,0
DA:365,2
DA:366,2
DA:367,2
DA:368,2
DA:370,2
DA:374,0
DA:375,0
DA:376,0
DA:378,0
DA:386,2
DA:387,2
DA:388,2
DA:392,0
DA:393,0
DA:395,0
DA:396,0
DA:402,0
DA:403,0
DA:404,0
DA:405,0
DA:406,0
DA:407,0
DA:409,0
DA:416,34
DA:419,3
DA:420,3
DA:421,0
LF:131
LH:74
BRDA:30,0,0,0
BRDA:30,0,1,3
BRDA:44,1,0,2
BRDA:44,1,1,5
BRDA:48,2,0,1
BRDA:48,2,1,4
BRDA:64,3,0,5
BRDA:64,3,1,4
BRDA:96,4,0,2
BRDA:96,4,1,3
BRDA:101,5,0,1
BRDA:101,5,1,2
BRDA:105,6,0,0
BRDA:105,6,1,2
BRDA:125,7,0,4
BRDA:125,7,1,1
BRDA:131,8,0,5
BRDA:131,8,1,5
BRDA:212,9,0,0
BRDA:212,9,1,0
BRDA:229,10,0,0
BRDA:229,10,1,0
BRDA:272,11,0,0
BRDA:272,11,1,1
BRDA:281,12,0,0
BRDA:281,12,1,1
BRDA:317,13,0,0
BRDA:317,13,1,10
BRDA:318,14,0,0
BRDA:318,14,1,10
BRDA:337,15,0,0
BRDA:337,15,1,0
BRDA:347,16,0,0
BRDA:347,16,1,0
BRDA:357,17,0,0
BRDA:357,17,1,0
BRDA:374,18,0,0
BRDA:374,18,1,0
BRDA:387,19,0,2
BRDA:387,19,1,0
BRDA:387,20,0,2
BRDA:387,20,1,0
BRDA:419,21,0,3
BRDA:419,21,1,0
BRF:44
BRH:23
end_of_record
